{"/Users/dawsonvaldes/zotero-plugin-repos/zotero-moment-o7/src/RobustLinkCreator.ts": {"path":"/Users/dawsonvaldes/zotero-plugin-repos/zotero-moment-o7/src/RobustLinkCreator.ts","statementMap":{"0":{"start":{"line":1,"column":0},"end":{"line":1,"column":70}},"1":{"start":{"line":11,"column":45},"end":{"line":24,"column":4}},"2":{"start":{"line":35,"column":8},"end":{"line":35,"column":12}},"3":{"start":{"line":38,"column":28},"end":{"line":38,"column":67}},"4":{"start":{"line":41,"column":32},"end":{"line":46,"column":38}},"5":{"start":{"line":42,"column":29},"end":{"line":42,"column":62}},"6":{"start":{"line":44,"column":8},"end":{"line":44,"column":27}},"7":{"start":{"line":45,"column":8},"end":{"line":45,"column":19}},"8":{"start":{"line":48,"column":4},"end":{"line":51,"column":5}},"9":{"start":{"line":50,"column":6},"end":{"line":50,"column":87}},"10":{"start":{"line":54,"column":30},"end":{"line":54,"column":76}},"11":{"start":{"line":57,"column":25},"end":{"line":57,"column":69}},"12":{"start":{"line":60,"column":17},"end":{"line":65,"column":47}},"13":{"start":{"line":67,"column":4},"end":{"line":67,"column":23}},"14":{"start":{"line":78,"column":24},"end":{"line":78,"column":48}},"15":{"start":{"line":80,"column":4},"end":{"line":87,"column":61}},"16":{"start":{"line":94,"column":4},"end":{"line":142,"column":5}},"17":{"start":{"line":95,"column":21},"end":{"line":95,"column":36}},"18":{"start":{"line":96,"column":18},"end":{"line":96,"column":59}},"19":{"start":{"line":97,"column":19},"end":{"line":97,"column":59}},"20":{"start":{"line":99,"column":6},"end":{"line":101,"column":7}},"21":{"start":{"line":100,"column":8},"end":{"line":100,"column":20}},"22":{"start":{"line":103,"column":26},"end":{"line":103,"column":69}},"23":{"start":{"line":104,"column":25},"end":{"line":104,"column":67}},"24":{"start":{"line":105,"column":26},"end":{"line":105,"column":69}},"25":{"start":{"line":106,"column":20},"end":{"line":106,"column":51}},"26":{"start":{"line":109,"column":50},"end":{"line":109,"column":52}},"27":{"start":{"line":110,"column":27},"end":{"line":110,"column":74}},"28":{"start":{"line":112,"column":6},"end":{"line":123,"column":9}},"29":{"start":{"line":113,"column":21},"end":{"line":113,"column":53}},"30":{"start":{"line":114,"column":21},"end":{"line":114,"column":50}},"31":{"start":{"line":116,"column":8},"end":{"line":122,"column":9}},"32":{"start":{"line":118,"column":26},"end":{"line":118,"column":56}},"33":{"start":{"line":119,"column":10},"end":{"line":121,"column":11}},"34":{"start":{"line":120,"column":12},"end":{"line":120,"column":40}},"35":{"start":{"line":126,"column":6},"end":{"line":131,"column":7}},"36":{"start":{"line":127,"column":24},"end":{"line":127,"column":58}},"37":{"start":{"line":128,"column":8},"end":{"line":130,"column":9}},"38":{"start":{"line":129,"column":10},"end":{"line":129,"column":44}},"39":{"start":{"line":133,"column":6},"end":{"line":138,"column":8}},"40":{"start":{"line":140,"column":6},"end":{"line":140,"column":59}},"41":{"start":{"line":141,"column":6},"end":{"line":141,"column":18}},"42":{"start":{"line":146,"column":26},"end":{"line":146,"column":63}},"43":{"start":{"line":149,"column":4},"end":{"line":153,"column":5}},"44":{"start":{"line":150,"column":6},"end":{"line":152,"column":7}},"45":{"start":{"line":151,"column":8},"end":{"line":151,"column":36}},"46":{"start":{"line":156,"column":21},"end":{"line":156,"column":50}},"47":{"start":{"line":157,"column":4},"end":{"line":157,"column":26}},"48":{"start":{"line":161,"column":49},"end":{"line":167,"column":6}},"49":{"start":{"line":169,"column":4},"end":{"line":174,"column":18}},"50":{"start":{"line":171,"column":21},"end":{"line":171,"column":53}},"51":{"start":{"line":172,"column":8},"end":{"line":172,"column":116}},"52":{"start":{"line":178,"column":47},"end":{"line":195,"column":6}},"53":{"start":{"line":197,"column":4},"end":{"line":203,"column":5}},"54":{"start":{"line":198,"column":6},"end":{"line":202,"column":7}},"55":{"start":{"line":199,"column":8},"end":{"line":201,"column":9}},"56":{"start":{"line":200,"column":10},"end":{"line":200,"column":25}},"57":{"start":{"line":205,"column":4},"end":{"line":205,"column":16}},"58":{"start":{"line":209,"column":16},"end":{"line":209,"column":45}},"59":{"start":{"line":210,"column":4},"end":{"line":210,"column":27}},"60":{"start":{"line":211,"column":4},"end":{"line":211,"column":25}},"61":{"start":{"line":10,"column":0},"end":{"line":10,"column":13}}},"fnMap":{"0":{"name":"(anonymous_0)","decl":{"start":{"line":29,"column":2},"end":{"line":29,"column":8}},"loc":{"start":{"line":29,"column":36},"end":{"line":68,"column":3}}},"1":{"name":"(anonymous_1)","decl":{"start":{"line":42,"column":14},"end":{"line":42,"column":15}},"loc":{"start":{"line":42,"column":29},"end":{"line":42,"column":62}}},"2":{"name":"(anonymous_2)","decl":{"start":{"line":43,"column":14},"end":{"line":43,"column":15}},"loc":{"start":{"line":43,"column":38},"end":{"line":46,"column":7}}},"3":{"name":"(anonymous_3)","decl":{"start":{"line":73,"column":2},"end":{"line":73,"column":8}},"loc":{"start":{"line":76,"column":31},"end":{"line":88,"column":3}}},"4":{"name":"(anonymous_4)","decl":{"start":{"line":93,"column":2},"end":{"line":93,"column":8}},"loc":{"start":{"line":93,"column":27},"end":{"line":143,"column":3}}},"5":{"name":"(anonymous_5)","decl":{"start":{"line":112,"column":27},"end":{"line":112,"column":38}},"loc":{"start":{"line":112,"column":41},"end":{"line":123,"column":7}}},"6":{"name":"(anonymous_6)","decl":{"start":{"line":145,"column":10},"end":{"line":145,"column":16}},"loc":{"start":{"line":145,"column":73},"end":{"line":158,"column":3}}},"7":{"name":"(anonymous_7)","decl":{"start":{"line":160,"column":10},"end":{"line":160,"column":16}},"loc":{"start":{"line":160,"column":71},"end":{"line":175,"column":3}}},"8":{"name":"(anonymous_8)","decl":{"start":{"line":170,"column":11},"end":{"line":170,"column":12}},"loc":{"start":{"line":170,"column":30},"end":{"line":173,"column":7}}},"9":{"name":"(anonymous_9)","decl":{"start":{"line":177,"column":10},"end":{"line":177,"column":16}},"loc":{"start":{"line":177,"column":56},"end":{"line":206,"column":3}}},"10":{"name":"(anonymous_10)","decl":{"start":{"line":208,"column":10},"end":{"line":208,"column":16}},"loc":{"start":{"line":208,"column":40},"end":{"line":212,"column":3}}}},"branchMap":{"0":{"loc":{"start":{"line":33,"column":6},"end":{"line":33,"column":44}},"type":"default-arg","locations":[{"start":{"line":33,"column":20},"end":{"line":33,"column":44}}]},"1":{"loc":{"start":{"line":34,"column":6},"end":{"line":34,"column":25}},"type":"default-arg","locations":[{"start":{"line":34,"column":14},"end":{"line":34,"column":25}}]},"2":{"loc":{"start":{"line":48,"column":4},"end":{"line":51,"column":5}},"type":"if","locations":[{"start":{"line":48,"column":4},"end":{"line":51,"column":5}}]},"3":{"loc":{"start":{"line":76,"column":4},"end":{"line":76,"column":31}},"type":"default-arg","locations":[{"start":{"line":76,"column":22},"end":{"line":76,"column":31}}]},"4":{"loc":{"start":{"line":99,"column":6},"end":{"line":101,"column":7}},"type":"if","locations":[{"start":{"line":99,"column":6},"end":{"line":101,"column":7}}]},"5":{"loc":{"start":{"line":103,"column":26},"end":{"line":103,"column":69}},"type":"binary-expr","locations":[{"start":{"line":103,"column":26},"end":{"line":103,"column":63}},{"start":{"line":103,"column":67},"end":{"line":103,"column":69}}]},"6":{"loc":{"start":{"line":104,"column":25},"end":{"line":104,"column":67}},"type":"binary-expr","locations":[{"start":{"line":104,"column":25},"end":{"line":104,"column":61}},{"start":{"line":104,"column":65},"end":{"line":104,"column":67}}]},"7":{"loc":{"start":{"line":105,"column":26},"end":{"line":105,"column":69}},"type":"binary-expr","locations":[{"start":{"line":105,"column":26},"end":{"line":105,"column":63}},{"start":{"line":105,"column":67},"end":{"line":105,"column":69}}]},"8":{"loc":{"start":{"line":106,"column":20},"end":{"line":106,"column":51}},"type":"binary-expr","locations":[{"start":{"line":106,"column":20},"end":{"line":106,"column":36}},{"start":{"line":106,"column":40},"end":{"line":106,"column":51}}]},"9":{"loc":{"start":{"line":114,"column":21},"end":{"line":114,"column":50}},"type":"binary-expr","locations":[{"start":{"line":114,"column":21},"end":{"line":114,"column":44}},{"start":{"line":114,"column":48},"end":{"line":114,"column":50}}]},"10":{"loc":{"start":{"line":116,"column":8},"end":{"line":122,"column":9}},"type":"if","locations":[{"start":{"line":116,"column":8},"end":{"line":122,"column":9}}]},"11":{"loc":{"start":{"line":116,"column":12},"end":{"line":116,"column":24}},"type":"binary-expr","locations":[{"start":{"line":116,"column":12},"end":{"line":116,"column":16}},{"start":{"line":116,"column":20},"end":{"line":116,"column":24}}]},"12":{"loc":{"start":{"line":119,"column":10},"end":{"line":121,"column":11}},"type":"if","locations":[{"start":{"line":119,"column":10},"end":{"line":121,"column":11}}]},"13":{"loc":{"start":{"line":126,"column":6},"end":{"line":131,"column":7}},"type":"if","locations":[{"start":{"line":126,"column":6},"end":{"line":131,"column":7}}]},"14":{"loc":{"start":{"line":126,"column":10},"end":{"line":126,"column":61}},"type":"binary-expr","locations":[{"start":{"line":126,"column":10},"end":{"line":126,"column":20}},{"start":{"line":126,"column":24},"end":{"line":126,"column":61}}]},"15":{"loc":{"start":{"line":128,"column":8},"end":{"line":130,"column":9}},"type":"if","locations":[{"start":{"line":128,"column":8},"end":{"line":130,"column":9}}]},"16":{"loc":{"start":{"line":150,"column":6},"end":{"line":152,"column":7}},"type":"if","locations":[{"start":{"line":150,"column":6},"end":{"line":152,"column":7}}]},"17":{"loc":{"start":{"line":157,"column":11},"end":{"line":157,"column":25}},"type":"binary-expr","locations":[{"start":{"line":157,"column":11},"end":{"line":157,"column":19}},{"start":{"line":157,"column":23},"end":{"line":157,"column":25}}]},"18":{"loc":{"start":{"line":171,"column":21},"end":{"line":171,"column":53}},"type":"binary-expr","locations":[{"start":{"line":171,"column":21},"end":{"line":171,"column":42}},{"start":{"line":171,"column":46},"end":{"line":171,"column":53}}]},"19":{"loc":{"start":{"line":199,"column":8},"end":{"line":201,"column":9}},"type":"if","locations":[{"start":{"line":199,"column":8},"end":{"line":201,"column":9}}]},"20":{"loc":{"start":{"line":199,"column":12},"end":{"line":199,"column":51}},"type":"binary-expr","locations":[{"start":{"line":199,"column":12},"end":{"line":199,"column":29}},{"start":{"line":199,"column":33},"end":{"line":199,"column":51}}]}},"s":{"0":0,"1":0,"2":0,"3":0,"4":0,"5":0,"6":0,"7":0,"8":0,"9":0,"10":0,"11":0,"12":0,"13":0,"14":0,"15":0,"16":0,"17":0,"18":0,"19":0,"20":0,"21":0,"22":0,"23":0,"24":0,"25":0,"26":0,"27":0,"28":0,"29":0,"30":0,"31":0,"32":0,"33":0,"34":0,"35":0,"36":0,"37":0,"38":0,"39":0,"40":0,"41":0,"42":0,"43":0,"44":0,"45":0,"46":0,"47":0,"48":0,"49":0,"50":0,"51":0,"52":0,"53":0,"54":0,"55":0,"56":0,"57":0,"58":0,"59":0,"60":0,"61":0},"f":{"0":0,"1":0,"2":0,"3":0,"4":0,"5":0,"6":0,"7":0,"8":0,"9":0,"10":0},"b":{"0":[0],"1":[0],"2":[0],"3":[0],"4":[0],"5":[0,0],"6":[0,0],"7":[0,0],"8":[0,0],"9":[0,0],"10":[0],"11":[0,0],"12":[0],"13":[0],"14":[0,0],"15":[0],"16":[0],"17":[0,0],"18":[0,0],"19":[0],"20":[0,0]}}
,"/Users/dawsonvaldes/zotero-plugin-repos/zotero-moment-o7/src/Signpost.ts": {"path":"/Users/dawsonvaldes/zotero-plugin-repos/zotero-moment-o7/src/Signpost.ts","statementMap":{"0":{"start":{"line":21,"column":42},"end":{"line":21,"column":104}},"1":{"start":{"line":27,"column":34},"end":{"line":27,"column":36}},"2":{"start":{"line":29,"column":4},"end":{"line":61,"column":5}},"3":{"start":{"line":31,"column":23},"end":{"line":33,"column":8}},"4":{"start":{"line":35,"column":6},"end":{"line":37,"column":7}},"5":{"start":{"line":36,"column":8},"end":{"line":36,"column":23}},"6":{"start":{"line":40,"column":25},"end":{"line":42,"column":55}},"7":{"start":{"line":42,"column":19},"end":{"line":42,"column":54}},"8":{"start":{"line":44,"column":6},"end":{"line":47,"column":7}},"9":{"start":{"line":45,"column":32},"end":{"line":45,"column":70}},"10":{"start":{"line":46,"column":8},"end":{"line":46,"column":41}},"11":{"start":{"line":50,"column":26},"end":{"line":50,"column":69}},"12":{"start":{"line":53,"column":6},"end":{"line":57,"column":7}},"13":{"start":{"line":54,"column":8},"end":{"line":56,"column":9}},"14":{"start":{"line":54,"column":31},"end":{"line":54,"column":59}},"15":{"start":{"line":55,"column":10},"end":{"line":55,"column":35}},"16":{"start":{"line":60,"column":6},"end":{"line":60,"column":56}},"17":{"start":{"line":63,"column":4},"end":{"line":63,"column":19}},"18":{"start":{"line":70,"column":34},"end":{"line":70,"column":36}},"19":{"start":{"line":71,"column":18},"end":{"line":71,"column":50}},"20":{"start":{"line":74,"column":24},"end":{"line":77,"column":null}},"21":{"start":{"line":75,"column":6},"end":{"line":77,"column":46}},"22":{"start":{"line":80,"column":4},"end":{"line":92,"column":5}},"23":{"start":{"line":81,"column":33},"end":{"line":83,"column":8}},"24":{"start":{"line":86,"column":25},"end":{"line":86,"column":60}},"25":{"start":{"line":87,"column":6},"end":{"line":89,"column":7}},"26":{"start":{"line":88,"column":8},"end":{"line":88,"column":37}},"27":{"start":{"line":91,"column":6},"end":{"line":91,"column":27}},"28":{"start":{"line":94,"column":4},"end":{"line":94,"column":19}},"29":{"start":{"line":101,"column":34},"end":{"line":101,"column":36}},"30":{"start":{"line":102,"column":24},"end":{"line":102,"column":43}},"31":{"start":{"line":105,"column":4},"end":{"line":138,"column":5}},"32":{"start":{"line":106,"column":19},"end":{"line":106,"column":27}},"33":{"start":{"line":107,"column":21},"end":{"line":107,"column":29}},"34":{"start":{"line":109,"column":33},"end":{"line":112,"column":8}},"35":{"start":{"line":115,"column":27},"end":{"line":115,"column":48}},"36":{"start":{"line":118,"column":6},"end":{"line":133,"column":7}},"37":{"start":{"line":119,"column":20},"end":{"line":119,"column":33}},"38":{"start":{"line":120,"column":22},"end":{"line":120,"column":35}},"39":{"start":{"line":122,"column":8},"end":{"line":132,"column":9}},"40":{"start":{"line":124,"column":12},"end":{"line":124,"column":29}},"41":{"start":{"line":125,"column":12},"end":{"line":125,"column":18}},"42":{"start":{"line":127,"column":12},"end":{"line":127,"column":30}},"43":{"start":{"line":128,"column":12},"end":{"line":128,"column":18}},"44":{"start":{"line":130,"column":12},"end":{"line":130,"column":33}},"45":{"start":{"line":131,"column":12},"end":{"line":131,"column":18}},"46":{"start":{"line":135,"column":6},"end":{"line":137,"column":7}},"47":{"start":{"line":136,"column":8},"end":{"line":136,"column":25}},"48":{"start":{"line":140,"column":4},"end":{"line":140,"column":17}},"49":{"start":{"line":147,"column":34},"end":{"line":147,"column":36}},"50":{"start":{"line":148,"column":19},"end":{"line":148,"column":34}},"51":{"start":{"line":149,"column":16},"end":{"line":149,"column":57}},"52":{"start":{"line":152,"column":21},"end":{"line":152,"column":144}},"53":{"start":{"line":154,"column":4},"end":{"line":169,"column":7}},"54":{"start":{"line":155,"column":22},"end":{"line":155,"column":50}},"55":{"start":{"line":156,"column":6},"end":{"line":168,"column":7}},"56":{"start":{"line":157,"column":35},"end":{"line":159,"column":10}},"57":{"start":{"line":162,"column":27},"end":{"line":162,"column":60}},"58":{"start":{"line":163,"column":8},"end":{"line":165,"column":9}},"59":{"start":{"line":164,"column":10},"end":{"line":164,"column":39}},"60":{"start":{"line":167,"column":8},"end":{"line":167,"column":29}},"61":{"start":{"line":172,"column":23},"end":{"line":172,"column":121}},"62":{"start":{"line":174,"column":4},"end":{"line":184,"column":7}},"63":{"start":{"line":175,"column":22},"end":{"line":175,"column":50}},"64":{"start":{"line":176,"column":6},"end":{"line":183,"column":7}},"65":{"start":{"line":177,"column":27},"end":{"line":177,"column":60}},"66":{"start":{"line":178,"column":8},"end":{"line":182,"column":9}},"67":{"start":{"line":179,"column":10},"end":{"line":181,"column":13}},"68":{"start":{"line":187,"column":20},"end":{"line":187,"column":78}},"69":{"start":{"line":189,"column":4},"end":{"line":196,"column":7}},"70":{"start":{"line":190,"column":6},"end":{"line":195,"column":7}},"71":{"start":{"line":191,"column":21},"end":{"line":191,"column":57}},"72":{"start":{"line":192,"column":8},"end":{"line":192,"column":46}},"73":{"start":{"line":194,"column":8},"end":{"line":194,"column":56}},"74":{"start":{"line":199,"column":26},"end":{"line":199,"column":55}},"75":{"start":{"line":201,"column":4},"end":{"line":206,"column":5}},"76":{"start":{"line":202,"column":18},"end":{"line":202,"column":65}},"77":{"start":{"line":203,"column":6},"end":{"line":205,"column":7}},"78":{"start":{"line":204,"column":8},"end":{"line":204,"column":39}},"79":{"start":{"line":208,"column":4},"end":{"line":208,"column":46}},"80":{"start":{"line":215,"column":4},"end":{"line":215,"column":22}},"81":{"start":{"line":215,"column":15},"end":{"line":215,"column":22}},"82":{"start":{"line":218,"column":4},"end":{"line":223,"column":5}},"83":{"start":{"line":219,"column":6},"end":{"line":221,"column":7}},"84":{"start":{"line":220,"column":8},"end":{"line":220,"column":46}},"85":{"start":{"line":222,"column":6},"end":{"line":222,"column":13}},"86":{"start":{"line":226,"column":4},"end":{"line":263,"column":5}},"87":{"start":{"line":227,"column":25},"end":{"line":227,"column":81}},"88":{"start":{"line":229,"column":6},"end":{"line":262,"column":7}},"89":{"start":{"line":230,"column":33},"end":{"line":230,"column":35}},"90":{"start":{"line":232,"column":8},"end":{"line":257,"column":9}},"91":{"start":{"line":233,"column":10},"end":{"line":233,"column":29}},"92":{"start":{"line":234,"column":15},"end":{"line":257,"column":9}},"93":{"start":{"line":235,"column":10},"end":{"line":237,"column":11}},"94":{"start":{"line":236,"column":12},"end":{"line":236,"column":36}},"95":{"start":{"line":239,"column":10},"end":{"line":245,"column":11}},"96":{"start":{"line":240,"column":12},"end":{"line":240,"column":37}},"97":{"start":{"line":241,"column":31},"end":{"line":241,"column":70}},"98":{"start":{"line":242,"column":12},"end":{"line":244,"column":13}},"99":{"start":{"line":243,"column":14},"end":{"line":243,"column":41}},"100":{"start":{"line":247,"column":10},"end":{"line":256,"column":11}},"101":{"start":{"line":248,"column":27},"end":{"line":248,"column":89}},"102":{"start":{"line":249,"column":12},"end":{"line":255,"column":13}},"103":{"start":{"line":250,"column":33},"end":{"line":250,"column":62}},"104":{"start":{"line":251,"column":14},"end":{"line":254,"column":15}},"105":{"start":{"line":252,"column":16},"end":{"line":252,"column":43}},"106":{"start":{"line":253,"column":16},"end":{"line":253,"column":22}},"107":{"start":{"line":259,"column":8},"end":{"line":261,"column":9}},"108":{"start":{"line":260,"column":10},"end":{"line":260,"column":29}},"109":{"start":{"line":266,"column":4},"end":{"line":268,"column":5}},"110":{"start":{"line":267,"column":6},"end":{"line":267,"column":54}},"111":{"start":{"line":275,"column":4},"end":{"line":318,"column":5}},"112":{"start":{"line":276,"column":22},"end":{"line":276,"column":52}},"113":{"start":{"line":278,"column":6},"end":{"line":280,"column":7}},"114":{"start":{"line":279,"column":8},"end":{"line":279,"column":21}},"115":{"start":{"line":283,"column":23},"end":{"line":283,"column":65}},"116":{"start":{"line":284,"column":20},"end":{"line":284,"column":25}},"117":{"start":{"line":286,"column":6},"end":{"line":308,"column":7}},"118":{"start":{"line":287,"column":8},"end":{"line":307,"column":9}},"119":{"start":{"line":289,"column":33},"end":{"line":293,"column":null}},"120":{"start":{"line":290,"column":12},"end":{"line":292,"column":null}},"121":{"start":{"line":296,"column":10},"end":{"line":306,"column":11}},"122":{"start":{"line":298,"column":26},"end":{"line":298,"column":54}},"123":{"start":{"line":299,"column":30},"end":{"line":299,"column":62}},"124":{"start":{"line":301,"column":12},"end":{"line":305,"column":13}},"125":{"start":{"line":302,"column":31},"end":{"line":302,"column":75}},"126":{"start":{"line":303,"column":14},"end":{"line":303,"column":47}},"127":{"start":{"line":304,"column":14},"end":{"line":304,"column":29}},"128":{"start":{"line":310,"column":6},"end":{"line":312,"column":7}},"129":{"start":{"line":311,"column":8},"end":{"line":311,"column":28}},"130":{"start":{"line":314,"column":6},"end":{"line":314,"column":21}},"131":{"start":{"line":316,"column":6},"end":{"line":316,"column":51}},"132":{"start":{"line":317,"column":6},"end":{"line":317,"column":19}},"133":{"start":{"line":326,"column":18},"end":{"line":326,"column":69}},"134":{"start":{"line":327,"column":18},"end":{"line":327,"column":69}},"135":{"start":{"line":330,"column":4},"end":{"line":332,"column":5}},"136":{"start":{"line":331,"column":6},"end":{"line":331,"column":18}},"137":{"start":{"line":335,"column":4},"end":{"line":337,"column":5}},"138":{"start":{"line":336,"column":6},"end":{"line":336,"column":18}},"139":{"start":{"line":340,"column":19},"end":{"line":340,"column":37}},"140":{"start":{"line":341,"column":19},"end":{"line":341,"column":37}},"141":{"start":{"line":343,"column":4},"end":{"line":350,"column":5}},"142":{"start":{"line":344,"column":24},"end":{"line":344,"column":49}},"143":{"start":{"line":345,"column":24},"end":{"line":345,"column":49}},"144":{"start":{"line":347,"column":6},"end":{"line":349,"column":7}},"145":{"start":{"line":348,"column":8},"end":{"line":348,"column":20}},"146":{"start":{"line":352,"column":4},"end":{"line":352,"column":17}},"147":{"start":{"line":19,"column":0},"end":{"line":19,"column":13}}},"fnMap":{"0":{"name":"(anonymous_0)","decl":{"start":{"line":26,"column":2},"end":{"line":26,"column":8}},"loc":{"start":{"line":26,"column":41},"end":{"line":64,"column":3}}},"1":{"name":"(anonymous_1)","decl":{"start":{"line":42,"column":14},"end":{"line":42,"column":15}},"loc":{"start":{"line":42,"column":19},"end":{"line":42,"column":54}}},"2":{"name":"(anonymous_2)","decl":{"start":{"line":54,"column":26},"end":{"line":54,"column":27}},"loc":{"start":{"line":54,"column":31},"end":{"line":54,"column":59}}},"3":{"name":"(anonymous_3)","decl":{"start":{"line":69,"column":10},"end":{"line":69,"column":16}},"loc":{"start":{"line":69,"column":57},"end":{"line":95,"column":3}}},"4":{"name":"(anonymous_4)","decl":{"start":{"line":74,"column":37},"end":{"line":74,"column":41}},"loc":{"start":{"line":75,"column":6},"end":{"line":77,"column":46}}},"5":{"name":"(anonymous_5)","decl":{"start":{"line":100,"column":10},"end":{"line":100,"column":16}},"loc":{"start":{"line":100,"column":47},"end":{"line":141,"column":3}}},"6":{"name":"(anonymous_6)","decl":{"start":{"line":146,"column":10},"end":{"line":146,"column":16}},"loc":{"start":{"line":146,"column":45},"end":{"line":209,"column":3}}},"7":{"name":"(anonymous_7)","decl":{"start":{"line":154,"column":33},"end":{"line":154,"column":37}},"loc":{"start":{"line":154,"column":40},"end":{"line":169,"column":5}}},"8":{"name":"(anonymous_8)","decl":{"start":{"line":174,"column":35},"end":{"line":174,"column":39}},"loc":{"start":{"line":174,"column":42},"end":{"line":184,"column":5}}},"9":{"name":"(anonymous_9)","decl":{"start":{"line":189,"column":32},"end":{"line":189,"column":38}},"loc":{"start":{"line":189,"column":41},"end":{"line":196,"column":5}}},"10":{"name":"(anonymous_10)","decl":{"start":{"line":214,"column":10},"end":{"line":214,"column":16}},"loc":{"start":{"line":214,"column":67},"end":{"line":269,"column":3}}},"11":{"name":"(anonymous_11)","decl":{"start":{"line":274,"column":2},"end":{"line":274,"column":8}},"loc":{"start":{"line":274,"column":60},"end":{"line":319,"column":3}}},"12":{"name":"(anonymous_12)","decl":{"start":{"line":289,"column":46},"end":{"line":289,"column":47}},"loc":{"start":{"line":290,"column":12},"end":{"line":292,"column":null}}},"13":{"name":"(anonymous_13)","decl":{"start":{"line":324,"column":10},"end":{"line":324,"column":16}},"loc":{"start":{"line":324,"column":61},"end":{"line":353,"column":3}}}},"branchMap":{"0":{"loc":{"start":{"line":35,"column":6},"end":{"line":37,"column":7}},"type":"if","locations":[{"start":{"line":35,"column":6},"end":{"line":37,"column":7}}]},"1":{"loc":{"start":{"line":44,"column":6},"end":{"line":47,"column":7}},"type":"if","locations":[{"start":{"line":44,"column":6},"end":{"line":47,"column":7}}]},"2":{"loc":{"start":{"line":54,"column":8},"end":{"line":56,"column":9}},"type":"if","locations":[{"start":{"line":54,"column":8},"end":{"line":56,"column":9}}]},"3":{"loc":{"start":{"line":75,"column":6},"end":{"line":77,"column":46}},"type":"binary-expr","locations":[{"start":{"line":75,"column":6},"end":{"line":75,"column":27}},{"start":{"line":76,"column":6},"end":{"line":76,"column":45}},{"start":{"line":77,"column":6},"end":{"line":77,"column":46}}]},"4":{"loc":{"start":{"line":87,"column":6},"end":{"line":89,"column":7}},"type":"if","locations":[{"start":{"line":87,"column":6},"end":{"line":89,"column":7}}]},"5":{"loc":{"start":{"line":122,"column":8},"end":{"line":132,"column":9}},"type":"switch","locations":[{"start":{"line":123,"column":10},"end":{"line":125,"column":18}},{"start":{"line":126,"column":10},"end":{"line":128,"column":18}},{"start":{"line":129,"column":10},"end":{"line":131,"column":18}}]},"6":{"loc":{"start":{"line":135,"column":6},"end":{"line":137,"column":7}},"type":"if","locations":[{"start":{"line":135,"column":6},"end":{"line":137,"column":7}}]},"7":{"loc":{"start":{"line":156,"column":6},"end":{"line":168,"column":7}},"type":"if","locations":[{"start":{"line":156,"column":6},"end":{"line":168,"column":7}}]},"8":{"loc":{"start":{"line":163,"column":8},"end":{"line":165,"column":9}},"type":"if","locations":[{"start":{"line":163,"column":8},"end":{"line":165,"column":9}}]},"9":{"loc":{"start":{"line":176,"column":6},"end":{"line":183,"column":7}},"type":"if","locations":[{"start":{"line":176,"column":6},"end":{"line":183,"column":7}}]},"10":{"loc":{"start":{"line":178,"column":8},"end":{"line":182,"column":9}},"type":"if","locations":[{"start":{"line":178,"column":8},"end":{"line":182,"column":9}}]},"11":{"loc":{"start":{"line":191,"column":32},"end":{"line":191,"column":56}},"type":"binary-expr","locations":[{"start":{"line":191,"column":32},"end":{"line":191,"column":50}},{"start":{"line":191,"column":54},"end":{"line":191,"column":56}}]},"12":{"loc":{"start":{"line":202,"column":18},"end":{"line":202,"column":65}},"type":"binary-expr","locations":[{"start":{"line":202,"column":18},"end":{"line":202,"column":30}},{"start":{"line":202,"column":34},"end":{"line":202,"column":45}},{"start":{"line":202,"column":49},"end":{"line":202,"column":59}},{"start":{"line":202,"column":63},"end":{"line":202,"column":65}}]},"13":{"loc":{"start":{"line":203,"column":6},"end":{"line":205,"column":7}},"type":"if","locations":[{"start":{"line":203,"column":6},"end":{"line":205,"column":7}}]},"14":{"loc":{"start":{"line":203,"column":10},"end":{"line":203,"column":40}},"type":"binary-expr","locations":[{"start":{"line":203,"column":10},"end":{"line":203,"column":13}},{"start":{"line":203,"column":17},"end":{"line":203,"column":40}}]},"15":{"loc":{"start":{"line":215,"column":4},"end":{"line":215,"column":22}},"type":"if","locations":[{"start":{"line":215,"column":4},"end":{"line":215,"column":22}}]},"16":{"loc":{"start":{"line":218,"column":4},"end":{"line":223,"column":5}},"type":"if","locations":[{"start":{"line":218,"column":4},"end":{"line":223,"column":5}}]},"17":{"loc":{"start":{"line":226,"column":4},"end":{"line":263,"column":5}},"type":"if","locations":[{"start":{"line":226,"column":4},"end":{"line":263,"column":5}}]},"18":{"loc":{"start":{"line":227,"column":25},"end":{"line":227,"column":81}},"type":"cond-expr","locations":[{"start":{"line":227,"column":54},"end":{"line":227,"column":65}},{"start":{"line":227,"column":68},"end":{"line":227,"column":81}}]},"19":{"loc":{"start":{"line":232,"column":8},"end":{"line":257,"column":9}},"type":"if","locations":[{"start":{"line":232,"column":8},"end":{"line":257,"column":9}},{"start":{"line":234,"column":15},"end":{"line":257,"column":9}}]},"20":{"loc":{"start":{"line":234,"column":15},"end":{"line":257,"column":9}},"type":"if","locations":[{"start":{"line":234,"column":15},"end":{"line":257,"column":9}}]},"21":{"loc":{"start":{"line":235,"column":10},"end":{"line":237,"column":11}},"type":"if","locations":[{"start":{"line":235,"column":10},"end":{"line":237,"column":11}}]},"22":{"loc":{"start":{"line":239,"column":10},"end":{"line":245,"column":11}},"type":"if","locations":[{"start":{"line":239,"column":10},"end":{"line":245,"column":11}}]},"23":{"loc":{"start":{"line":242,"column":12},"end":{"line":244,"column":13}},"type":"if","locations":[{"start":{"line":242,"column":12},"end":{"line":244,"column":13}}]},"24":{"loc":{"start":{"line":247,"column":10},"end":{"line":256,"column":11}},"type":"if","locations":[{"start":{"line":247,"column":10},"end":{"line":256,"column":11}}]},"25":{"loc":{"start":{"line":248,"column":27},"end":{"line":248,"column":89}},"type":"cond-expr","locations":[{"start":{"line":248,"column":58},"end":{"line":248,"column":71}},{"start":{"line":248,"column":74},"end":{"line":248,"column":89}}]},"26":{"loc":{"start":{"line":251,"column":14},"end":{"line":254,"column":15}},"type":"if","locations":[{"start":{"line":251,"column":14},"end":{"line":254,"column":15}}]},"27":{"loc":{"start":{"line":259,"column":8},"end":{"line":261,"column":9}},"type":"if","locations":[{"start":{"line":259,"column":8},"end":{"line":261,"column":9}}]},"28":{"loc":{"start":{"line":266,"column":4},"end":{"line":268,"column":5}},"type":"if","locations":[{"start":{"line":266,"column":4},"end":{"line":268,"column":5}}]},"29":{"loc":{"start":{"line":278,"column":6},"end":{"line":280,"column":7}},"type":"if","locations":[{"start":{"line":278,"column":6},"end":{"line":280,"column":7}}]},"30":{"loc":{"start":{"line":283,"column":23},"end":{"line":283,"column":65}},"type":"cond-expr","locations":[{"start":{"line":283,"column":42},"end":{"line":283,"column":60}},{"start":{"line":283,"column":63},"end":{"line":283,"column":65}}]},"31":{"loc":{"start":{"line":287,"column":8},"end":{"line":307,"column":9}},"type":"if","locations":[{"start":{"line":287,"column":8},"end":{"line":307,"column":9}}]},"32":{"loc":{"start":{"line":287,"column":12},"end":{"line":287,"column":64}},"type":"binary-expr","locations":[{"start":{"line":287,"column":12},"end":{"line":287,"column":44}},{"start":{"line":287,"column":48},"end":{"line":287,"column":64}}]},"33":{"loc":{"start":{"line":290,"column":12},"end":{"line":292,"column":null}},"type":"binary-expr","locations":[{"start":{"line":290,"column":12},"end":{"line":290,"column":18}},{"start":{"line":290,"column":22},"end":{"line":292,"column":null}}]},"34":{"loc":{"start":{"line":296,"column":10},"end":{"line":306,"column":11}},"type":"if","locations":[{"start":{"line":296,"column":10},"end":{"line":306,"column":11}}]},"35":{"loc":{"start":{"line":296,"column":14},"end":{"line":296,"column":52}},"type":"binary-expr","locations":[{"start":{"line":296,"column":14},"end":{"line":296,"column":28}},{"start":{"line":296,"column":32},"end":{"line":296,"column":52}}]},"36":{"loc":{"start":{"line":298,"column":26},"end":{"line":298,"column":54}},"type":"binary-expr","locations":[{"start":{"line":298,"column":26},"end":{"line":298,"column":48}},{"start":{"line":298,"column":52},"end":{"line":298,"column":54}}]},"37":{"loc":{"start":{"line":301,"column":12},"end":{"line":305,"column":13}},"type":"if","locations":[{"start":{"line":301,"column":12},"end":{"line":305,"column":13}}]},"38":{"loc":{"start":{"line":302,"column":31},"end":{"line":302,"column":75}},"type":"cond-expr","locations":[{"start":{"line":302,"column":39},"end":{"line":302,"column":63}},{"start":{"line":302,"column":66},"end":{"line":302,"column":75}}]},"39":{"loc":{"start":{"line":310,"column":6},"end":{"line":312,"column":7}},"type":"if","locations":[{"start":{"line":310,"column":6},"end":{"line":312,"column":7}}]},"40":{"loc":{"start":{"line":330,"column":4},"end":{"line":332,"column":5}},"type":"if","locations":[{"start":{"line":330,"column":4},"end":{"line":332,"column":5}}]},"41":{"loc":{"start":{"line":335,"column":4},"end":{"line":337,"column":5}},"type":"if","locations":[{"start":{"line":335,"column":4},"end":{"line":337,"column":5}}]},"42":{"loc":{"start":{"line":335,"column":8},"end":{"line":335,"column":54}},"type":"binary-expr","locations":[{"start":{"line":335,"column":8},"end":{"line":335,"column":29}},{"start":{"line":335,"column":33},"end":{"line":335,"column":54}}]},"43":{"loc":{"start":{"line":343,"column":4},"end":{"line":350,"column":5}},"type":"if","locations":[{"start":{"line":343,"column":4},"end":{"line":350,"column":5}}]},"44":{"loc":{"start":{"line":343,"column":8},"end":{"line":343,"column":46}},"type":"binary-expr","locations":[{"start":{"line":343,"column":8},"end":{"line":343,"column":25}},{"start":{"line":343,"column":29},"end":{"line":343,"column":46}}]},"45":{"loc":{"start":{"line":347,"column":6},"end":{"line":349,"column":7}},"type":"if","locations":[{"start":{"line":347,"column":6},"end":{"line":349,"column":7}}]}},"s":{"0":0,"1":0,"2":0,"3":0,"4":0,"5":0,"6":0,"7":0,"8":0,"9":0,"10":0,"11":0,"12":0,"13":0,"14":0,"15":0,"16":0,"17":0,"18":0,"19":0,"20":0,"21":0,"22":0,"23":0,"24":0,"25":0,"26":0,"27":0,"28":0,"29":0,"30":0,"31":0,"32":0,"33":0,"34":0,"35":0,"36":0,"37":0,"38":0,"39":0,"40":0,"41":0,"42":0,"43":0,"44":0,"45":0,"46":0,"47":0,"48":0,"49":0,"50":0,"51":0,"52":0,"53":0,"54":0,"55":0,"56":0,"57":0,"58":0,"59":0,"60":0,"61":0,"62":0,"63":0,"64":0,"65":0,"66":0,"67":0,"68":0,"69":0,"70":0,"71":0,"72":0,"73":0,"74":0,"75":0,"76":0,"77":0,"78":0,"79":0,"80":0,"81":0,"82":0,"83":0,"84":0,"85":0,"86":0,"87":0,"88":0,"89":0,"90":0,"91":0,"92":0,"93":0,"94":0,"95":0,"96":0,"97":0,"98":0,"99":0,"100":0,"101":0,"102":0,"103":0,"104":0,"105":0,"106":0,"107":0,"108":0,"109":0,"110":0,"111":0,"112":0,"113":0,"114":0,"115":0,"116":0,"117":0,"118":0,"119":0,"120":0,"121":0,"122":0,"123":0,"124":0,"125":0,"126":0,"127":0,"128":0,"129":0,"130":0,"131":0,"132":0,"133":0,"134":0,"135":0,"136":0,"137":0,"138":0,"139":0,"140":0,"141":0,"142":0,"143":0,"144":0,"145":0,"146":0,"147":0},"f":{"0":0,"1":0,"2":0,"3":0,"4":0,"5":0,"6":0,"7":0,"8":0,"9":0,"10":0,"11":0,"12":0,"13":0},"b":{"0":[0],"1":[0],"2":[0],"3":[0,0,0],"4":[0],"5":[0,0,0],"6":[0],"7":[0],"8":[0],"9":[0],"10":[0],"11":[0,0],"12":[0,0,0,0],"13":[0],"14":[0,0],"15":[0],"16":[0],"17":[0],"18":[0,0],"19":[0,0],"20":[0],"21":[0],"22":[0],"23":[0],"24":[0],"25":[0,0],"26":[0],"27":[0],"28":[0],"29":[0],"30":[0,0],"31":[0],"32":[0,0],"33":[0,0],"34":[0],"35":[0,0],"36":[0,0],"37":[0],"38":[0,0],"39":[0],"40":[0],"41":[0],"42":[0,0],"43":[0],"44":[0,0],"45":[0]}}
,"/Users/dawsonvaldes/zotero-plugin-repos/zotero-moment-o7/src/memento/MementoChecker.ts": {"path":"/Users/dawsonvaldes/zotero-plugin-repos/zotero-moment-o7/src/memento/MementoChecker.ts","statementMap":{"0":{"start":{"line":1,"column":0},"end":{"line":1,"column":61}},"1":{"start":{"line":17,"column":40},"end":{"line":28,"column":4}},"2":{"start":{"line":30,"column":43},"end":{"line":56,"column":4}},"3":{"start":{"line":62,"column":39},"end":{"line":65,"column":6}},"4":{"start":{"line":68,"column":4},"end":{"line":81,"column":5}},"5":{"start":{"line":69,"column":6},"end":{"line":80,"column":7}},"6":{"start":{"line":70,"column":24},"end":{"line":70,"column":96}},"7":{"start":{"line":71,"column":8},"end":{"line":77,"column":9}},"8":{"start":{"line":72,"column":10},"end":{"line":72,"column":35}},"9":{"start":{"line":73,"column":10},"end":{"line":73,"column":57}},"10":{"start":{"line":74,"column":10},"end":{"line":74,"column":55}},"11":{"start":{"line":75,"column":10},"end":{"line":75,"column":61}},"12":{"start":{"line":76,"column":10},"end":{"line":76,"column":24}},"13":{"start":{"line":79,"column":8},"end":{"line":79,"column":67}},"14":{"start":{"line":84,"column":4},"end":{"line":96,"column":5}},"15":{"start":{"line":85,"column":6},"end":{"line":95,"column":7}},"16":{"start":{"line":86,"column":8},"end":{"line":94,"column":9}},"17":{"start":{"line":87,"column":26},"end":{"line":87,"column":95}},"18":{"start":{"line":88,"column":10},"end":{"line":91,"column":11}},"19":{"start":{"line":89,"column":12},"end":{"line":89,"column":37}},"20":{"start":{"line":90,"column":12},"end":{"line":90,"column":84}},"21":{"start":{"line":93,"column":10},"end":{"line":93,"column":66}},"22":{"start":{"line":98,"column":4},"end":{"line":98,"column":18}},"23":{"start":{"line":105,"column":20},"end":{"line":106,"column":null}},"24":{"start":{"line":106,"column":6},"end":{"line":106,"column":56}},"25":{"start":{"line":109,"column":4},"end":{"line":111,"column":5}},"26":{"start":{"line":110,"column":6},"end":{"line":110,"column":18}},"27":{"start":{"line":113,"column":4},"end":{"line":127,"column":5}},"28":{"start":{"line":114,"column":22},"end":{"line":114,"column":91}},"29":{"start":{"line":115,"column":6},"end":{"line":124,"column":7}},"30":{"start":{"line":116,"column":28},"end":{"line":116,"column":77}},"31":{"start":{"line":117,"column":8},"end":{"line":123,"column":9}},"32":{"start":{"line":118,"column":10},"end":{"line":122,"column":12}},"33":{"start":{"line":126,"column":6},"end":{"line":126,"column":62}},"34":{"start":{"line":129,"column":4},"end":{"line":129,"column":16}},"35":{"start":{"line":136,"column":4},"end":{"line":159,"column":5}},"36":{"start":{"line":137,"column":23},"end":{"line":142,"column":8}},"37":{"start":{"line":144,"column":6},"end":{"line":146,"column":7}},"38":{"start":{"line":145,"column":8},"end":{"line":145,"column":20}},"39":{"start":{"line":149,"column":6},"end":{"line":155,"column":7}},"40":{"start":{"line":150,"column":21},"end":{"line":150,"column":54}},"41":{"start":{"line":151,"column":8},"end":{"line":151,"column":50}},"42":{"start":{"line":154,"column":8},"end":{"line":154,"column":77}},"43":{"start":{"line":157,"column":6},"end":{"line":157,"column":55}},"44":{"start":{"line":158,"column":6},"end":{"line":158,"column":18}},"45":{"start":{"line":166,"column":4},"end":{"line":184,"column":7}},"46":{"start":{"line":167,"column":20},"end":{"line":167,"column":44}},"47":{"start":{"line":170,"column":6},"end":{"line":177,"column":7}},"48":{"start":{"line":171,"column":8},"end":{"line":176,"column":9}},"49":{"start":{"line":172,"column":10},"end":{"line":175,"column":11}},"50":{"start":{"line":173,"column":12},"end":{"line":173,"column":35}},"51":{"start":{"line":174,"column":12},"end":{"line":174,"column":18}},"52":{"start":{"line":179,"column":6},"end":{"line":183,"column":8}},"53":{"start":{"line":191,"column":36},"end":{"line":191,"column":38}},"54":{"start":{"line":194,"column":18},"end":{"line":194,"column":40}},"55":{"start":{"line":195,"column":4},"end":{"line":225,"column":5}},"56":{"start":{"line":197,"column":23},"end":{"line":202,"column":8}},"57":{"start":{"line":204,"column":6},"end":{"line":224,"column":7}},"58":{"start":{"line":206,"column":8},"end":{"line":223,"column":9}},"59":{"start":{"line":207,"column":22},"end":{"line":207,"column":30}},"60":{"start":{"line":208,"column":24},"end":{"line":208,"column":33}},"61":{"start":{"line":211,"column":10},"end":{"line":216,"column":11}},"62":{"start":{"line":212,"column":12},"end":{"line":215,"column":13}},"63":{"start":{"line":213,"column":14},"end":{"line":213,"column":37}},"64":{"start":{"line":214,"column":14},"end":{"line":214,"column":20}},"65":{"start":{"line":218,"column":10},"end":{"line":222,"column":13}},"66":{"start":{"line":228,"column":18},"end":{"line":228,"column":54}},"67":{"start":{"line":229,"column":4},"end":{"line":260,"column":5}},"68":{"start":{"line":230,"column":19},"end":{"line":230,"column":43}},"69":{"start":{"line":231,"column":6},"end":{"line":259,"column":7}},"70":{"start":{"line":232,"column":28},"end":{"line":232,"column":42}},"71":{"start":{"line":234,"column":34},"end":{"line":234,"column":62}},"72":{"start":{"line":236,"column":8},"end":{"line":258,"column":9}},"73":{"start":{"line":237,"column":22},"end":{"line":237,"column":30}},"74":{"start":{"line":238,"column":24},"end":{"line":238,"column":33}},"75":{"start":{"line":241,"column":10},"end":{"line":246,"column":11}},"76":{"start":{"line":242,"column":12},"end":{"line":245,"column":13}},"77":{"start":{"line":243,"column":14},"end":{"line":243,"column":37}},"78":{"start":{"line":244,"column":14},"end":{"line":244,"column":20}},"79":{"start":{"line":249,"column":32},"end":{"line":250,"column":121}},"80":{"start":{"line":251,"column":27},"end":{"line":251,"column":86}},"81":{"start":{"line":253,"column":10},"end":{"line":257,"column":13}},"82":{"start":{"line":263,"column":27},"end":{"line":263,"column":57}},"83":{"start":{"line":264,"column":4},"end":{"line":266,"column":5}},"84":{"start":{"line":265,"column":6},"end":{"line":265,"column":47}},"85":{"start":{"line":268,"column":4},"end":{"line":268,"column":47}},"86":{"start":{"line":16,"column":0},"end":{"line":16,"column":13}}},"fnMap":{"0":{"name":"(anonymous_0)","decl":{"start":{"line":61,"column":2},"end":{"line":61,"column":8}},"loc":{"start":{"line":61,"column":35},"end":{"line":99,"column":3}}},"1":{"name":"(anonymous_1)","decl":{"start":{"line":104,"column":2},"end":{"line":104,"column":8}},"loc":{"start":{"line":104,"column":60},"end":{"line":130,"column":3}}},"2":{"name":"(anonymous_2)","decl":{"start":{"line":105,"column":45},"end":{"line":105,"column":46}},"loc":{"start":{"line":106,"column":6},"end":{"line":106,"column":56}}},"3":{"name":"(anonymous_3)","decl":{"start":{"line":135,"column":10},"end":{"line":135,"column":16}},"loc":{"start":{"line":135,"column":54},"end":{"line":160,"column":3}}},"4":{"name":"(anonymous_4)","decl":{"start":{"line":165,"column":10},"end":{"line":165,"column":16}},"loc":{"start":{"line":165,"column":74},"end":{"line":185,"column":3}}},"5":{"name":"(anonymous_5)","decl":{"start":{"line":166,"column":32},"end":{"line":166,"column":39}},"loc":{"start":{"line":166,"column":42},"end":{"line":184,"column":5}}},"6":{"name":"(anonymous_6)","decl":{"start":{"line":190,"column":2},"end":{"line":190,"column":8}},"loc":{"start":{"line":190,"column":47},"end":{"line":269,"column":3}}}},"branchMap":{"0":{"loc":{"start":{"line":71,"column":8},"end":{"line":77,"column":9}},"type":"if","locations":[{"start":{"line":71,"column":8},"end":{"line":77,"column":9}}]},"1":{"loc":{"start":{"line":71,"column":12},"end":{"line":71,"column":50}},"type":"binary-expr","locations":[{"start":{"line":71,"column":12},"end":{"line":71,"column":19}},{"start":{"line":71,"column":23},"end":{"line":71,"column":50}}]},"2":{"loc":{"start":{"line":85,"column":6},"end":{"line":95,"column":7}},"type":"if","locations":[{"start":{"line":85,"column":6},"end":{"line":95,"column":7}}]},"3":{"loc":{"start":{"line":88,"column":10},"end":{"line":91,"column":11}},"type":"if","locations":[{"start":{"line":88,"column":10},"end":{"line":91,"column":11}}]},"4":{"loc":{"start":{"line":88,"column":14},"end":{"line":88,"column":52}},"type":"binary-expr","locations":[{"start":{"line":88,"column":14},"end":{"line":88,"column":21}},{"start":{"line":88,"column":25},"end":{"line":88,"column":52}}]},"5":{"loc":{"start":{"line":109,"column":4},"end":{"line":111,"column":5}},"type":"if","locations":[{"start":{"line":109,"column":4},"end":{"line":111,"column":5}}]},"6":{"loc":{"start":{"line":109,"column":8},"end":{"line":109,"column":39}},"type":"binary-expr","locations":[{"start":{"line":109,"column":8},"end":{"line":109,"column":16}},{"start":{"line":109,"column":20},"end":{"line":109,"column":39}}]},"7":{"loc":{"start":{"line":115,"column":6},"end":{"line":124,"column":7}},"type":"if","locations":[{"start":{"line":115,"column":6},"end":{"line":124,"column":7}}]},"8":{"loc":{"start":{"line":115,"column":10},"end":{"line":115,"column":48}},"type":"binary-expr","locations":[{"start":{"line":115,"column":10},"end":{"line":115,"column":17}},{"start":{"line":115,"column":21},"end":{"line":115,"column":48}}]},"9":{"loc":{"start":{"line":117,"column":8},"end":{"line":123,"column":9}},"type":"if","locations":[{"start":{"line":117,"column":8},"end":{"line":123,"column":9}}]},"10":{"loc":{"start":{"line":144,"column":6},"end":{"line":146,"column":7}},"type":"if","locations":[{"start":{"line":144,"column":6},"end":{"line":146,"column":7}}]},"11":{"loc":{"start":{"line":167,"column":20},"end":{"line":167,"column":44}},"type":"binary-expr","locations":[{"start":{"line":167,"column":20},"end":{"line":167,"column":31}},{"start":{"line":167,"column":35},"end":{"line":167,"column":44}}]},"12":{"loc":{"start":{"line":170,"column":6},"end":{"line":177,"column":7}},"type":"if","locations":[{"start":{"line":170,"column":6},"end":{"line":177,"column":7}}]},"13":{"loc":{"start":{"line":172,"column":10},"end":{"line":175,"column":11}},"type":"if","locations":[{"start":{"line":172,"column":10},"end":{"line":175,"column":11}}]},"14":{"loc":{"start":{"line":195,"column":4},"end":{"line":225,"column":5}},"type":"if","locations":[{"start":{"line":195,"column":4},"end":{"line":225,"column":5}}]},"15":{"loc":{"start":{"line":212,"column":12},"end":{"line":215,"column":13}},"type":"if","locations":[{"start":{"line":212,"column":12},"end":{"line":215,"column":13}}]},"16":{"loc":{"start":{"line":228,"column":18},"end":{"line":228,"column":54}},"type":"cond-expr","locations":[{"start":{"line":228,"column":34},"end":{"line":228,"column":49}},{"start":{"line":228,"column":52},"end":{"line":228,"column":54}}]},"17":{"loc":{"start":{"line":231,"column":6},"end":{"line":259,"column":7}},"type":"if","locations":[{"start":{"line":231,"column":6},"end":{"line":259,"column":7}}]},"18":{"loc":{"start":{"line":231,"column":10},"end":{"line":231,"column":30}},"type":"binary-expr","locations":[{"start":{"line":231,"column":10},"end":{"line":231,"column":14}},{"start":{"line":231,"column":18},"end":{"line":231,"column":30}}]},"19":{"loc":{"start":{"line":242,"column":12},"end":{"line":245,"column":13}},"type":"if","locations":[{"start":{"line":242,"column":12},"end":{"line":245,"column":13}}]},"20":{"loc":{"start":{"line":251,"column":27},"end":{"line":251,"column":86}},"type":"cond-expr","locations":[{"start":{"line":251,"column":43},"end":{"line":251,"column":59}},{"start":{"line":251,"column":62},"end":{"line":251,"column":86}}]}},"s":{"0":0,"1":0,"2":0,"3":0,"4":0,"5":0,"6":0,"7":0,"8":0,"9":0,"10":0,"11":0,"12":0,"13":0,"14":0,"15":0,"16":0,"17":0,"18":0,"19":0,"20":0,"21":0,"22":0,"23":0,"24":0,"25":0,"26":0,"27":0,"28":0,"29":0,"30":0,"31":0,"32":0,"33":0,"34":0,"35":0,"36":0,"37":0,"38":0,"39":0,"40":0,"41":0,"42":0,"43":0,"44":0,"45":0,"46":0,"47":0,"48":0,"49":0,"50":0,"51":0,"52":0,"53":0,"54":0,"55":0,"56":0,"57":0,"58":0,"59":0,"60":0,"61":0,"62":0,"63":0,"64":0,"65":0,"66":0,"67":0,"68":0,"69":0,"70":0,"71":0,"72":0,"73":0,"74":0,"75":0,"76":0,"77":0,"78":0,"79":0,"80":0,"81":0,"82":0,"83":0,"84":0,"85":0,"86":0},"f":{"0":0,"1":0,"2":0,"3":0,"4":0,"5":0,"6":0},"b":{"0":[0],"1":[0,0],"2":[0],"3":[0],"4":[0,0],"5":[0],"6":[0,0],"7":[0],"8":[0,0],"9":[0],"10":[0],"11":[0,0],"12":[0],"13":[0],"14":[0],"15":[0],"16":[0,0],"17":[0],"18":[0,0],"19":[0],"20":[0,0]}}
,"/Users/dawsonvaldes/zotero-plugin-repos/zotero-moment-o7/src/memento/MementoProtocol.ts": {"path":"/Users/dawsonvaldes/zotero-plugin-repos/zotero-moment-o7/src/memento/MementoProtocol.ts","statementMap":{"0":{"start":{"line":36,"column":40},"end":{"line":36,"column":46}},"1":{"start":{"line":37,"column":52},"end":{"line":37,"column":70}},"2":{"start":{"line":44,"column":33},"end":{"line":44,"column":35}},"3":{"start":{"line":45,"column":24},"end":{"line":45,"column":43}},"4":{"start":{"line":48,"column":4},"end":{"line":87,"column":5}},"5":{"start":{"line":49,"column":18},"end":{"line":49,"column":26}},"6":{"start":{"line":50,"column":21},"end":{"line":50,"column":29}},"7":{"start":{"line":52,"column":32},"end":{"line":55,"column":8}},"8":{"start":{"line":58,"column":27},"end":{"line":58,"column":48}},"9":{"start":{"line":61,"column":6},"end":{"line":82,"column":7}},"10":{"start":{"line":62,"column":20},"end":{"line":62,"column":33}},"11":{"start":{"line":63,"column":22},"end":{"line":63,"column":35}},"12":{"start":{"line":65,"column":8},"end":{"line":81,"column":9}},"13":{"start":{"line":67,"column":12},"end":{"line":67,"column":42}},"14":{"start":{"line":68,"column":12},"end":{"line":68,"column":18}},"15":{"start":{"line":70,"column":12},"end":{"line":70,"column":34}},"16":{"start":{"line":71,"column":12},"end":{"line":71,"column":18}},"17":{"start":{"line":73,"column":12},"end":{"line":73,"column":30}},"18":{"start":{"line":74,"column":12},"end":{"line":74,"column":18}},"19":{"start":{"line":76,"column":12},"end":{"line":76,"column":30}},"20":{"start":{"line":77,"column":12},"end":{"line":77,"column":18}},"21":{"start":{"line":79,"column":12},"end":{"line":79,"column":31}},"22":{"start":{"line":80,"column":12},"end":{"line":80,"column":18}},"23":{"start":{"line":84,"column":6},"end":{"line":86,"column":7}},"24":{"start":{"line":85,"column":8},"end":{"line":85,"column":25}},"25":{"start":{"line":89,"column":4},"end":{"line":89,"column":17}},"26":{"start":{"line":96,"column":4},"end":{"line":125,"column":18}},"27":{"start":{"line":97,"column":19},"end":{"line":97,"column":34}},"28":{"start":{"line":98,"column":31},"end":{"line":98,"column":33}},"29":{"start":{"line":100,"column":6},"end":{"line":102,"column":7}},"30":{"start":{"line":101,"column":8},"end":{"line":101,"column":51}},"31":{"start":{"line":104,"column":6},"end":{"line":106,"column":7}},"32":{"start":{"line":105,"column":8},"end":{"line":105,"column":51}},"33":{"start":{"line":108,"column":6},"end":{"line":110,"column":7}},"34":{"start":{"line":109,"column":8},"end":{"line":109,"column":43}},"35":{"start":{"line":112,"column":6},"end":{"line":114,"column":7}},"36":{"start":{"line":113,"column":8},"end":{"line":113,"column":43}},"37":{"start":{"line":116,"column":6},"end":{"line":118,"column":7}},"38":{"start":{"line":117,"column":8},"end":{"line":117,"column":45}},"39":{"start":{"line":120,"column":6},"end":{"line":122,"column":7}},"40":{"start":{"line":121,"column":8},"end":{"line":121,"column":43}},"41":{"start":{"line":124,"column":6},"end":{"line":124,"column":20}},"42":{"start":{"line":132,"column":29},"end":{"line":135,"column":6}},"43":{"start":{"line":137,"column":4},"end":{"line":139,"column":5}},"44":{"start":{"line":138,"column":6},"end":{"line":138,"column":43}},"45":{"start":{"line":141,"column":4},"end":{"line":143,"column":5}},"46":{"start":{"line":142,"column":6},"end":{"line":142,"column":43}},"47":{"start":{"line":145,"column":4},"end":{"line":147,"column":5}},"48":{"start":{"line":146,"column":6},"end":{"line":146,"column":41}},"49":{"start":{"line":149,"column":4},"end":{"line":155,"column":5}},"50":{"start":{"line":150,"column":6},"end":{"line":154,"column":10}},"51":{"start":{"line":150,"column":61},"end":{"line":154,"column":8}},"52":{"start":{"line":157,"column":4},"end":{"line":157,"column":19}},"53":{"start":{"line":164,"column":29},"end":{"line":167,"column":6}},"54":{"start":{"line":169,"column":18},"end":{"line":169,"column":62}},"55":{"start":{"line":169,"column":50},"end":{"line":169,"column":61}},"56":{"start":{"line":171,"column":4},"end":{"line":189,"column":5}},"57":{"start":{"line":172,"column":20},"end":{"line":172,"column":46}},"58":{"start":{"line":174,"column":6},"end":{"line":188,"column":7}},"59":{"start":{"line":175,"column":8},"end":{"line":187,"column":9}},"60":{"start":{"line":176,"column":10},"end":{"line":176,"column":38}},"61":{"start":{"line":177,"column":15},"end":{"line":187,"column":9}},"62":{"start":{"line":178,"column":10},"end":{"line":178,"column":38}},"63":{"start":{"line":179,"column":15},"end":{"line":187,"column":9}},"64":{"start":{"line":180,"column":10},"end":{"line":180,"column":37}},"65":{"start":{"line":181,"column":15},"end":{"line":187,"column":9}},"66":{"start":{"line":182,"column":10},"end":{"line":186,"column":13}},"67":{"start":{"line":191,"column":4},"end":{"line":191,"column":19}},"68":{"start":{"line":198,"column":4},"end":{"line":200,"column":5}},"69":{"start":{"line":199,"column":6},"end":{"line":199,"column":18}},"70":{"start":{"line":202,"column":4},"end":{"line":209,"column":5}},"71":{"start":{"line":204,"column":6},"end":{"line":208,"column":9}},"72":{"start":{"line":205,"column":27},"end":{"line":205,"column":52}},"73":{"start":{"line":206,"column":28},"end":{"line":206,"column":54}},"74":{"start":{"line":207,"column":8},"end":{"line":207,"column":59}},"75":{"start":{"line":212,"column":4},"end":{"line":216,"column":7}},"76":{"start":{"line":213,"column":26},"end":{"line":213,"column":95}},"77":{"start":{"line":214,"column":26},"end":{"line":214,"column":95}},"78":{"start":{"line":215,"column":6},"end":{"line":215,"column":59}},"79":{"start":{"line":223,"column":4},"end":{"line":223,"column":30}},"80":{"start":{"line":230,"column":4},"end":{"line":230,"column":29}},"81":{"start":{"line":237,"column":23},"end":{"line":237,"column":67}},"82":{"start":{"line":238,"column":4},"end":{"line":240,"column":5}},"83":{"start":{"line":239,"column":6},"end":{"line":239,"column":19}},"84":{"start":{"line":242,"column":18},"end":{"line":242,"column":50}},"85":{"start":{"line":243,"column":4},"end":{"line":243,"column":60}},"86":{"start":{"line":243,"column":30},"end":{"line":243,"column":58}},"87":{"start":{"line":250,"column":23},"end":{"line":250,"column":67}},"88":{"start":{"line":251,"column":28},"end":{"line":251,"column":96}},"89":{"start":{"line":253,"column":4},"end":{"line":255,"column":5}},"90":{"start":{"line":254,"column":6},"end":{"line":254,"column":18}},"91":{"start":{"line":257,"column":18},"end":{"line":257,"column":50}},"92":{"start":{"line":258,"column":24},"end":{"line":258,"column":72}},"93":{"start":{"line":258,"column":43},"end":{"line":258,"column":71}},"94":{"start":{"line":259,"column":25},"end":{"line":259,"column":74}},"95":{"start":{"line":259,"column":44},"end":{"line":259,"column":73}},"96":{"start":{"line":261,"column":4},"end":{"line":263,"column":5}},"97":{"start":{"line":262,"column":6},"end":{"line":262,"column":18}},"98":{"start":{"line":265,"column":4},"end":{"line":270,"column":6}},"99":{"start":{"line":35,"column":0},"end":{"line":35,"column":13}}},"fnMap":{"0":{"name":"(anonymous_0)","decl":{"start":{"line":43,"column":2},"end":{"line":43,"column":8}},"loc":{"start":{"line":43,"column":39},"end":{"line":90,"column":3}}},"1":{"name":"(anonymous_1)","decl":{"start":{"line":95,"column":2},"end":{"line":95,"column":8}},"loc":{"start":{"line":95,"column":46},"end":{"line":126,"column":3}}},"2":{"name":"(anonymous_2)","decl":{"start":{"line":96,"column":21},"end":{"line":96,"column":25}},"loc":{"start":{"line":96,"column":28},"end":{"line":125,"column":5}}},"3":{"name":"(anonymous_3)","decl":{"start":{"line":131,"column":2},"end":{"line":131,"column":8}},"loc":{"start":{"line":131,"column":31},"end":{"line":158,"column":3}}},"4":{"name":"(anonymous_4)","decl":{"start":{"line":150,"column":48},"end":{"line":150,"column":49}},"loc":{"start":{"line":150,"column":61},"end":{"line":154,"column":8}}},"5":{"name":"(anonymous_5)","decl":{"start":{"line":163,"column":2},"end":{"line":163,"column":8}},"loc":{"start":{"line":163,"column":44},"end":{"line":192,"column":3}}},"6":{"name":"(anonymous_6)","decl":{"start":{"line":169,"column":42},"end":{"line":169,"column":46}},"loc":{"start":{"line":169,"column":50},"end":{"line":169,"column":61}}},"7":{"name":"(anonymous_7)","decl":{"start":{"line":197,"column":2},"end":{"line":197,"column":8}},"loc":{"start":{"line":197,"column":63},"end":{"line":217,"column":3}}},"8":{"name":"(anonymous_8)","decl":{"start":{"line":204,"column":29},"end":{"line":204,"column":30}},"loc":{"start":{"line":204,"column":49},"end":{"line":208,"column":7}}},"9":{"name":"(anonymous_9)","decl":{"start":{"line":212,"column":27},"end":{"line":212,"column":28}},"loc":{"start":{"line":212,"column":48},"end":{"line":216,"column":5}}},"10":{"name":"(anonymous_10)","decl":{"start":{"line":222,"column":2},"end":{"line":222,"column":8}},"loc":{"start":{"line":222,"column":34},"end":{"line":224,"column":3}}},"11":{"name":"(anonymous_11)","decl":{"start":{"line":229,"column":2},"end":{"line":229,"column":8}},"loc":{"start":{"line":229,"column":38},"end":{"line":231,"column":3}}},"12":{"name":"(anonymous_12)","decl":{"start":{"line":236,"column":2},"end":{"line":236,"column":8}},"loc":{"start":{"line":236,"column":50},"end":{"line":244,"column":3}}},"13":{"name":"(anonymous_13)","decl":{"start":{"line":243,"column":22},"end":{"line":243,"column":26}},"loc":{"start":{"line":243,"column":30},"end":{"line":243,"column":58}}},"14":{"name":"(anonymous_14)","decl":{"start":{"line":249,"column":2},"end":{"line":249,"column":8}},"loc":{"start":{"line":249,"column":59},"end":{"line":271,"column":3}}},"15":{"name":"(anonymous_15)","decl":{"start":{"line":258,"column":35},"end":{"line":258,"column":39}},"loc":{"start":{"line":258,"column":43},"end":{"line":258,"column":71}}},"16":{"name":"(anonymous_16)","decl":{"start":{"line":259,"column":36},"end":{"line":259,"column":40}},"loc":{"start":{"line":259,"column":44},"end":{"line":259,"column":73}}}},"branchMap":{"0":{"loc":{"start":{"line":65,"column":8},"end":{"line":81,"column":9}},"type":"switch","locations":[{"start":{"line":66,"column":10},"end":{"line":68,"column":18}},{"start":{"line":69,"column":10},"end":{"line":71,"column":18}},{"start":{"line":72,"column":10},"end":{"line":74,"column":18}},{"start":{"line":75,"column":10},"end":{"line":77,"column":18}},{"start":{"line":78,"column":10},"end":{"line":80,"column":18}}]},"1":{"loc":{"start":{"line":84,"column":6},"end":{"line":86,"column":7}},"type":"if","locations":[{"start":{"line":84,"column":6},"end":{"line":86,"column":7}}]},"2":{"loc":{"start":{"line":100,"column":6},"end":{"line":102,"column":7}},"type":"if","locations":[{"start":{"line":100,"column":6},"end":{"line":102,"column":7}}]},"3":{"loc":{"start":{"line":104,"column":6},"end":{"line":106,"column":7}},"type":"if","locations":[{"start":{"line":104,"column":6},"end":{"line":106,"column":7}}]},"4":{"loc":{"start":{"line":108,"column":6},"end":{"line":110,"column":7}},"type":"if","locations":[{"start":{"line":108,"column":6},"end":{"line":110,"column":7}}]},"5":{"loc":{"start":{"line":112,"column":6},"end":{"line":114,"column":7}},"type":"if","locations":[{"start":{"line":112,"column":6},"end":{"line":114,"column":7}}]},"6":{"loc":{"start":{"line":116,"column":6},"end":{"line":118,"column":7}},"type":"if","locations":[{"start":{"line":116,"column":6},"end":{"line":118,"column":7}}]},"7":{"loc":{"start":{"line":120,"column":6},"end":{"line":122,"column":7}},"type":"if","locations":[{"start":{"line":120,"column":6},"end":{"line":122,"column":7}}]},"8":{"loc":{"start":{"line":137,"column":4},"end":{"line":139,"column":5}},"type":"if","locations":[{"start":{"line":137,"column":4},"end":{"line":139,"column":5}}]},"9":{"loc":{"start":{"line":141,"column":4},"end":{"line":143,"column":5}},"type":"if","locations":[{"start":{"line":141,"column":4},"end":{"line":143,"column":5}}]},"10":{"loc":{"start":{"line":145,"column":4},"end":{"line":147,"column":5}},"type":"if","locations":[{"start":{"line":145,"column":4},"end":{"line":147,"column":5}}]},"11":{"loc":{"start":{"line":149,"column":4},"end":{"line":155,"column":5}},"type":"if","locations":[{"start":{"line":149,"column":4},"end":{"line":155,"column":5}}]},"12":{"loc":{"start":{"line":149,"column":8},"end":{"line":149,"column":58}},"type":"binary-expr","locations":[{"start":{"line":149,"column":8},"end":{"line":149,"column":21}},{"start":{"line":149,"column":25},"end":{"line":149,"column":58}}]},"13":{"loc":{"start":{"line":153,"column":13},"end":{"line":153,"column":44}},"type":"cond-expr","locations":[{"start":{"line":153,"column":21},"end":{"line":153,"column":39}},{"start":{"line":153,"column":42},"end":{"line":153,"column":44}}]},"14":{"loc":{"start":{"line":175,"column":8},"end":{"line":187,"column":9}},"type":"if","locations":[{"start":{"line":175,"column":8},"end":{"line":187,"column":9}},{"start":{"line":177,"column":15},"end":{"line":187,"column":9}}]},"15":{"loc":{"start":{"line":177,"column":15},"end":{"line":187,"column":9}},"type":"if","locations":[{"start":{"line":177,"column":15},"end":{"line":187,"column":9}},{"start":{"line":179,"column":15},"end":{"line":187,"column":9}}]},"16":{"loc":{"start":{"line":179,"column":15},"end":{"line":187,"column":9}},"type":"if","locations":[{"start":{"line":179,"column":15},"end":{"line":187,"column":9}},{"start":{"line":181,"column":15},"end":{"line":187,"column":9}}]},"17":{"loc":{"start":{"line":179,"column":19},"end":{"line":179,"column":78}},"type":"binary-expr","locations":[{"start":{"line":179,"column":19},"end":{"line":179,"column":44}},{"start":{"line":179,"column":48},"end":{"line":179,"column":78}}]},"18":{"loc":{"start":{"line":181,"column":15},"end":{"line":187,"column":9}},"type":"if","locations":[{"start":{"line":181,"column":15},"end":{"line":187,"column":9}}]},"19":{"loc":{"start":{"line":181,"column":19},"end":{"line":181,"column":64}},"type":"binary-expr","locations":[{"start":{"line":181,"column":19},"end":{"line":181,"column":47}},{"start":{"line":181,"column":51},"end":{"line":181,"column":64}}]},"20":{"loc":{"start":{"line":198,"column":4},"end":{"line":200,"column":5}},"type":"if","locations":[{"start":{"line":198,"column":4},"end":{"line":200,"column":5}}]},"21":{"loc":{"start":{"line":202,"column":4},"end":{"line":209,"column":5}},"type":"if","locations":[{"start":{"line":202,"column":4},"end":{"line":209,"column":5}}]},"22":{"loc":{"start":{"line":207,"column":15},"end":{"line":207,"column":58}},"type":"cond-expr","locations":[{"start":{"line":207,"column":42},"end":{"line":207,"column":49}},{"start":{"line":207,"column":52},"end":{"line":207,"column":58}}]},"23":{"loc":{"start":{"line":215,"column":13},"end":{"line":215,"column":58}},"type":"cond-expr","locations":[{"start":{"line":215,"column":41},"end":{"line":215,"column":48}},{"start":{"line":215,"column":51},"end":{"line":215,"column":58}}]},"24":{"loc":{"start":{"line":237,"column":23},"end":{"line":237,"column":67}},"type":"binary-expr","locations":[{"start":{"line":237,"column":23},"end":{"line":237,"column":48}},{"start":{"line":237,"column":52},"end":{"line":237,"column":67}}]},"25":{"loc":{"start":{"line":238,"column":4},"end":{"line":240,"column":5}},"type":"if","locations":[{"start":{"line":238,"column":4},"end":{"line":240,"column":5}}]},"26":{"loc":{"start":{"line":250,"column":23},"end":{"line":250,"column":67}},"type":"binary-expr","locations":[{"start":{"line":250,"column":23},"end":{"line":250,"column":48}},{"start":{"line":250,"column":52},"end":{"line":250,"column":67}}]},"27":{"loc":{"start":{"line":251,"column":28},"end":{"line":251,"column":96}},"type":"binary-expr","locations":[{"start":{"line":251,"column":28},"end":{"line":251,"column":65}},{"start":{"line":251,"column":69},"end":{"line":251,"column":96}}]},"28":{"loc":{"start":{"line":253,"column":4},"end":{"line":255,"column":5}},"type":"if","locations":[{"start":{"line":253,"column":4},"end":{"line":255,"column":5}}]},"29":{"loc":{"start":{"line":261,"column":4},"end":{"line":263,"column":5}},"type":"if","locations":[{"start":{"line":261,"column":4},"end":{"line":263,"column":5}}]},"30":{"loc":{"start":{"line":261,"column":8},"end":{"line":261,"column":37}},"type":"binary-expr","locations":[{"start":{"line":261,"column":8},"end":{"line":261,"column":20}},{"start":{"line":261,"column":24},"end":{"line":261,"column":37}}]},"31":{"loc":{"start":{"line":267,"column":23},"end":{"line":267,"column":68}},"type":"binary-expr","locations":[{"start":{"line":267,"column":23},"end":{"line":267,"column":38}},{"start":{"line":267,"column":42},"end":{"line":267,"column":62}},{"start":{"line":267,"column":66},"end":{"line":267,"column":68}}]}},"s":{"0":0,"1":0,"2":0,"3":0,"4":0,"5":0,"6":0,"7":0,"8":0,"9":0,"10":0,"11":0,"12":0,"13":0,"14":0,"15":0,"16":0,"17":0,"18":0,"19":0,"20":0,"21":0,"22":0,"23":0,"24":0,"25":0,"26":0,"27":0,"28":0,"29":0,"30":0,"31":0,"32":0,"33":0,"34":0,"35":0,"36":0,"37":0,"38":0,"39":0,"40":0,"41":0,"42":0,"43":0,"44":0,"45":0,"46":0,"47":0,"48":0,"49":0,"50":0,"51":0,"52":0,"53":0,"54":0,"55":0,"56":0,"57":0,"58":0,"59":0,"60":0,"61":0,"62":0,"63":0,"64":0,"65":0,"66":0,"67":0,"68":0,"69":0,"70":0,"71":0,"72":0,"73":0,"74":0,"75":0,"76":0,"77":0,"78":0,"79":0,"80":0,"81":0,"82":0,"83":0,"84":0,"85":0,"86":0,"87":0,"88":0,"89":0,"90":0,"91":0,"92":0,"93":0,"94":0,"95":0,"96":0,"97":0,"98":0,"99":0},"f":{"0":0,"1":0,"2":0,"3":0,"4":0,"5":0,"6":0,"7":0,"8":0,"9":0,"10":0,"11":0,"12":0,"13":0,"14":0,"15":0,"16":0},"b":{"0":[0,0,0,0,0],"1":[0],"2":[0],"3":[0],"4":[0],"5":[0],"6":[0],"7":[0],"8":[0],"9":[0],"10":[0],"11":[0],"12":[0,0],"13":[0,0],"14":[0,0],"15":[0,0],"16":[0,0],"17":[0,0],"18":[0],"19":[0,0],"20":[0],"21":[0],"22":[0,0],"23":[0,0],"24":[0,0],"25":[0],"26":[0,0],"27":[0,0],"28":[0],"29":[0],"30":[0,0],"31":[0,0,0]}}
,"/Users/dawsonvaldes/zotero-plugin-repos/zotero-moment-o7/src/preferences/PreferencesManager.ts": {"path":"/Users/dawsonvaldes/zotero-plugin-repos/zotero-moment-o7/src/preferences/PreferencesManager.ts","statementMap":{"0":{"start":{"line":11,"column":43},"end":{"line":19,"column":4}},"1":{"start":{"line":24,"column":4},"end":{"line":26,"column":5}},"2":{"start":{"line":25,"column":6},"end":{"line":25,"column":61}},"3":{"start":{"line":27,"column":4},"end":{"line":27,"column":39}},"4":{"start":{"line":35,"column":4},"end":{"line":40,"column":5}},"5":{"start":{"line":36,"column":22},"end":{"line":36,"column":50}},"6":{"start":{"line":37,"column":6},"end":{"line":39,"column":7}},"7":{"start":{"line":38,"column":8},"end":{"line":38,"column":54}},"8":{"start":{"line":47,"column":4},"end":{"line":56,"column":6}},"9":{"start":{"line":63,"column":20},"end":{"line":63,"column":48}},"10":{"start":{"line":64,"column":25},"end":{"line":64,"column":43}},"11":{"start":{"line":66,"column":4},"end":{"line":69,"column":5}},"12":{"start":{"line":67,"column":20},"end":{"line":67,"column":69}},"13":{"start":{"line":68,"column":6},"end":{"line":68,"column":80}},"14":{"start":{"line":68,"column":52},"end":{"line":68,"column":60}},"15":{"start":{"line":71,"column":4},"end":{"line":79,"column":5}},"16":{"start":{"line":72,"column":6},"end":{"line":78,"column":7}},"17":{"start":{"line":73,"column":8},"end":{"line":73,"column":73}},"18":{"start":{"line":74,"column":13},"end":{"line":78,"column":7}},"19":{"start":{"line":75,"column":8},"end":{"line":75,"column":73}},"20":{"start":{"line":76,"column":13},"end":{"line":78,"column":7}},"21":{"start":{"line":77,"column":8},"end":{"line":77,"column":73}},"22":{"start":{"line":80,"column":4},"end":{"line":80,"column":55}},"23":{"start":{"line":87,"column":18},"end":{"line":87,"column":64}},"24":{"start":{"line":88,"column":4},"end":{"line":88,"column":30}},"25":{"start":{"line":95,"column":20},"end":{"line":95,"column":48}},"26":{"start":{"line":97,"column":4},"end":{"line":101,"column":5}},"27":{"start":{"line":98,"column":6},"end":{"line":98,"column":49}},"28":{"start":{"line":100,"column":6},"end":{"line":100,"column":39}},"29":{"start":{"line":108,"column":4},"end":{"line":108,"column":53}},"30":{"start":{"line":115,"column":4},"end":{"line":119,"column":5}},"31":{"start":{"line":116,"column":6},"end":{"line":118,"column":7}},"32":{"start":{"line":117,"column":8},"end":{"line":117,"column":28}},"33":{"start":{"line":120,"column":4},"end":{"line":120,"column":16}},"34":{"start":{"line":127,"column":19},"end":{"line":127,"column":32}},"35":{"start":{"line":129,"column":4},"end":{"line":134,"column":6}},"36":{"start":{"line":137,"column":4},"end":{"line":139,"column":5}},"37":{"start":{"line":138,"column":6},"end":{"line":138,"column":34}},"38":{"start":{"line":146,"column":4},"end":{"line":146,"column":52}},"39":{"start":{"line":147,"column":4},"end":{"line":147,"column":58}},"40":{"start":{"line":148,"column":4},"end":{"line":148,"column":48}},"41":{"start":{"line":149,"column":4},"end":{"line":149,"column":54}},"42":{"start":{"line":150,"column":4},"end":{"line":150,"column":54}},"43":{"start":{"line":151,"column":4},"end":{"line":151,"column":66}},"44":{"start":{"line":152,"column":4},"end":{"line":152,"column":56}},"45":{"start":{"line":154,"column":4},"end":{"line":156,"column":5}},"46":{"start":{"line":155,"column":6},"end":{"line":155,"column":65}},"47":{"start":{"line":163,"column":21},"end":{"line":163,"column":53}},"48":{"start":{"line":164,"column":4},"end":{"line":166,"column":5}},"49":{"start":{"line":165,"column":6},"end":{"line":165,"column":43}},"50":{"start":{"line":168,"column":4},"end":{"line":168,"column":17}},"51":{"start":{"line":172,"column":4},"end":{"line":172,"column":74}},"52":{"start":{"line":176,"column":4},"end":{"line":176,"column":69}},"53":{"start":{"line":184,"column":4},"end":{"line":209,"column":11}},"54":{"start":{"line":7,"column":0},"end":{"line":7,"column":13}}},"fnMap":{"0":{"name":"(anonymous_0)","decl":{"start":{"line":21,"column":2},"end":{"line":21,"column":25}},"loc":{"start":{"line":21,"column":2},"end":{"line":21,"column":26}}},"1":{"name":"(anonymous_1)","decl":{"start":{"line":23,"column":2},"end":{"line":23,"column":8}},"loc":{"start":{"line":23,"column":20},"end":{"line":28,"column":3}}},"2":{"name":"(anonymous_2)","decl":{"start":{"line":33,"column":2},"end":{"line":33,"column":6}},"loc":{"start":{"line":33,"column":6},"end":{"line":41,"column":3}}},"3":{"name":"(anonymous_3)","decl":{"start":{"line":46,"column":2},"end":{"line":46,"column":8}},"loc":{"start":{"line":46,"column":8},"end":{"line":57,"column":3}}},"4":{"name":"(anonymous_4)","decl":{"start":{"line":62,"column":2},"end":{"line":62,"column":9}},"loc":{"start":{"line":62,"column":45},"end":{"line":81,"column":3}}},"5":{"name":"(anonymous_5)","decl":{"start":{"line":68,"column":37},"end":{"line":68,"column":38}},"loc":{"start":{"line":68,"column":52},"end":{"line":68,"column":60}}},"6":{"name":"(anonymous_6)","decl":{"start":{"line":86,"column":10},"end":{"line":86,"column":23}},"loc":{"start":{"line":86,"column":35},"end":{"line":89,"column":3}}},"7":{"name":"(anonymous_7)","decl":{"start":{"line":94,"column":2},"end":{"line":94,"column":9}},"loc":{"start":{"line":94,"column":68},"end":{"line":102,"column":3}}},"8":{"name":"(anonymous_8)","decl":{"start":{"line":107,"column":2},"end":{"line":107,"column":11}},"loc":{"start":{"line":107,"column":34},"end":{"line":109,"column":3}}},"9":{"name":"(anonymous_9)","decl":{"start":{"line":114,"column":2},"end":{"line":114,"column":17}},"loc":{"start":{"line":114,"column":17},"end":{"line":121,"column":3}}},"10":{"name":"(anonymous_10)","decl":{"start":{"line":126,"column":2},"end":{"line":126,"column":12}},"loc":{"start":{"line":126,"column":12},"end":{"line":140,"column":3}}},"11":{"name":"(anonymous_11)","decl":{"start":{"line":145,"column":10},"end":{"line":145,"column":24}},"loc":{"start":{"line":145,"column":65},"end":{"line":157,"column":3}}},"12":{"name":"(anonymous_12)","decl":{"start":{"line":162,"column":2},"end":{"line":162,"column":8}},"loc":{"start":{"line":162,"column":35},"end":{"line":169,"column":3}}},"13":{"name":"(anonymous_13)","decl":{"start":{"line":171,"column":2},"end":{"line":171,"column":8}},"loc":{"start":{"line":171,"column":27},"end":{"line":173,"column":3}}},"14":{"name":"(anonymous_14)","decl":{"start":{"line":175,"column":2},"end":{"line":175,"column":8}},"loc":{"start":{"line":175,"column":25},"end":{"line":177,"column":3}}},"15":{"name":"(anonymous_15)","decl":{"start":{"line":182,"column":10},"end":{"line":182,"column":27}},"loc":{"start":{"line":182,"column":27},"end":{"line":210,"column":3}}}},"branchMap":{"0":{"loc":{"start":{"line":24,"column":4},"end":{"line":26,"column":5}},"type":"if","locations":[{"start":{"line":24,"column":4},"end":{"line":26,"column":5}}]},"1":{"loc":{"start":{"line":37,"column":6},"end":{"line":39,"column":7}},"type":"if","locations":[{"start":{"line":37,"column":6},"end":{"line":39,"column":7}}]},"2":{"loc":{"start":{"line":66,"column":4},"end":{"line":69,"column":5}},"type":"if","locations":[{"start":{"line":66,"column":4},"end":{"line":69,"column":5}}]},"3":{"loc":{"start":{"line":71,"column":4},"end":{"line":79,"column":5}},"type":"if","locations":[{"start":{"line":71,"column":4},"end":{"line":79,"column":5}}]},"4":{"loc":{"start":{"line":72,"column":6},"end":{"line":78,"column":7}},"type":"if","locations":[{"start":{"line":72,"column":6},"end":{"line":78,"column":7}},{"start":{"line":74,"column":13},"end":{"line":78,"column":7}}]},"5":{"loc":{"start":{"line":74,"column":13},"end":{"line":78,"column":7}},"type":"if","locations":[{"start":{"line":74,"column":13},"end":{"line":78,"column":7}},{"start":{"line":76,"column":13},"end":{"line":78,"column":7}}]},"6":{"loc":{"start":{"line":76,"column":13},"end":{"line":78,"column":7}},"type":"if","locations":[{"start":{"line":76,"column":13},"end":{"line":78,"column":7}}]},"7":{"loc":{"start":{"line":88,"column":11},"end":{"line":88,"column":29}},"type":"binary-expr","locations":[{"start":{"line":88,"column":11},"end":{"line":88,"column":16}},{"start":{"line":88,"column":20},"end":{"line":88,"column":29}}]},"8":{"loc":{"start":{"line":97,"column":4},"end":{"line":101,"column":5}},"type":"if","locations":[{"start":{"line":97,"column":4},"end":{"line":101,"column":5}},{"start":{"line":99,"column":11},"end":{"line":101,"column":5}}]},"9":{"loc":{"start":{"line":116,"column":6},"end":{"line":118,"column":7}},"type":"if","locations":[{"start":{"line":116,"column":6},"end":{"line":118,"column":7}}]},"10":{"loc":{"start":{"line":137,"column":4},"end":{"line":139,"column":5}},"type":"if","locations":[{"start":{"line":137,"column":4},"end":{"line":139,"column":5}}]},"11":{"loc":{"start":{"line":154,"column":4},"end":{"line":156,"column":5}},"type":"if","locations":[{"start":{"line":154,"column":4},"end":{"line":156,"column":5}}]},"12":{"loc":{"start":{"line":164,"column":4},"end":{"line":166,"column":5}},"type":"if","locations":[{"start":{"line":164,"column":4},"end":{"line":166,"column":5}}]}},"s":{"0":0,"1":0,"2":0,"3":0,"4":0,"5":0,"6":0,"7":0,"8":0,"9":0,"10":0,"11":0,"12":0,"13":0,"14":0,"15":0,"16":0,"17":0,"18":0,"19":0,"20":0,"21":0,"22":0,"23":0,"24":0,"25":0,"26":0,"27":0,"28":0,"29":0,"30":0,"31":0,"32":0,"33":0,"34":0,"35":0,"36":0,"37":0,"38":0,"39":0,"40":0,"41":0,"42":0,"43":0,"44":0,"45":0,"46":0,"47":0,"48":0,"49":0,"50":0,"51":0,"52":0,"53":0,"54":0},"f":{"0":0,"1":0,"2":0,"3":0,"4":0,"5":0,"6":0,"7":0,"8":0,"9":0,"10":0,"11":0,"12":0,"13":0,"14":0,"15":0},"b":{"0":[0],"1":[0],"2":[0],"3":[0],"4":[0,0],"5":[0,0],"6":[0],"7":[0,0],"8":[0,0],"9":[0],"10":[0],"11":[0],"12":[0]}}
,"/Users/dawsonvaldes/zotero-plugin-repos/zotero-moment-o7/src/services/ArchiveCoordinator.ts": {"path":"/Users/dawsonvaldes/zotero-plugin-repos/zotero-moment-o7/src/services/ArchiveCoordinator.ts","statementMap":{"0":{"start":{"line":5,"column":0},"end":{"line":5,"column":52}},"1":{"start":{"line":13,"column":4},"end":{"line":13,"column":50}},"2":{"start":{"line":17,"column":4},"end":{"line":19,"column":5}},"3":{"start":{"line":18,"column":6},"end":{"line":18,"column":61}},"4":{"start":{"line":20,"column":4},"end":{"line":20,"column":39}},"5":{"start":{"line":30,"column":4},"end":{"line":32,"column":5}},"6":{"start":{"line":31,"column":6},"end":{"line":31,"column":57}},"7":{"start":{"line":34,"column":37},"end":{"line":34,"column":39}},"8":{"start":{"line":36,"column":4},"end":{"line":48,"column":5}},"9":{"start":{"line":37,"column":6},"end":{"line":47,"column":7}},"10":{"start":{"line":38,"column":23},"end":{"line":38,"column":62}},"11":{"start":{"line":39,"column":8},"end":{"line":39,"column":29}},"12":{"start":{"line":41,"column":8},"end":{"line":41,"column":76}},"13":{"start":{"line":42,"column":8},"end":{"line":46,"column":11}},"14":{"start":{"line":50,"column":4},"end":{"line":50,"column":19}},"15":{"start":{"line":60,"column":16},"end":{"line":60,"column":36}},"16":{"start":{"line":61,"column":4},"end":{"line":63,"column":5}},"17":{"start":{"line":62,"column":6},"end":{"line":62,"column":52}},"18":{"start":{"line":66,"column":4},"end":{"line":72,"column":5}},"19":{"start":{"line":67,"column":22},"end":{"line":67,"column":50}},"20":{"start":{"line":68,"column":6},"end":{"line":70,"column":7}},"21":{"start":{"line":69,"column":8},"end":{"line":69,"column":58}},"22":{"start":{"line":71,"column":6},"end":{"line":71,"column":69}},"23":{"start":{"line":75,"column":4},"end":{"line":75,"column":48}},"24":{"start":{"line":86,"column":4},"end":{"line":101,"column":5}},"25":{"start":{"line":87,"column":22},"end":{"line":87,"column":51}},"26":{"start":{"line":88,"column":6},"end":{"line":93,"column":8}},"27":{"start":{"line":95,"column":6},"end":{"line":100,"column":8}},"28":{"start":{"line":108,"column":30},"end":{"line":108,"column":64}},"29":{"start":{"line":110,"column":4},"end":{"line":112,"column":5}},"30":{"start":{"line":111,"column":6},"end":{"line":111,"column":57}},"31":{"start":{"line":115,"column":26},"end":{"line":115,"column":49}},"32":{"start":{"line":118,"column":28},"end":{"line":118,"column":80}},"33":{"start":{"line":120,"column":29},"end":{"line":120,"column":31}},"34":{"start":{"line":122,"column":4},"end":{"line":132,"column":5}},"35":{"start":{"line":123,"column":6},"end":{"line":131,"column":7}},"36":{"start":{"line":124,"column":23},"end":{"line":124,"column":71}},"37":{"start":{"line":125,"column":8},"end":{"line":127,"column":9}},"38":{"start":{"line":126,"column":10},"end":{"line":126,"column":24}},"39":{"start":{"line":128,"column":8},"end":{"line":128,"column":46}},"40":{"start":{"line":130,"column":8},"end":{"line":130,"column":88}},"41":{"start":{"line":134,"column":4},"end":{"line":134,"column":74}},"42":{"start":{"line":141,"column":16},"end":{"line":141,"column":36}},"43":{"start":{"line":142,"column":4},"end":{"line":144,"column":5}},"44":{"start":{"line":143,"column":6},"end":{"line":143,"column":18}},"45":{"start":{"line":147,"column":27},"end":{"line":147,"column":100}},"46":{"start":{"line":149,"column":4},"end":{"line":154,"column":5}},"47":{"start":{"line":150,"column":6},"end":{"line":150,"column":58}},"48":{"start":{"line":152,"column":6},"end":{"line":152,"column":82}},"49":{"start":{"line":153,"column":6},"end":{"line":153,"column":18}},"50":{"start":{"line":161,"column":28},"end":{"line":171,"column":6}},"51":{"start":{"line":173,"column":4},"end":{"line":173,"column":63}},"52":{"start":{"line":173,"column":44},"end":{"line":173,"column":61}},"53":{"start":{"line":180,"column":18},"end":{"line":182,"column":null}},"54":{"start":{"line":184,"column":4},"end":{"line":184,"column":52}},"55":{"start":{"line":184,"column":41},"end":{"line":184,"column":50}},"56":{"start":{"line":194,"column":68},"end":{"line":194,"column":70}},"57":{"start":{"line":195,"column":22},"end":{"line":195,"column":59}},"58":{"start":{"line":195,"column":48},"end":{"line":195,"column":57}},"59":{"start":{"line":198,"column":4},"end":{"line":204,"column":5}},"60":{"start":{"line":199,"column":22},"end":{"line":199,"column":46}},"61":{"start":{"line":200,"column":6},"end":{"line":203,"column":7}},"62":{"start":{"line":201,"column":8},"end":{"line":201,"column":30}},"63":{"start":{"line":202,"column":8},"end":{"lin
[...]
:{"line":102,"column":22}},"loc":{"start":{"line":102,"column":40},"end":{"line":116,"column":3}}},"5":{"name":"(anonymous_5)","decl":{"start":{"line":106,"column":34},"end":{"line":106,"column":38}},"loc":{"start":{"line":106,"column":41},"end":{"line":113,"column":5}}},"6":{"name":"(anonymous_6)","decl":{"start":{"line":121,"column":10},"end":{"line":121,"column":22}},"loc":{"start":{"line":121,"column":33},"end":{"line":138,"column":3}}}},"branchMap":{"0":{"loc":{"start":{"line":40,"column":4},"end":{"line":42,"column":5}},"type":"if","locations":[{"start":{"line":40,"column":4},"end":{"line":42,"column":5}}]},"1":{"loc":{"start":{"line":50,"column":4},"end":{"line":50,"column":36}},"type":"default-arg","locations":[{"start":{"line":50,"column":34},"end":{"line":50,"column":36}}]},"2":{"loc":{"start":{"line":53,"column":6},"end":{"line":53,"column":20}},"type":"default-arg","locations":[{"start":{"line":53,"column":15},"end":{"line":53,"column":20}}]},"3":{"loc":{"start":{"line":54,"column":6},"end":{"line":54,"column":18}},"type":"default-arg","locations":[{"start":{"line":54,"column":16},"end":{"line":54,"column":18}}]},"4":{"loc":{"start":{"line":56,"column":6},"end":{"line":56,"column":35}},"type":"default-arg","locations":[{"start":{"line":56,"column":16},"end":{"line":56,"column":35}}]},"5":{"loc":{"start":{"line":57,"column":6},"end":{"line":57,"column":27}},"type":"default-arg","locations":[{"start":{"line":57,"column":21},"end":{"line":57,"column":27}}]},"6":{"loc":{"start":{"line":73,"column":14},"end":{"line":73,"column":85}},"type":"cond-expr","locations":[{"start":{"line":73,"column":40},"end":{"line":73,"column":61}},{"start":{"line":73,"column":64},"end":{"line":73,"column":85}}]},"7":{"loc":{"start":{"line":104,"column":4},"end":{"line":104,"column":35}},"type":"if","locations":[{"start":{"line":104,"column":4},"end":{"line":104,"column":35}}]},"8":{"loc":{"start":{"line":108,"column":6},"end":{"line":112,"column":7}},"type":"if","locations":[{"start":{"line":108,"column":6},"end":{"line":112,"column":7}}]},"9":{"loc":{"start":{"line":122,"column":42},"end":{"line":122,"column":80}},"type":"binary-expr","locations":[{"start":{"line":122,"column":42},"end":{"line":122,"column":55}},{"start":{"line":122,"column":59},"end":{"line":122,"column":80}}]},"10":{"loc":{"start":{"line":129,"column":4},"end":{"line":135,"column":5}},"type":"if","locations":[{"start":{"line":129,"column":4},"end":{"line":135,"column":5}},{"start":{"line":131,"column":11},"end":{"line":135,"column":5}}]},"11":{"loc":{"start":{"line":129,"column":8},"end":{"line":129,"column":64}},"type":"binary-expr","locations":[{"start":{"line":129,"column":8},"end":{"line":129,"column":26}},{"start":{"line":129,"column":30},"end":{"line":129,"column":64}}]},"12":{"loc":{"start":{"line":131,"column":11},"end":{"line":135,"column":5}},"type":"if","locations":[{"start":{"line":131,"column":11},"end":{"line":135,"column":5}},{"start":{"line":133,"column":11},"end":{"line":135,"column":5}}]},"13":{"loc":{"start":{"line":133,"column":11},"end":{"line":135,"column":5}},"type":"if","locations":[{"start":{"line":133,"column":11},"end":{"line":135,"column":5}}]}},"s":{"0":10,"1":10,"2":10,"3":1,"4":9,"5":9,"6":9,"7":6,"8":6,"9":3,"10":8,"11":1,"12":6,"13":6,"14":2,"15":4,"16":8,"17":8,"18":8,"19":8,"20":8,"21":4,"22":3,"23":3,"24":3,"25":3,"26":3,"27":3,"28":0,"29":3,"30":1,"31":2,"32":1,"33":3,"34":1},"f":{"0":10,"1":9,"2":8,"3":1,"4":6,"5":8,"6":3},"b":{"0":[1],"1":[0],"2":[0],"3":[8],"4":[9],"5":[8],"6":[1,5],"7":[2],"8":[8],"9":[3,0],"10":[0,3],"11":[3,1],"12":[1,2],"13":[1]}}
,"/Users/dawsonvaldes/zotero-plugin-repos/zotero-moment-o7/src/utils/ProgressReporter.ts": {"path":"/Users/dawsonvaldes/zotero-plugin-repos/zotero-moment-o7/src/utils/ProgressReporter.ts","statementMap":{"0":{"start":{"line":25,"column":22},"end":{"line":25,"column":49}},"1":{"start":{"line":26,"column":36},"end":{"line":26,"column":38}},"2":{"start":{"line":27,"column":21},"end":{"line":27,"column":26}},"3":{"start":{"line":33,"column":4},"end":{"line":33,"column":33}},"4":{"start":{"line":36,"column":4},"end":{"line":38,"column":6}},"5":{"start":{"line":37,"column":6},"end":{"line":37,"column":38}},"6":{"start":{"line":45,"column":4},"end":{"line":45,"column":25}},"7":{"start":{"line":46,"column":4},"end":{"line":46,"column":21}},"8":{"start":{"line":47,"column":4},"end":{"line":51,"column":7}},"9":{"start":{"line":58,"column":4},"end":{"line":58,"column":31}},"10":{"start":{"line":58,"column":24},"end":{"line":58,"column":31}},"11":{"start":{"line":60,"column":4},"end":{"line":65,"column":7}},"12":{"start":{"line":72,"column":4},"end":{"line":72,"column":31}},"13":{"start":{"line":72,"column":24},"end":{"line":72,"column":31}},"14":{"start":{"line":74,"column":4},"end":{"line":79,"column":7}},"15":{"start":{"line":86,"column":4},"end":{"line":86,"column":31}},"16":{"start":{"line":86,"column":24},"end":{"line":86,"column":31}},"17":{"start":{"line":88,"column":4},"end":{"line":93,"column":7}},"18":{"start":{"line":100,"column":4},"end":{"line":100,"column":31}},"19":{"start":{"line":100,"column":24},"end":{"line":100,"column":31}},"20":{"start":{"line":102,"column":4},"end":{"line":106,"column":7}},"21":{"start":{"line":108,"column":4},"end":{"line":108,"column":26}},"22":{"start":{"line":115,"column":4},"end":{"line":115,"column":28}},"23":{"start":{"line":122,"column":4},"end":{"line":122,"column":25}},"24":{"start":{"line":129,"column":4},"end":{"line":129,"column":28}},"25":{"start":{"line":130,"column":4},"end":{"line":136,"column":7}},"26":{"start":{"line":131,"column":6},"end":{"line":135,"column":7}},"27":{"start":{"line":132,"column":8},"end":{"line":132,"column":35}},"28":{"start":{"line":134,"column":8},"end":{"line":134,"column":57}},"29":{"start":{"line":24,"column":0},"end":{"line":24,"column":13}},"30":{"start":{"line":145,"column":57},"end":{"line":145,"column":61}},"31":{"start":{"line":156,"column":4},"end":{"line":156,"column":59}},"32":{"start":{"line":157,"column":4},"end":{"line":157,"column":57}},"33":{"start":{"line":161,"column":4},"end":{"line":183,"column":5}},"34":{"start":{"line":163,"column":8},"end":{"line":163,"column":39}},"35":{"start":{"line":164,"column":8},"end":{"line":164,"column":14}},"36":{"start":{"line":167,"column":8},"end":{"line":167,"column":57}},"37":{"start":{"line":168,"column":8},"end":{"line":168,"column":14}},"38":{"start":{"line":171,"column":8},"end":{"line":171,"column":40}},"39":{"start":{"line":172,"column":8},"end":{"line":172,"column":14}},"40":{"start":{"line":175,"column":8},"end":{"line":175,"column":53}},"41":{"start":{"line":176,"column":8},"end":{"line":176,"column":14}},"42":{"start":{"line":179,"column":8},"end":{"line":181,"column":9}},"43":{"start":{"line":180,"column":10},"end":{"line":180,"column":29}},"44":{"start":{"line":182,"column":8},"end":{"line":182,"column":14}},"45":{"start":{"line":187,"column":4},"end":{"line":189,"column":7}},"46":{"start":{"line":190,"column":4},"end":{"line":190,"column":50}},"47":{"start":{"line":191,"column":4},"end":{"line":191,"column":32}},"48":{"start":{"line":195,"column":4},"end":{"line":195,"column":37}},"49":{"start":{"line":195,"column":30},"end":{"line":195,"column":37}},"50":{"start":{"line":197,"column":4},"end":{"line":197,"column":48}},"51":{"start":{"line":204,"column":4},"end":{"line":204,"column":23}},"52":{"start":{"line":206,"column":26},"end":{"line":208,"column":6}},"53":{"start":{"line":209,"column":4},"end":{"line":209,"column":44}},"54":{"start":{"line":210,"column":4},"end":{"line":210,"column":42}},"55":{"start":{"line":211,"column":4},"end":{"line":211,"column":25}},"56":{"start":{"line":212,"column":4},"end":{"line":212,"column":55}},"57":{"start":{"line":216,"column":4},"end":{"line":216,"column":23}},"58":{"start":{"line":218,"column":24},"end":{"line":220,"column":6}},"59":{"start":{"line":221,"column":4},"end":{"line":221,"column":40}},"60":{"start":{"line":222,"column":4},"end":{"line":222,"column":40}},"61":{"start":{"line":223,"column":4},"end":{"line":225,"column":5}},"62":{"start":{"line":224,"column":6},"end":{"line":224,"column":48}},"63":{"start":{"line":226,"column":4},"end":{"line":226,"column":23}},"64":{"start":{"line":227,"column":4},"end":{"line":227,"column":57}},"65":{"start":{"line":231,"column":4},"end":{"line":234,"column":5}},"66":{"start":{"line":232,"column":6},"end":{"line":232,"column":34}},"67":{"start":{"line":233,"column":6},"end":{"line":233,"column":33}},"68":{"start":{"line":144,"column":0},"end":{"line":144,"column":13}}},"fnMap":{"0":{"name":"(anonymous_0)","decl":{"start":{"line":32,"column":2},"end":{"line":32,"column":11}},"loc":{"start":{"line":32,"column":38},"end":{"line":39,"column":3}}},"1":{"name":"(anonymous_1)","decl":{"start":{"line":36,"column":11},"end":{"line":36,"column":14}},"loc":{"start":{"line":36,"column":16},"end":{"line":38,"column":5}}},"2":{"name":"(anonymous_2)","decl":{"start":{"line":44,"column":2},"end":{"line":44,"column":7}},"loc":{"start":{"line":44,"column":23},"end":{"line":52,"column":3}}},"3":{"name":"(anonymous_3)","decl":{"start":{"line":57,"column":2},"end":{"line":57,"column":8}},"loc":{"start":{"line":57,"column":43},"end":{"line":66,"column":3}}},"4":{"name":"(anonymous_4)","decl":{"start":{"line":71,"column":2},"end":{"line":71,"column":9}},"loc":{"start":{"line":71,"column":40},"end":{"line":80,"column":3}}},"5":{"name":"(anonymous_5)","decl":{"start":{"line":85,"column":2},"end":{"line":85,"column":7}},"loc":{"start":{"line":85,"column":38},"end":{"line":94,"column":3}}},"6":{"name":"(anonymous_6)","decl":{"start":{"line":99,"column":2},"end":{"line":99,"column":10}},"loc":{"start":{"line":99,"column":27},"end":{"line":109,"column":3}}},"7":{"name":"(anonymous_7)","decl":{"start":{"line":114,"column":2},"end":{"line":114,"column":11}},"loc":{"start":{"line":114,"column":11},"end":{"line":116,"column":3}}},"8":{"name":"(anonymous_8)","decl":{"start":{"line":121,"column":2},"end":{"line":121,"column":13}},"loc":{"start":{"line":121,"column":13},"end":{"line":123,"column":3}}},"9":{"name":"(anonymous_9)","decl":{"start":{"line":128,"column":10},"end":{"line":128,"column":16}},"loc":{"start":{"line":128,"column":37},"end":{"line":137,"column":3}}},"10":{"name":"(anonymous_10)","decl":{"start":{"line":130,"column":27},"end":{"line":130,"column":35}},"loc":{"start":{"line":130,"column":38},"end":{"line":136,"column":5}}},"11":{"name":"(anonymous_11)","decl":{"start":{"line":149,"column":2},"end":{"line":149,"column":null}},"loc":{"start":{"line":154,"column":10},"end":{"line":158,"column":3}}},"12":{"name":"(anonymous_12)","decl":{"start":{"line":160,"column":2},"end":{"line":160,"column":12}},"loc":{"start":{"line":160,"column":33},"end":{"line":184,"column":3}}},"13":{"name":"(anonymous_13)","decl":{"start":{"line":186,"column":10},"end":{"line":186,"column":20}},"loc":{"start":{"line":186,"column":37},"end":{"line":192,"column":3}}},"14":{"name":"(anonymous_14)","decl":{"start":{"line":194,"column":10},"end":{"line":194,"column":22}},"loc":{"start":{"line":194,"column":58},"end":{"line":201,"column":3}}},"15":{"name":"(anonymous_15)","decl":{"start":{"line":203,"column":10},"end":{"line":203,"column":21}},"loc":{"start":{"line":203,"column":37},"end":{"line":213,"column":3}}},"16":{"name":"(anonymous_16)","decl":{"start":{"line":215,"column":10},"end":{"line":215,"column":19}},"loc":{"start":{"line":215,"column":50},"end":{"line":228,"column":3}}},"17":{"name":"(anonymous_17)","decl":{"start":{"line":230,"column":10},"end":{"line":230,"column":21}},"loc":{"start":{"line":230,"column":21},"end":{"line":235,"column":3}}}},"branchMap":{"0":{"loc":{"start":{"line":58,"column":4},"end":{"line":58,"column":31}},"type":"if","locations":[{"start":{"line":58,"column":4},"end":{"line":58,"column":31}}]},"1":{"loc":{"start":{"line":72,"column":4},"end":{"line":72,"column":31}},"type":"if","locations":[{"start":{"line":72,"column":4},"end":{"line":72,"column":31}}]},"2":{"loc":{"start":{"line":86,"column":4},"end":{"line":86,"column":31}},"type":"if","locations":[{"start":{"line":86,"column":4},"end":{"line":86,"column":31}}]},"3":{"loc":{"start":{"line":100,"column":4},"end":{"line":100,"column":31}},"type":"if","locations":[{"start":{"line":100,"column":4},"end":{"line":100,"column":31}}]},"4":{"loc":{"start":{"line":104,"column":15},"end":{"line":104,"column":47}},"type":"binary-expr","locations":[{"start":{"line":104,"column":15},"end":{"line":104,"column":22}},{"start":{"line":104,"column":26},"end":{"line":104,"column":47}}]},"5":{"loc":{"start":{"line":150,"column":4},"end":{"line":154,"column":10}},"type":"default-arg","locations":[{"start":{"line":154,"column":8},"end":{"line":154,"column":10}}]},"6":{"loc":{"start":{"line":156,"column":27},"end":{"line":156,"column":58}},"type":"binary-expr","locations":[{"start":{"line":156,"column":27},"end":{"line":156,"column":50}},{"start":{"line":156,"column":54},"end":{"line":156,"column":58}}]},"7":{"loc":{"start":{"line":157,"column":26},"end":{"line":157,"column":56}},"type":"binary-expr","locations":[{"start":{"line":157,"column":26},"end":{"line":157,"column":48}},{"start":{"line":157,"column":52},"end":{"line":157,"column":56}}]},"8":{"loc":{"start":{"line":161,"column":4},"end":{"line":183,"column":5}},"type":"switch","locations":[{"start":{"line":162,"column":6},"end":{"line":164,"column":14}},{"start":{"line":166,"column":6},"end":{"line":168,"column":14}},{"start":{"line":170,"column":6},"end":{"line":172,"column":14}},{"start":{"line":174,"column":6},"end":{"line":176,"column":14}},{"start":{"line":178,"column":6},"end":{"line":182,"column":14}}]},"9":{"loc":{"start":{"line":179,"column":8},"end":{"line":181,"column":9}},"type":"if","locations":[{"start":{"line":179,"column":8},"end":{"line":181,"column":9}}]},"10":{"loc":{"start":{"line":195,"column":4},"end":{"line":195,"column":37}},"type":"if","locations":[{"start":{"line":195,"column":4},"end":{"line":195,"column":37}}]},"11":{"loc":{"start":{"line":223,"column":4},"end":{"line":225,"column":5}},"type":"if","locations":[{"start":{"line":223,"column":4},"end":{"line":225,"column":5}}]},"12":{"loc":{"start":{"line":231,"column":4},"end":{"line":234,"column":5}},"type":"if","locations":[{"start":{"line":231,"column":4},"end":{"line":234,"column":5}}]}},"s":{"0":0,"1":0,"2":0,"3":0,"4":0,"5":0,"6":0,"7":0,"8":0,"9":0,"10":0,"11":0,"12":0,"13":0,"14":0,"15":0,"16":0,"17":0,"18":0,"19":0,"20":0,"21":0,"22":0,"23":0,"24":0,"25":0,"26":0,"27":0,"28":0,"29":0,"30":0,"31":0,"32":0,"33":0,"34":0,"35":0,"36":0,"37":0,"38":0,"39":0,"40":0,"41":0,"42":0,"43":0,"44":0,"45":0,"46":0,"47":0,"48":0,"49":0,"50":0,"51":0,"52":0,"53":0,"54":0,"55":0,"56":0,"57":0,"58":0,"59":0,"60":0,"61":0,"62":0,"63":0,"64":0,"65":0,"66":0,"67":0,"68":0},"f":{"0":0,"1":0,"2":0,"3":0,"4":0,"5":0,"6":0,"7":0,"8":0,"9":0,"10":0,"11":0,"12":0,"13":0,"14":0,"15":0,"16":0,"17":0},"b":{"0":[0],"1":[0],"2":[0],"3":[0],"4":[0,0],"5":[0],"6":[0,0],"7":[0,0],"8":[0,0,0,0,0],"9":[0],"10":[0],"11":[0],"12":[0]}}
,"/Users/dawsonvaldes/zotero-plugin-repos/zotero-moment-o7/src/webapi/WebAPIClient.ts": {"path":"/Users/dawsonvaldes/zotero-plugin-repos/zotero-moment-o7/src/webapi/WebAPIClient.ts","statementMap":{"0":{"start":{"line":9,"column":20},"end":{"line":9,"column":44}},"1":{"start":{"line":10,"column":23},"end":{"line":10,"column":24}},"2":{"start":{"line":12,"column":22},"end":{"line":12,"column":55}},"3":{"start":{"line":18,"column":44},"end":{"line":20,"column":6}},"4":{"start":{"line":22,"column":4},"end":{"line":24,"column":5}},"5":{"start":{"line":23,"column":6},"end":{"line":23,"column":53}},"6":{"start":{"line":26,"column":4},"end":{"line":26,"column":19}},"7":{"start":{"line":41,"column":16},"end":{"line":41,"column":49}},"8":{"start":{"line":43,"column":4},"end":{"line":47,"column":5}},"9":{"start":{"line":44,"column":6},"end":{"line":46,"column":9}},"10":{"start":{"line":45,"column":8},"end":{"line":45,"column":44}},"11":{"start":{"line":49,"column":21},"end":{"line":57,"column":6}},"12":{"start":{"line":59,"column":4},"end":{"line":61,"column":5}},"13":{"start":{"line":60,"column":6},"end":{"line":60,"column":78}},"14":{"start":{"line":63,"column":4},"end":{"line":63,"column":45}},"15":{"start":{"line":74,"column":4},"end":{"line":77,"column":6}},"16":{"start":{"line":88,"column":4},"end":{"line":92,"column":6}},"17":{"start":{"line":103,"column":4},"end":{"line":107,"column":6}},"18":{"start":{"line":120,"column":4},"end":{"line":127,"column":6}},"19":{"start":{"line":139,"column":4},"end":{"line":145,"column":6}},"20":{"start":{"line":159,"column":4},"end":{"line":159,"column":43}},"21":{"start":{"line":172,"column":4},"end":{"line":172,"column":43}},"22":{"start":{"line":8,"column":0},"end":{"line":8,"column":13}}},"fnMap":{"0":{"name":"(anonymous_0)","decl":{"start":{"line":12,"column":2},"end":{"line":12,"column":22}},"loc":{"start":{"line":12,"column":55},"end":{"line":12,"column":59}}},"1":{"name":"(anonymous_1)","decl":{"start":{"line":17,"column":10},"end":{"line":17,"column":20}},"loc":{"start":{"line":17,"column":20},"end":{"line":27,"column":3}}},"2":{"name":"(anonymous_2)","decl":{"start":{"line":32,"column":10},"end":{"line":32,"column":15}},"loc":{"start":{"line":39,"column":5},"end":{"line":64,"column":3}}},"3":{"name":"(anonymous_3)","decl":{"start":{"line":44,"column":45},"end":{"line":44,"column":46}},"loc":{"start":{"line":44,"column":62},"end":{"line":46,"column":7}}},"4":{"name":"(anonymous_4)","decl":{"start":{"line":69,"column":2},"end":{"line":69,"column":7}},"loc":{"start":{"line":72,"column":19},"end":{"line":78,"column":3}}},"5":{"name":"(anonymous_5)","decl":{"start":{"line":83,"column":2},"end":{"line":83,"column":7}},"loc":{"start":{"line":86,"column":38},"end":{"line":93,"column":3}}},"6":{"name":"(anonymous_6)","decl":{"start":{"line":98,"column":2},"end":{"line":98,"column":7}},"loc":{"start":{"line":101,"column":40},"end":{"line":108,"column":3}}},"7":{"name":"(anonymous_7)","decl":{"start":{"line":113,"column":2},"end":{"line":113,"column":7}},"loc":{"start":{"line":118,"column":19},"end":{"line":128,"column":3}}},"8":{"name":"(anonymous_8)","decl":{"start":{"line":133,"column":2},"end":{"line":133,"column":7}},"loc":{"start":{"line":137,"column":19},"end":{"line":146,"column":3}}},"9":{"name":"(anonymous_9)","decl":{"start":{"line":152,"column":2},"end":{"line":152,"column":7}},"loc":{"start":{"line":155,"column":41},"end":{"line":160,"column":3}}},"10":{"name":"(anonymous_10)","decl":{"start":{"line":165,"column":2},"end":{"line":165,"column":7}},"loc":{"start":{"line":168,"column":20},"end":{"line":173,"column":3}}}},"branchMap":{"0":{"loc":{"start":{"line":19,"column":35},"end":{"line":19,"column":76}},"type":"binary-expr","locations":[{"start":{"line":19,"column":35},"end":{"line":19,"column":57}},{"start":{"line":19,"column":61},"end":{"line":19,"column":76}}]},"1":{"loc":{"start":{"line":22,"column":4},"end":{"line":24,"column":5}},"type":"if","locations":[{"start":{"line":22,"column":4},"end":{"line":24,"column":5}}]},"2":{"loc":{"start":{"line":43,"column":4},"end":{"line":47,"column":5}},"type":"if","locations":[{"start":{"line":43,"column":4},"end":{"line":47,"column":5}}]},"3":{"loc":{"start":{"line":55,"column":12},"end":{"line":55,"column":68}},"type":"cond-expr","locations":[{"start":{"line":55,"column":28},"end":{"line":55,"column":56}},{"start":{"line":55,"column":59},"end":{"line":55,"column":68}}]},"4":{"loc":{"start":{"line":59,"column":4},"end":{"line":61,"column":5}},"type":"if","locations":[{"start":{"line":59,"column":4},"end":{"line":61,"column":5}}]}},"s":{"0":0,"1":0,"2":0,"3":0,"4":0,"5":0,"6":0,"7":0,"8":0,"9":0,"10":0,"11":0,"12":0,"13":0,"14":0,"15":0,"16":0,"17":0,"18":0,"19":0,"20":0,"21":0,"22":0},"f":{"0":0,"1":0,"2":0,"3":0,"4":0,"5":0,"6":0,"7":0,"8":0,"9":0,"10":0},"b":{"0":[0,0],"1":[0],"2":[0],"3":[0,0],"4":[0]}}
}
