{"/Users/dawsonvaldes/zotero-plugin-repos/zotero-moment-o7/src/RobustLinkCreator.ts": {"path":"/Users/dawsonvaldes/zotero-plugin-repos/zotero-moment-o7/src/RobustLinkCreator.ts","statementMap":{"0":{"start":{"line":1,"column":0},"end":{"line":1,"column":70}},"1":{"start":{"line":35,"column":8},"end":{"line":35,"column":12}},"2":{"start":{"line":38,"column":28},"end":{"line":38,"column":67}},"3":{"start":{"line":41,"column":32},"end":{"line":46,"column":38}},"4":{"start":{"line":42,"column":29},"end":{"line":42,"column":62}},"5":{"start":{"line":44,"column":8},"end":{"line":44,"column":27}},"6":{"start":{"line":45,"column":8},"end":{"line":45,"column":19}},"7":{"start":{"line":48,"column":4},"end":{"line":51,"column":5}},"8":{"start":{"line":50,"column":6},"end":{"line":50,"column":87}},"9":{"start":{"line":54,"column":30},"end":{"line":54,"column":76}},"10":{"start":{"line":57,"column":25},"end":{"line":57,"column":69}},"11":{"start":{"line":60,"column":17},"end":{"line":65,"column":47}},"12":{"start":{"line":67,"column":4},"end":{"line":67,"column":23}},"13":{"start":{"line":78,"column":24},"end":{"line":78,"column":48}},"14":{"start":{"line":80,"column":4},"end":{"line":87,"column":61}},"15":{"start":{"line":94,"column":4},"end":{"line":142,"column":5}},"16":{"start":{"line":95,"column":21},"end":{"line":95,"column":36}},"17":{"start":{"line":96,"column":18},"end":{"line":96,"column":59}},"18":{"start":{"line":97,"column":19},"end":{"line":97,"column":59}},"19":{"start":{"line":99,"column":6},"end":{"line":101,"column":7}},"20":{"start":{"line":100,"column":8},"end":{"line":100,"column":20}},"21":{"start":{"line":103,"column":26},"end":{"line":103,"column":69}},"22":{"start":{"line":104,"column":25},"end":{"line":104,"column":67}},"23":{"start":{"line":105,"column":26},"end":{"line":105,"column":69}},"24":{"start":{"line":106,"column":20},"end":{"line":106,"column":51}},"25":{"start":{"line":109,"column":50},"end":{"line":109,"column":52}},"26":{"start":{"line":110,"column":27},"end":{"line":110,"column":74}},"27":{"start":{"line":112,"column":6},"end":{"line":123,"column":9}},"28":{"start":{"line":113,"column":21},"end":{"line":113,"column":53}},"29":{"start":{"line":114,"column":21},"end":{"line":114,"column":50}},"30":{"start":{"line":116,"column":8},"end":{"line":122,"column":9}},"31":{"start":{"line":118,"column":26},"end":{"line":118,"column":56}},"32":{"start":{"line":119,"column":10},"end":{"line":121,"column":11}},"33":{"start":{"line":120,"column":12},"end":{"line":120,"column":40}},"34":{"start":{"line":126,"column":6},"end":{"line":131,"column":7}},"35":{"start":{"line":127,"column":24},"end":{"line":127,"column":58}},"36":{"start":{"line":128,"column":8},"end":{"line":130,"column":9}},"37":{"start":{"line":129,"column":10},"end":{"line":129,"column":44}},"38":{"start":{"line":133,"column":6},"end":{"line":138,"column":8}},"39":{"start":{"line":140,"column":6},"end":{"line":140,"column":59}},"40":{"start":{"line":141,"column":6},"end":{"line":141,"column":18}},"41":{"start":{"line":146,"column":26},"end":{"line":146,"column":63}},"42":{"start":{"line":149,"column":4},"end":{"line":153,"column":5}},"43":{"start":{"line":150,"column":6},"end":{"line":152,"column":7}},"44":{"start":{"line":151,"column":8},"end":{"line":151,"column":36}},"45":{"start":{"line":156,"column":21},"end":{"line":156,"column":50}},"46":{"start":{"line":157,"column":4},"end":{"line":157,"column":26}},"47":{"start":{"line":161,"column":49},"end":{"line":167,"column":6}},"48":{"start":{"line":169,"column":4},"end":{"line":174,"column":18}},"49":{"start":{"line":171,"column":21},"end":{"line":171,"column":53}},"50":{"start":{"line":172,"column":8},"end":{"line":172,"column":116}},"51":{"start":{"line":178,"column":47},"end":{"line":195,"column":6}},"52":{"start":{"line":197,"column":4},"end":{"line":203,"column":5}},"53":{"start":{"line":198,"column":6},"end":{"line":202,"column":7}},"54":{"start":{"line":199,"column":8},"end":{"line":201,"column":9}},"55":{"start":{"line":200,"column":10},"end":{"line":200,"column":25}},"56":{"start":{"line":205,"column":4},"end":{"line":205,"column":16}},"57":{"start":{"line":209,"column":16},"end":{"line":209,"column":45}},"58":{"start":{"line":210,"column":4},"end":{"line":210,"column":27}},"59":{"start":{"line":211,"column":4},"end":{"line":211,"column":25}},"60":{"start":{"line":10,"column":0},"end":{"line":10,"column":13}},"61":{"start":{"line":11,"column":26},"end":{"line":24,"column":4}}},"fnMap":{"0":{"name":"(anonymous_0)","decl":{"start":{"line":29,"column":2},"end":{"line":29,"column":8}},"loc":{"start":{"line":29,"column":36},"end":{"line":68,"column":3}}},"1":{"name":"(anonymous_1)","decl":{"start":{"line":42,"column":14},"end":{"line":42,"column":15}},"loc":{"start":{"line":42,"column":29},"end":{"line":42,"column":62}}},"2":{"name":"(anonymous_2)","decl":{"start":{"line":43,"column":14},"end":{"line":43,"column":15}},"loc":{"start":{"line":43,"column":38},"end":{"line":46,"column":7}}},"3":{"name":"(anonymous_3)","decl":{"start":{"line":73,"column":2},"end":{"line":73,"column":8}},"loc":{"start":{"line":76,"column":31},"end":{"line":88,"column":3}}},"4":{"name":"(anonymous_4)","decl":{"start":{"line":93,"column":2},"end":{"line":93,"column":8}},"loc":{"start":{"line":93,"column":27},"end":{"line":143,"column":3}}},"5":{"name":"(anonymous_5)","decl":{"start":{"line":112,"column":27},"end":{"line":112,"column":38}},"loc":{"start":{"line":112,"column":41},"end":{"line":123,"column":7}}},"6":{"name":"(anonymous_6)","decl":{"start":{"line":145,"column":10},"end":{"line":145,"column":16}},"loc":{"start":{"line":145,"column":73},"end":{"line":158,"column":3}}},"7":{"name":"(anonymous_7)","decl":{"start":{"line":160,"column":10},"end":{"line":160,"column":16}},"loc":{"start":{"line":160,"column":71},"end":{"line":175,"column":3}}},"8":{"name":"(anonymous_8)","decl":{"start":{"line":170,"column":11},"end":{"line":170,"column":12}},"loc":{"start":{"line":170,"column":30},"end":{"line":173,"column":7}}},"9":{"name":"(anonymous_9)","decl":{"start":{"line":177,"column":10},"end":{"line":177,"column":16}},"loc":{"start":{"line":177,"column":56},"end":{"line":206,"column":3}}},"10":{"name":"(anonymous_10)","decl":{"start":{"line":208,"column":10},"end":{"line":208,"column":16}},"loc":{"start":{"line":208,"column":40},"end":{"line":212,"column":3}}}},"branchMap":{"0":{"loc":{"start":{"line":33,"column":6},"end":{"line":33,"column":44}},"type":"default-arg","locations":[{"start":{"line":33,"column":20},"end":{"line":33,"column":44}}]},"1":{"loc":{"start":{"line":34,"column":6},"end":{"line":34,"column":25}},"type":"default-arg","locations":[{"start":{"line":34,"column":14},"end":{"line":34,"column":25}}]},"2":{"loc":{"start":{"line":48,"column":4},"end":{"line":51,"column":5}},"type":"if","locations":[{"start":{"line":48,"column":4},"end":{"line":51,"column":5}}]},"3":{"loc":{"start":{"line":76,"column":4},"end":{"line":76,"column":31}},"type":"default-arg","locations":[{"start":{"line":76,"column":22},"end":{"line":76,"column":31}}]},"4":{"loc":{"start":{"line":99,"column":6},"end":{"line":101,"column":7}},"type":"if","locations":[{"start":{"line":99,"column":6},"end":{"line":101,"column":7}}]},"5":{"loc":{"start":{"line":103,"column":26},"end":{"line":103,"column":69}},"type":"binary-expr","locations":[{"start":{"line":103,"column":26},"end":{"line":103,"column":63}},{"start":{"line":103,"column":67},"end":{"line":103,"column":69}}]},"6":{"loc":{"start":{"line":104,"column":25},"end":{"line":104,"column":67}},"type":"binary-expr","locations":[{"start":{"line":104,"column":25},"end":{"line":104,"column":61}},{"start":{"line":104,"column":65},"end":{"line":104,"column":67}}]},"7":{"loc":{"start":{"line":105,"column":26},"end":{"line":105,"column":69}},"type":"binary-expr","locations":[{"start":{"line":105,"column":26},"end":{"line":105,"column":63}},{"start":{"line":105,"column":67},"end":{"line":105,"column":69}}]},"8":{"loc":{"start":{"line":106,"column":20},"end":{"line":106,"column":51}},"type":"binary-expr","locations":[{"start":{"line":106,"column":20},"end":{"line":106,"column":36}},{"start":{"line":106,"column":40},"end":{"line":106,"column":51}}]},"9":{"loc":{"start":{"line":114,"column":21},"end":{"line":114,"column":50}},"type":"binary-expr","locations":[{"start":{"line":114,"column":21},"end":{"line":114,"column":44}},{"start":{"line":114,"column":48},"end":{"line":114,"column":50}}]},"10":{"loc":{"start":{"line":116,"column":8},"end":{"line":122,"column":9}},"type":"if","locations":[{"start":{"line":116,"column":8},"end":{"line":122,"column":9}}]},"11":{"loc":{"start":{"line":116,"column":12},"end":{"line":116,"column":24}},"type":"binary-expr","locations":[{"start":{"line":116,"column":12},"end":{"line":116,"column":16}},{"start":{"line":116,"column":20},"end":{"line":116,"column":24}}]},"12":{"loc":{"start":{"line":119,"column":10},"end":{"line":121,"column":11}},"type":"if","locations":[{"start":{"line":119,"column":10},"end":{"line":121,"column":11}}]},"13":{"loc":{"start":{"line":126,"column":6},"end":{"line":131,"column":7}},"type":"if","locations":[{"start":{"line":126,"column":6},"end":{"line":131,"column":7}}]},"14":{"loc":{"start":{"line":126,"column":10},"end":{"line":126,"column":61}},"type":"binary-expr","locations":[{"start":{"line":126,"column":10},"end":{"line":126,"column":20}},{"start":{"line":126,"column":24},"end":{"line":126,"column":61}}]},"15":{"loc":{"start":{"line":128,"column":8},"end":{"line":130,"column":9}},"type":"if","locations":[{"start":{"line":128,"column":8},"end":{"line":130,"column":9}}]},"16":{"loc":{"start":{"line":150,"column":6},"end":{"line":152,"column":7}},"type":"if","locations":[{"start":{"line":150,"column":6},"end":{"line":152,"column":7}}]},"17":{"loc":{"start":{"line":157,"column":11},"end":{"line":157,"column":25}},"type":"binary-expr","locations":[{"start":{"line":157,"column":11},"end":{"line":157,"column":19}},{"start":{"line":157,"column":23},"end":{"line":157,"column":25}}]},"18":{"loc":{"start":{"line":171,"column":21},"end":{"line":171,"column":53}},"type":"binary-expr","locations":[{"start":{"line":171,"column":21},"end":{"line":171,"column":42}},{"start":{"line":171,"column":46},"end":{"line":171,"column":53}}]},"19":{"loc":{"start":{"line":199,"column":8},"end":{"line":201,"column":9}},"type":"if","locations":[{"start":{"line":199,"column":8},"end":{"line":201,"column":9}}]},"20":{"loc":{"start":{"line":199,"column":12},"end":{"line":199,"column":51}},"type":"binary-expr","locations":[{"start":{"line":199,"column":12},"end":{"line":199,"column":29}},{"start":{"line":199,"column":33},"end":{"line":199,"column":51}}]}},"s":{"0":0,"1":0,"2":0,"3":0,"4":0,"5":0,"6":0,"7":0,"8":0,"9":0,"10":0,"11":0,"12":0,"13":0,"14":0,"15":0,"16":0,"17":0,"18":0,"19":0,"20":0,"21":0,"22":0,"23":0,"24":0,"25":0,"26":0,"27":0,"28":0,"29":0,"30":0,"31":0,"32":0,"33":0,"34":0,"35":0,"36":0,"37":0,"38":0,"39":0,"40":0,"41":0,"42":0,"43":0,"44":0,"45":0,"46":0,"47":0,"48":0,"49":0,"50":0,"51":0,"52":0,"53":0,"54":0,"55":0,"56":0,"57":0,"58":0,"59":0,"60":0,"61":0},"f":{"0":0,"1":0,"2":0,"3":0,"4":0,"5":0,"6":0,"7":0,"8":0,"9":0,"10":0},"b":{"0":[0],"1":[0],"2":[0],"3":[0],"4":[0],"5":[0,0],"6":[0,0],"7":[0,0],"8":[0,0],"9":[0,0],"10":[0],"11":[0,0],"12":[0],"13":[0],"14":[0,0],"15":[0],"16":[0],"17":[0,0],"18":[0,0],"19":[0],"20":[0,0]}}
,"/Users/dawsonvaldes/zotero-plugin-repos/zotero-moment-o7/src/memento/MementoProtocol.ts": {"path":"/Users/dawsonvaldes/zotero-plugin-repos/zotero-moment-o7/src/memento/MementoProtocol.ts","statementMap":{"0":{"start":{"line":44,"column":33},"end":{"line":44,"column":35}},"1":{"start":{"line":45,"column":24},"end":{"line":45,"column":43}},"2":{"start":{"line":48,"column":4},"end":{"line":87,"column":5}},"3":{"start":{"line":49,"column":18},"end":{"line":49,"column":26}},"4":{"start":{"line":50,"column":21},"end":{"line":50,"column":29}},"5":{"start":{"line":52,"column":32},"end":{"line":55,"column":8}},"6":{"start":{"line":58,"column":27},"end":{"line":58,"column":48}},"7":{"start":{"line":61,"column":6},"end":{"line":82,"column":7}},"8":{"start":{"line":62,"column":20},"end":{"line":62,"column":33}},"9":{"start":{"line":63,"column":22},"end":{"line":63,"column":35}},"10":{"start":{"line":65,"column":8},"end":{"line":81,"column":9}},"11":{"start":{"line":67,"column":12},"end":{"line":67,"column":42}},"12":{"start":{"line":68,"column":12},"end":{"line":68,"column":18}},"13":{"start":{"line":70,"column":12},"end":{"line":70,"column":34}},"14":{"start":{"line":71,"column":12},"end":{"line":71,"column":18}},"15":{"start":{"line":73,"column":12},"end":{"line":73,"column":30}},"16":{"start":{"line":74,"column":12},"end":{"line":74,"column":18}},"17":{"start":{"line":76,"column":12},"end":{"line":76,"column":30}},"18":{"start":{"line":77,"column":12},"end":{"line":77,"column":18}},"19":{"start":{"line":79,"column":12},"end":{"line":79,"column":31}},"20":{"start":{"line":80,"column":12},"end":{"line":80,"column":18}},"21":{"start":{"line":84,"column":6},"end":{"line":86,"column":7}},"22":{"start":{"line":85,"column":8},"end":{"line":85,"column":25}},"23":{"start":{"line":89,"column":4},"end":{"line":89,"column":17}},"24":{"start":{"line":96,"column":4},"end":{"line":125,"column":18}},"25":{"start":{"line":97,"column":19},"end":{"line":97,"column":34}},"26":{"start":{"line":98,"column":31},"end":{"line":98,"column":33}},"27":{"start":{"line":100,"column":6},"end":{"line":102,"column":7}},"28":{"start":{"line":101,"column":8},"end":{"line":101,"column":51}},"29":{"start":{"line":104,"column":6},"end":{"line":106,"column":7}},"30":{"start":{"line":105,"column":8},"end":{"line":105,"column":51}},"31":{"start":{"line":108,"column":6},"end":{"line":110,"column":7}},"32":{"start":{"line":109,"column":8},"end":{"line":109,"column":43}},"33":{"start":{"line":112,"column":6},"end":{"line":114,"column":7}},"34":{"start":{"line":113,"column":8},"end":{"line":113,"column":43}},"35":{"start":{"line":116,"column":6},"end":{"line":118,"column":7}},"36":{"start":{"line":117,"column":8},"end":{"line":117,"column":45}},"37":{"start":{"line":120,"column":6},"end":{"line":122,"column":7}},"38":{"start":{"line":121,"column":8},"end":{"line":121,"column":43}},"39":{"start":{"line":124,"column":6},"end":{"line":124,"column":20}},"40":{"start":{"line":132,"column":29},"end":{"line":135,"column":6}},"41":{"start":{"line":137,"column":4},"end":{"line":139,"column":5}},"42":{"start":{"line":138,"column":6},"end":{"line":138,"column":43}},"43":{"start":{"line":141,"column":4},"end":{"line":143,"column":5}},"44":{"start":{"line":142,"column":6},"end":{"line":142,"column":43}},"45":{"start":{"line":145,"column":4},"end":{"line":147,"column":5}},"46":{"start":{"line":146,"column":6},"end":{"line":146,"column":41}},"47":{"start":{"line":149,"column":4},"end":{"line":155,"column":5}},"48":{"start":{"line":150,"column":6},"end":{"line":154,"column":10}},"49":{"start":{"line":150,"column":61},"end":{"line":154,"column":8}},"50":{"start":{"line":157,"column":4},"end":{"line":157,"column":19}},"51":{"start":{"line":164,"column":29},"end":{"line":167,"column":6}},"52":{"start":{"line":169,"column":18},"end":{"line":169,"column":62}},"53":{"start":{"line":169,"column":50},"end":{"line":169,"column":61}},"54":{"start":{"line":171,"column":4},"end":{"line":189,"column":5}},"55":{"start":{"line":172,"column":20},"end":{"line":172,"column":46}},"56":{"start":{"line":174,"column":6},"end":{"line":188,"column":7}},"57":{"start":{"line":175,"column":8},"end":{"line":187,"column":9}},"58":{"start":{"line":176,"column":10},"end":{"line":176,"column":38}},"59":{"start":{"line":177,"column":15},"end":{"line":187,"column":9}},"60":{"start":{"line":178,"column":10},"end":{"line":178,"column":38}},"61":{"start":{"line":179,"column":15},"end":{"line":187,"column":9}},"62":{"start":{"line":180,"column":10},"end":{"line":180,"column":37}},"63":{"start":{"line":181,"column":15},"end":{"line":187,"column":9}},"64":{"start":{"line":182,"column":10},"end":{"line":186,"column":13}},"65":{"start":{"line":191,"column":4},"end":{"line":191,"column":19}},"66":{"start":{"line":198,"column":4},"end":{"line":200,"column":5}},"67":{"start":{"line":199,"column":6},"end":{"line":199,"column":18}},"68":{"start":{"line":202,"column":4},"end":{"line":209,"column":5}},"69":{"start":{"line":204,"column":6},"end":{"line":208,"column":9}},"70":{"start":{"line":205,"column":27},"end":{"line":205,"column":52}},"71":{"start":{"line":206,"column":28},"end":{"line":206,"column":54}},"72":{"start":{"line":207,"column":8},"end":{"line":207,"column":59}},"73":{"start":{"line":212,"column":4},"end":{"line":216,"column":7}},"74":{"start":{"line":213,"column":26},"end":{"line":213,"column":95}},"75":{"start":{"line":214,"column":26},"end":{"line":214,"column":95}},"76":{"start":{"line":215,"column":6},"end":{"line":215,"column":59}},"77":{"start":{"line":223,"column":4},"end":{"line":223,"column":30}},"78":{"start":{"line":230,"column":4},"end":{"line":230,"column":29}},"79":{"start":{"line":237,"column":23},"end":{"line":237,"column":67}},"80":{"start":{"line":238,"column":4},"end":{"line":240,"column":5}},"81":{"start":{"line":239,"column":6},"end":{"line":239,"column":19}},"82":{"start":{"line":242,"column":18},"end":{"line":242,"column":50}},"83":{"start":{"line":243,"column":4},"end":{"line":243,"column":60}},"84":{"start":{"line":243,"column":30},"end":{"line":243,"column":58}},"85":{"start":{"line":250,"column":23},"end":{"line":250,"column":67}},"86":{"start":{"line":251,"column":28},"end":{"line":251,"column":96}},"87":{"start":{"line":253,"column":4},"end":{"line":255,"column":5}},"88":{"start":{"line":254,"column":6},"end":{"line":254,"column":18}},"89":{"start":{"line":257,"column":18},"end":{"line":257,"column":50}},"90":{"start":{"line":258,"column":24},"end":{"line":258,"column":72}},"91":{"start":{"line":258,"column":43},"end":{"line":258,"column":71}},"92":{"start":{"line":259,"column":25},"end":{"line":259,"column":74}},"93":{"start":{"line":259,"column":44},"end":{"line":259,"column":73}},"94":{"start":{"line":261,"column":4},"end":{"line":263,"column":5}},"95":{"start":{"line":262,"column":6},"end":{"line":262,"column":18}},"96":{"start":{"line":265,"column":4},"end":{"line":270,"column":6}},"97":{"start":{"line":35,"column":0},"end":{"line":35,"column":13}},"98":{"start":{"line":36,"column":26},"end":{"line":36,"column":47}},"99":{"start":{"line":37,"column":26},"end":{"line":37,"column":71}}},"fnMap":{"0":{"name":"(anonymous_0)","decl":{"start":{"line":43,"column":2},"end":{"line":43,"column":8}},"loc":{"start":{"line":43,"column":39},"end":{"line":90,"column":3}}},"1":{"name":"(anonymous_1)","decl":{"start":{"line":95,"column":2},"end":{"line":95,"column":8}},"loc":{"start":{"line":95,"column":46},"end":{"line":126,"column":3}}},"2":{"name":"(anonymous_2)","decl":{"start":{"line":96,"column":21},"end":{"line":96,"column":25}},"loc":{"start":{"line":96,"column":28},"end":{"line":125,"column":5}}},"3":{"name":"(anonymous_3)","decl":{"start":{"line":131,"column":2},"end":{"line":131,"column":8}},"loc":{"start":{"line":131,"column":31},"end":{"line":158,"column":3}}},"4":{"name":"(anonymous_4)","decl":{"start":{"line":150,"column":48},"end":{"line":150,"column":49}},"loc":{"start":{"line":150,"column":61},"end":{"line":154,"column":8}}},"5":{"name":"(anonymous_5)","decl":{"start":{"line":163,"column":2},"end":{"line":163,"column":8}},"loc":{"start":{"line":163,"column":44},"end":{"line":192,"column":3}}},"6":{"name":"(anonymous_6)","decl":{"start":{"line":169,"column":42},"end":{"line":169,"column":46}},"loc":{"start":{"line":169,"column":50},"end":{"line":169,"column":61}}},"7":{"name":"(anonymous_7)","decl":{"start":{"line":197,"column":2},"end":{"line":197,"column":8}},"loc":{"start":{"line":197,"column":63},"end":{"line":217,"column":3}}},"8":{"name":"(anonymous_8)","decl":{"start":{"line":204,"column":29},"end":{"line":204,"column":30}},"loc":{"start":{"line":204,"column":49},"end":{"line":208,"column":7}}},"9":{"name":"(anonymous_9)","decl":{"start":{"line":212,"column":27},"end":{"line":212,"column":28}},"loc":{"start":{"line":212,"column":48},"end":{"line":216,"column":5}}},"10":{"name":"(anonymous_10)","decl":{"start":{"line":222,"column":2},"end":{"line":222,"column":8}},"loc":{"start":{"line":222,"column":34},"end":{"line":224,"column":3}}},"11":{"name":"(anonymous_11)","decl":{"start":{"line":229,"column":2},"end":{"line":229,"column":8}},"loc":{"start":{"line":229,"column":38},"end":{"line":231,"column":3}}},"12":{"name":"(anonymous_12)","decl":{"start":{"line":236,"column":2},"end":{"line":236,"column":8}},"loc":{"start":{"line":236,"column":50},"end":{"line":244,"column":3}}},"13":{"name":"(anonymous_13)","decl":{"start":{"line":243,"column":22},"end":{"line":243,"column":26}},"loc":{"start":{"line":243,"column":30},"end":{"line":243,"column":58}}},"14":{"name":"(anonymous_14)","decl":{"start":{"line":249,"column":2},"end":{"line":249,"column":8}},"loc":{"start":{"line":249,"column":59},"end":{"line":271,"column":3}}},"15":{"name":"(anonymous_15)","decl":{"start":{"line":258,"column":35},"end":{"line":258,"column":39}},"loc":{"start":{"line":258,"column":43},"end":{"line":258,"column":71}}},"16":{"name":"(anonymous_16)","decl":{"start":{"line":259,"column":36},"end":{"line":259,"column":40}},"loc":{"start":{"line":259,"column":44},"end":{"line":259,"column":73}}}},"branchMap":{"0":{"loc":{"start":{"line":65,"column":8},"end":{"line":81,"column":9}},"type":"switch","locations":[{"start":{"line":66,"column":10},"end":{"line":68,"column":18}},{"start":{"line":69,"column":10},"end":{"line":71,"column":18}},{"start":{"line":72,"column":10},"end":{"line":74,"column":18}},{"start":{"line":75,"column":10},"end":{"line":77,"column":18}},{"start":{"line":78,"column":10},"end":{"line":80,"column":18}}]},"1":{"loc":{"start":{"line":84,"column":6},"end":{"line":86,"column":7}},"type":"if","locations":[{"start":{"line":84,"column":6},"end":{"line":86,"column":7}}]},"2":{"loc":{"start":{"line":100,"column":6},"end":{"line":102,"column":7}},"type":"if","locations":[{"start":{"line":100,"column":6},"end":{"line":102,"column":7}}]},"3":{"loc":{"start":{"line":104,"column":6},"end":{"line":106,"column":7}},"type":"if","locations":[{"start":{"line":104,"column":6},"end":{"line":106,"column":7}}]},"4":{"loc":{"start":{"line":108,"column":6},"end":{"line":110,"column":7}},"type":"if","locations":[{"start":{"line":108,"column":6},"end":{"line":110,"column":7}}]},"5":{"loc":{"start":{"line":112,"column":6},"end":{"line":114,"column":7}},"type":"if","locations":[{"start":{"line":112,"column":6},"end":{"line":114,"column":7}}]},"6":{"loc":{"start":{"line":116,"column":6},"end":{"line":118,"column":7}},"type":"if","locations":[{"start":{"line":116,"column":6},"end":{"line":118,"column":7}}]},"7":{"loc":{"start":{"line":120,"column":6},"end":{"line":122,"column":7}},"type":"if","locations":[{"start":{"line":120,"column":6},"end":{"line":122,"column":7}}]},"8":{"loc":{"start":{"line":137,"column":4},"end":{"line":139,"column":5}},"type":"if","locations":[{"start":{"line":137,"column":4},"end":{"line":139,"column":5}}]},"9":{"loc":{"start":{"line":141,"column":4},"end":{"line":143,"column":5}},"type":"if","locations":[{"start":{"line":141,"column":4},"end":{"line":143,"column":5}}]},"10":{"loc":{"start":{"line":145,"column":4},"end":{"line":147,"column":5}},"type":"if","locations":[{"start":{"line":145,"column":4},"end":{"line":147,"column":5}}]},"11":{"loc":{"start":{"line":149,"column":4},"end":{"line":155,"column":5}},"type":"if","locations":[{"start":{"line":149,"column":4},"end":{"line":155,"column":5}}]},"12":{"loc":{"start":{"line":149,"column":8},"end":{"line":149,"column":58}},"type":"binary-expr","locations":[{"start":{"line":149,"column":8},"end":{"line":149,"column":21}},{"start":{"line":149,"column":25},"end":{"line":149,"column":58}}]},"13":{"loc":{"start":{"line":153,"column":13},"end":{"line":153,"column":44}},"type":"cond-expr","locations":[{"start":{"line":153,"column":21},"end":{"line":153,"column":39}},{"start":{"line":153,"column":42},"end":{"line":153,"column":44}}]},"14":{"loc":{"start":{"line":175,"column":8},"end":{"line":187,"column":9}},"type":"if","locations":[{"start":{"line":175,"column":8},"end":{"line":187,"column":9}},{"start":{"line":177,"column":15},"end":{"line":187,"column":9}}]},"15":{"loc":{"start":{"line":177,"column":15},"end":{"line":187,"column":9}},"type":"if","locations":[{"start":{"line":177,"column":15},"end":{"line":187,"column":9}},{"start":{"line":179,"column":15},"end":{"line":187,"column":9}}]},"16":{"loc":{"start":{"line":179,"column":15},"end":{"line":187,"column":9}},"type":"if","locations":[{"start":{"line":179,"column":15},"end":{"line":187,"column":9}},{"start":{"line":181,"column":15},"end":{"line":187,"column":9}}]},"17":{"loc":{"start":{"line":179,"column":19},"end":{"line":179,"column":78}},"type":"binary-expr","locations":[{"start":{"line":179,"column":19},"end":{"line":179,"column":44}},{"start":{"line":179,"column":48},"end":{"line":179,"column":78}}]},"18":{"loc":{"start":{"line":181,"column":15},"end":{"line":187,"column":9}},"type":"if","locations":[{"start":{"line":181,"column":15},"end":{"line":187,"column":9}}]},"19":{"loc":{"start":{"line":181,"column":19},"end":{"line":181,"column":64}},"type":"binary-expr","locations":[{"start":{"line":181,"column":19},"end":{"line":181,"column":47}},{"start":{"line":181,"column":51},"end":{"line":181,"column":64}}]},"20":{"loc":{"start":{"line":198,"column":4},"end":{"line":200,"column":5}},"type":"if","locations":[{"start":{"line":198,"column":4},"end":{"line":200,"column":5}}]},"21":{"loc":{"start":{"line":202,"column":4},"end":{"line":209,"column":5}},"type":"if","locations":[{"start":{"line":202,"column":4},"end":{"line":209,"column":5}}]},"22":{"loc":{"start":{"line":207,"column":15},"end":{"line":207,"column":58}},"type":"cond-expr","locations":[{"start":{"line":207,"column":42},"end":{"line":207,"column":49}},{"start":{"line":207,"column":52},"end":{"line":207,"column":58}}]},"23":{"loc":{"start":{"line":215,"column":13},"end":{"line":215,"column":58}},"type":"cond-expr","locations":[{"start":{"line":215,"column":41},"end":{"line":215,"column":48}},{"start":{"line":215,"column":51},"end":{"line":215,"column":58}}]},"24":{"loc":{"start":{"line":237,"column":23},"end":{"line":237,"column":67}},"type":"binary-expr","locations":[{"start":{"line":237,"column":23},"end":{"line":237,"column":48}},{"start":{"line":237,"column":52},"end":{"line":237,"column":67}}]},"25":{"loc":{"start":{"line":238,"column":4},"end":{"line":240,"column":5}},"type":"if","locations":[{"start":{"line":238,"column":4},"end":{"line":240,"column":5}}]},"26":{"loc":{"start":{"line":250,"column":23},"end":{"line":250,"column":67}},"type":"binary-expr","locations":[{"start":{"line":250,"column":23},"end":{"line":250,"column":48}},{"start":{"line":250,"column":52},"end":{"line":250,"column":67}}]},"27":{"loc":{"start":{"line":251,"column":28},"end":{"line":251,"column":96}},"type":"binary-expr","locations":[{"start":{"line":251,"column":28},"end":{"line":251,"column":65}},{"start":{"line":251,"column":69},"end":{"line":251,"column":96}}]},"28":{"loc":{"start":{"line":253,"column":4},"end":{"line":255,"column":5}},"type":"if","locations":[{"start":{"line":253,"column":4},"end":{"line":255,"column":5}}]},"29":{"loc":{"start":{"line":261,"column":4},"end":{"line":263,"column":5}},"type":"if","locations":[{"start":{"line":261,"column":4},"end":{"line":263,"column":5}}]},"30":{"loc":{"start":{"line":261,"column":8},"end":{"line":261,"column":37}},"type":"binary-expr","locations":[{"start":{"line":261,"column":8},"end":{"line":261,"column":20}},{"start":{"line":261,"column":24},"end":{"line":261,"column":37}}]},"31":{"loc":{"start":{"line":267,"column":23},"end":{"line":267,"column":68}},"type":"binary-expr","locations":[{"start":{"line":267,"column":23},"end":{"line":267,"column":38}},{"start":{"line":267,"column":42},"end":{"line":267,"column":62}},{"start":{"line":267,"column":66},"end":{"line":267,"column":68}}]}},"s":{"0":0,"1":0,"2":0,"3":0,"4":0,"5":0,"6":0,"7":0,"8":0,"9":0,"10":0,"11":0,"12":0,"13":0,"14":0,"15":0,"16":0,"17":0,"18":0,"19":0,"20":0,"21":0,"22":0,"23":0,"24":0,"25":0,"26":0,"27":0,"28":0,"29":0,"30":0,"31":0,"32":0,"33":0,"34":0,"35":0,"36":0,"37":0,"38":0,"39":0,"40":0,"41":0,"42":0,"43":0,"44":0,"45":0,"46":0,"47":0,"48":0,"49":0,"50":0,"51":0,"52":0,"53":0,"54":0,"55":0,"56":0,"57":0,"58":0,"59":0,"60":0,"61":0,"62":0,"63":0,"64":0,"65":0,"66":0,"67":0,"68":0,"69":0,"70":0,"71":0,"72":0,"73":0,"74":0,"75":0,"76":0,"77":0,"78":0,"79":0,"80":0,"81":0,"82":0,"83":0,"84":0,"85":0,"86":0,"87":0,"88":0,"89":0,"90":0,"91":0,"92":0,"93":0,"94":0,"95":0,"96":0,"97":0,"98":0,"99":0},"f":{"0":0,"1":0,"2":0,"3":0,"4":0,"5":0,"6":0,"7":0,"8":0,"9":0,"10":0,"11":0,"12":0,"13":0,"14":0,"15":0,"16":0},"b":{"0":[0,0,0,0,0],"1":[0],"2":[0],"3":[0],"4":[0],"5":[0],"6":[0],"7":[0],"8":[0],"9":[0],"10":[0],"11":[0],"12":[0,0],"13":[0,0],"14":[0,0],"15":[0,0],"16":[0,0],"17":[0,0],"18":[0],"19":[0,0],"20":[0],"21":[0],"22":[0,0],"23":[0,0],"24":[0,0],"25":[0],"26":[0,0],"27":[0,0],"28":[0],"29":[0],"30":[0,0],"31":[0,0,0]}}
,"/Users/dawsonvaldes/zotero-plugin-repos/zotero-moment-o7/src/services/ArchiveServiceFactory.ts": {"path":"/Users/dawsonvaldes/zotero-plugin-repos/zotero-moment-o7/src/services/ArchiveServiceFactory.ts","statementMap":{"0":{"start":{"line":7,"column":0},"end":{"line":7,"column":66}},"1":{"start":{"line":8,"column":0},"end":{"line":8,"column":60}},"2":{"start":{"line":9,"column":0},"end":{"line":9,"column":50}},"3":{"start":{"line":10,"column":0},"end":{"line":10,"column":60}},"4":{"start":{"line":11,"column":0},"end":{"line":11,"column":54}},"5":{"start":{"line":50,"column":4},"end":{"line":52,"column":5}},"6":{"start":{"line":51,"column":6},"end":{"line":51,"column":39}},"7":{"start":{"line":54,"column":31},"end":{"line":54,"column":65}},"8":{"start":{"line":55,"column":4},"end":{"line":57,"column":5}},"9":{"start":{"line":56,"column":6},"end":{"line":56,"column":55}},"10":{"start":{"line":59,"column":21},"end":{"line":59,"column":45}},"11":{"start":{"line":60,"column":4},"end":{"line":60,"column":39}},"12":{"start":{"line":61,"column":4},"end":{"line":61,"column":20}},"13":{"start":{"line":68,"column":21},"end":{"line":68,"column":54}},"14":{"start":{"line":70,"column":4},"end":{"line":79,"column":5}},"15":{"start":{"line":71,"column":6},"end":{"line":71,"column":36}},"16":{"start":{"line":71,"column":27},"end":{"line":71,"column":36}},"17":{"start":{"line":73,"column":6},"end":{"line":78,"column":7}},"18":{"start":{"line":74,"column":24},"end":{"line":74,"column":48}},"19":{"start":{"line":75,"column":8},"end":{"line":75,"column":42}},"20":{"start":{"line":77,"column":8},"end":{"line":77,"column":73}},"21":{"start":{"line":81,"column":4},"end":{"line":81,"column":20}},"22":{"start":{"line":88,"column":4},"end":{"line":88,"column":55}},"23":{"start":{"line":95,"column":4},"end":{"line":95,"column":61}},"24":{"start":{"line":103,"column":4},"end":{"line":103,"column":52}},"25":{"start":{"line":111,"column":4},"end":{"line":111,"column":27}},"26":{"start":{"line":122,"column":4},"end":{"line":131,"column":5}},"27":{"start":{"line":123,"column":22},"end":{"line":123,"column":39}},"28":{"start":{"line":124,"column":6},"end":{"line":128,"column":8}},"29":{"start":{"line":130,"column":6},"end":{"line":130,"column":18}},"30":{"start":{"line":33,"column":0},"end":{"line":33,"column":13}},"31":{"start":{"line":34,"column":17},"end":{"line":40,"column":5}},"32":{"start":{"line":42,"column":17},"end":{"line":42,"column":68}},"33":{"start":{"line":158,"column":4},"end":{"line":169,"column":5}},"34":{"start":{"line":159,"column":21},"end":{"line":159,"column":33}},"35":{"start":{"line":160,"column":21},"end":{"line":160,"column":50}},"36":{"start":{"line":162,"column":6},"end":{"line":166,"column":7}},"37":{"start":{"line":163,"column":8},"end":{"line":165,"column":9}},"38":{"start":{"line":164,"column":10},"end":{"line":164,"column":26}},"39":{"start":{"line":171,"column":4},"end":{"line":171,"column":47}},"40":{"start":{"line":181,"column":23},"end":{"line":181,"column":49}},"41":{"start":{"line":184,"column":22},"end":{"line":185,"column":null}},"42":{"start":{"line":185,"column":6},"end":{"line":185,"column":33}},"43":{"start":{"line":189,"column":22},"end":{"line":191,"column":69}},"44":{"start":{"line":190,"column":25},"end":{"line":190,"column":68}},"45":{"start":{"line":191,"column":25},"end":{"line":191,"column":68}},"46":{"start":{"line":193,"column":4},"end":{"line":193,"column":57}},"47":{"start":{"line":139,"column":0},"end":{"line":139,"column":13}},"48":{"start":{"line":140,"column":17},"end":{"line":152,"column":5}}},"fnMap":{"0":{"name":"(anonymous_0)","decl":{"start":{"line":48,"column":2},"end":{"line":48,"column":8}},"loc":{"start":{"line":48,"column":33},"end":{"line":62,"column":3}}},"1":{"name":"(anonymous_1)","decl":{"start":{"line":67,"column":2},"end":{"line":67,"column":8}},"loc":{"start":{"line":67,"column":57},"end":{"line":82,"column":3}}},"2":{"name":"(anonymous_2)","decl":{"start":{"line":87,"column":2},"end":{"line":87,"column":8}},"loc":{"start":{"line":87,"column":26},"end":{"line":89,"column":3}}},"3":{"name":"(anonymous_3)","decl":{"start":{"line":94,"column":2},"end":{"line":94,"column":8}},"loc":{"start":{"line":94,"column":34},"end":{"line":96,"column":3}}},"4":{"name":"(anonymous_4)","decl":{"start":{"line":102,"column":2},"end":{"line":102,"column":8}},"loc":{"start":{"line":102,"column":73},"end":{"line":104,"column":3}}},"5":{"name":"(anonymous_5)","decl":{"start":{"line":110,"column":2},"end":{"line":110,"column":8}},"loc":{"start":{"line":110,"column":23},"end":{"line":112,"column":3}}},"6":{"name":"(anonymous_6)","decl":{"start":{"line":117,"column":2},"end":{"line":117,"column":8}},"loc":{"start":{"line":117,"column":45},"end":{"line":132,"column":3}}},"7":{"name":"(anonymous_7)","decl":{"start":{"line":157,"column":2},"end":{"line":157,"column":8}},"loc":{"start":{"line":157,"column":37},"end":{"line":172,"column":3}}},"8":{"name":"(anonymous_8)","decl":{"start":{"line":177,"column":2},"end":{"line":177,"column":8}},"loc":{"start":{"line":179,"column":34},"end":{"line":194,"column":3}}},"9":{"name":"(anonymous_9)","decl":{"start":{"line":184,"column":40},"end":{"line":184,"column":44}},"loc":{"start":{"line":185,"column":6},"end":{"line":185,"column":33}}},"10":{"name":"(anonymous_10)","decl":{"start":{"line":190,"column":14},"end":{"line":190,"column":21}},"loc":{"start":{"line":190,"column":25},"end":{"line":190,"column":68}}},"11":{"name":"(anonymous_11)","decl":{"start":{"line":191,"column":14},"end":{"line":191,"column":21}},"loc":{"start":{"line":191,"column":25},"end":{"line":191,"column":68}}}},"branchMap":{"0":{"loc":{"start":{"line":50,"column":4},"end":{"line":52,"column":5}},"type":"if","locations":[{"start":{"line":50,"column":4},"end":{"line":52,"column":5}}]},"1":{"loc":{"start":{"line":55,"column":4},"end":{"line":57,"column":5}},"type":"if","locations":[{"start":{"line":55,"column":4},"end":{"line":57,"column":5}}]},"2":{"loc":{"start":{"line":71,"column":6},"end":{"line":71,"column":36}},"type":"if","locations":[{"start":{"line":71,"column":6},"end":{"line":71,"column":36}}]},"3":{"loc":{"start":{"line":126,"column":23},"end":{"line":126,"column":92}},"type":"binary-expr","locations":[{"start":{"line":126,"column":23},"end":{"line":126,"column":83}},{"start":{"line":126,"column":87},"end":{"line":126,"column":92}}]},"4":{"loc":{"start":{"line":127,"column":23},"end":{"line":127,"column":65}},"type":"binary-expr","locations":[{"start":{"line":127,"column":23},"end":{"line":127,"column":59}},{"start":{"line":127,"column":63},"end":{"line":127,"column":65}}]},"5":{"loc":{"start":{"line":163,"column":8},"end":{"line":165,"column":9}},"type":"if","locations":[{"start":{"line":163,"column":8},"end":{"line":165,"column":9}}]}},"s":{"0":0,"1":0,"2":0,"3":0,"4":0,"5":0,"6":0,"7":0,"8":0,"9":0,"10":0,"11":0,"12":0,"13":0,"14":0,"15":0,"16":0,"17":0,"18":0,"19":0,"20":0,"21":0,"22":0,"23":0,"24":0,"25":0,"26":0,"27":0,"28":0,"29":0,"30":0,"31":0,"32":0,"33":0,"34":0,"35":0,"36":0,"37":0,"38":0,"39":0,"40":0,"41":0,"42":0,"43":0,"44":0,"45":0,"46":0,"47":0,"48":0},"f":{"0":0,"1":0,"2":0,"3":0,"4":0,"5":0,"6":0,"7":0,"8":0,"9":0,"10":0,"11":0},"b":{"0":[0],"1":[0],"2":[0],"3":[0,0],"4":[0,0],"5":[0]}}
,"/Users/dawsonvaldes/zotero-plugin-repos/zotero-moment-o7/src/services/ArchiveTodayService.ts": {"path":"/Users/dawsonvaldes/zotero-plugin-repos/zotero-moment-o7/src/services/ArchiveTodayService.ts","statementMap":{"0":{"start":{"line":1,"column":0},"end":{"line":1,"column":58}},"1":{"start":{"line":3,"column":0},"end":{"line":3,"column":71}},"2":{"start":{"line":10,"column":4},"end":{"line":20,"column":7}},"3":{"start":{"line":7,"column":10},"end":{"line":7,"column":42}},"4":{"start":{"line":24,"column":4},"end":{"line":24,"column":16}},"5":{"start":{"line":30,"column":4},"end":{"line":52,"column":5}},"6":{"start":{"line":32,"column":6},"end":{"line":42,"column":7}},"7":{"start":{"line":33,"column":8},"end":{"line":41,"column":9}},"8":{"start":{"line":34,"column":25},"end":{"line":34,"column":67}},"9":{"start":{"line":35,"column":10},"end":{"line":37,"column":11}},"10":{"start":{"line":36,"column":12},"end":{"line":36,"column":26}},"11":{"start":{"line":39,"column":10},"end":{"line":39,"column":93}},"12":{"start":{"line":40,"column":10},"end":{"line":40,"column":39}},"13":{"start":{"line":45,"column":6},"end":{"line":45,"column":55}},"14":{"start":{"line":48,"column":6},"end":{"line":51,"column":31}},"15":{"start":{"line":56,"column":4},"end":{"line":56,"column":80}},"16":{"start":{"line":58,"column":20},"end":{"line":58,"column":65}},"17":{"start":{"line":59,"column":21},"end":{"line":68,"column":null}},"18":{"start":{"line":71,"column":4},"end":{"line":73,"column":5}},"19":{"start":{"line":72,"column":6},"end":{"line":72,"column":65}},"20":{"start":{"line":75,"column":17},"end":{"line":75,"column":42}},"21":{"start":{"line":77,"column":4},"end":{"line":79,"column":5}},"22":{"start":{"line":78,"column":6},"end":{"line":78,"column":34}},"23":{"start":{"line":81,"column":4},"end":{"line":83,"column":5}},"24":{"start":{"line":82,"column":6},"end":{"line":82,"column":62}},"25":{"start":{"line":85,"column":4},"end":{"line":93,"column":6}},"26":{"start":{"line":97,"column":4},"end":{"line":97,"column":79}},"27":{"start":{"line":99,"column":20},"end":{"line":99,"column":65}},"28":{"start":{"line":102,"column":27},"end":{"line":111,"column":null}},"29":{"start":{"line":114,"column":4},"end":{"line":116,"column":5}},"30":{"start":{"line":115,"column":6},"end":{"line":115,"column":74}},"31":{"start":{"line":119,"column":24},"end":{"line":119,"column":68}},"32":{"start":{"line":121,"column":4},"end":{"line":123,"column":5}},"33":{"start":{"line":122,"column":6},"end":{"line":122,"column":70}},"34":{"start":{"line":125,"column":4},"end":{"line":133,"column":6}},"35":{"start":{"line":138,"column":21},"end":{"line":142,"column":6}},"36":{"start":{"line":144,"column":4},"end":{"line":149,"column":5}},"37":{"start":{"line":145,"column":20},"end":{"line":145,"column":39}},"38":{"start":{"line":146,"column":6},"end":{"line":148,"column":7}},"39":{"start":{"line":147,"column":8},"end":{"line":147,"column":36}},"40":{"start":{"line":151,"column":4},"end":{"line":151,"column":16}},"41":{"start":{"line":155,"column":4},"end":{"line":175,"column":5}},"42":{"start":{"line":157,"column":23},"end":{"line":157,"column":73}},"43":{"start":{"line":158,"column":23},"end":{"line":161,"column":8}},"44":{"start":{"line":163,"column":6},"end":{"line":169,"column":7}},"45":{"start":{"line":165,"column":28},"end":{"line":165,"column":66}},"46":{"start":{"line":166,"column":8},"end":{"line":168,"column":9}},"47":{"start":{"line":167,"column":10},"end":{"line":167,"column":63}},"48":{"start":{"line":171,"column":6},"end":{"line":171,"column":33}},"49":{"start":{"line":174,"column":6},"end":{"line":174,"column":34}},"50":{"start":{"line":5,"column":0},"end":{"line":5,"column":13}},"51":{"start":{"line":6,"column":26},"end":{"line":6,"column":39}}},"fnMap":{"0":{"name":"(anonymous_0)","decl":{"start":{"line":9,"column":2},"end":{"line":9,"column":null}},"loc":{"start":{"line":9,"column":2},"end":{"line":21,"column":3}}},"1":{"name":"(anonymous_1)","decl":{"start":{"line":23,"column":2},"end":{"line":23,"column":7}},"loc":{"start":{"line":23,"column":19},"end":{"line":25,"column":3}}},"2":{"name":"(anonymous_2)","decl":{"start":{"line":27,"column":12},"end":{"line":27,"column":17}},"loc":{"start":{"line":27,"column":68},"end":{"line":53,"column":3}}},"3":{"name":"(anonymous_3)","decl":{"start":{"line":55,"column":10},"end":{"line":55,"column":15}},"loc":{"start":{"line":55,"column":72},"end":{"line":94,"column":3}}},"4":{"name":"(anonymous_4)","decl":{"start":{"line":96,"column":10},"end":{"line":96,"column":15}},"loc":{"start":{"line":96,"column":71},"end":{"line":134,"column":3}}},"5":{"name":"(anonymous_5)","decl":{"start":{"line":136,"column":10},"end":{"line":136,"column":28}},"loc":{"start":{"line":136,"column":41},"end":{"line":152,"column":3}}},"6":{"name":"(anonymous_6)","decl":{"start":{"line":154,"column":2},"end":{"line":154,"column":7}},"loc":{"start":{"line":154,"column":37},"end":{"line":176,"column":3}}}},"branchMap":{"0":{"loc":{"start":{"line":32,"column":6},"end":{"line":42,"column":7}},"type":"if","locations":[{"start":{"line":32,"column":6},"end":{"line":42,"column":7}}]},"1":{"loc":{"start":{"line":35,"column":10},"end":{"line":37,"column":11}},"type":"if","locations":[{"start":{"line":35,"column":10},"end":{"line":37,"column":11}}]},"2":{"loc":{"start":{"line":50,"column":15},"end":{"line":50,"column":80}},"type":"cond-expr","locations":[{"start":{"line":50,"column":40},"end":{"line":50,"column":53}},{"start":{"line":50,"column":56},"end":{"line":50,"column":80}}]},"3":{"loc":{"start":{"line":71,"column":4},"end":{"line":73,"column":5}},"type":"if","locations":[{"start":{"line":71,"column":4},"end":{"line":73,"column":5}}]},"4":{"loc":{"start":{"line":72,"column":22},"end":{"line":72,"column":63}},"type":"binary-expr","locations":[{"start":{"line":72,"column":22},"end":{"line":72,"column":36}},{"start":{"line":72,"column":40},"end":{"line":72,"column":63}}]},"5":{"loc":{"start":{"line":77,"column":4},"end":{"line":79,"column":5}},"type":"if","locations":[{"start":{"line":77,"column":4},"end":{"line":79,"column":5}}]},"6":{"loc":{"start":{"line":81,"column":4},"end":{"line":83,"column":5}},"type":"if","locations":[{"start":{"line":81,"column":4},"end":{"line":83,"column":5}}]},"7":{"loc":{"start":{"line":114,"column":4},"end":{"line":116,"column":5}},"type":"if","locations":[{"start":{"line":114,"column":4},"end":{"line":116,"column":5}}]},"8":{"loc":{"start":{"line":115,"column":22},"end":{"line":115,"column":72}},"type":"binary-expr","locations":[{"start":{"line":115,"column":22},"end":{"line":115,"column":42}},{"start":{"line":115,"column":46},"end":{"line":115,"column":72}}]},"9":{"loc":{"start":{"line":121,"column":4},"end":{"line":123,"column":5}},"type":"if","locations":[{"start":{"line":121,"column":4},"end":{"line":123,"column":5}}]},"10":{"loc":{"start":{"line":146,"column":6},"end":{"line":148,"column":7}},"type":"if","locations":[{"start":{"line":146,"column":6},"end":{"line":148,"column":7}}]},"11":{"loc":{"start":{"line":147,"column":15},"end":{"line":147,"column":35}},"type":"binary-expr","locations":[{"start":{"line":147,"column":15},"end":{"line":147,"column":23}},{"start":{"line":147,"column":27},"end":{"line":147,"column":35}}]},"12":{"loc":{"start":{"line":163,"column":6},"end":{"line":169,"column":7}},"type":"if","locations":[{"start":{"line":163,"column":6},"end":{"line":169,"column":7}}]},"13":{"loc":{"start":{"line":163,"column":10},"end":{"line":163,"column":53}},"type":"binary-expr","locations":[{"start":{"line":163,"column":10},"end":{"line":163,"column":26}},{"start":{"line":163,"column":30},"end":{"line":163,"column":53}}]},"14":{"loc":{"start":{"line":166,"column":8},"end":{"line":168,"column":9}},"type":"if","locations":[{"start":{"line":166,"column":8},"end":{"line":168,"column":9}}]}},"s":{"0":0,"1":0,"2":0,"3":0,"4":0,"5":0,"6":0,"7":0,"8":0,"9":0,"10":0,"11":0,"12":0,"13":0,"14":0,"15":0,"16":0,"17":0,"18":0,"19":0,"20":0,"21":0,"22":0,"23":0,"24":0,"25":0,"26":0,"27":0,"28":0,"29":0,"30":0,"31":0,"32":0,"33":0,"34":0,"35":0,"36":0,"37":0,"38":0,"39":0,"40":0,"41":0,"42":0,"43":0,"44":0,"45":0,"46":0,"47":0,"48":0,"49":0,"50":0,"51":0},"f":{"0":0,"1":0,"2":0,"3":0,"4":0,"5":0,"6":0},"b":{"0":[0],"1":[0],"2":[0,0],"3":[0],"4":[0,0],"5":[0],"6":[0],"7":[0],"8":[0,0],"9":[0],"10":[0],"11":[0,0],"12":[0],"13":[0,0],"14":[0]}}
,"/Users/dawsonvaldes/zotero-plugin-repos/zotero-moment-o7/src/services/ArquivoPtService.ts": {"path":"/Users/dawsonvaldes/zotero-plugin-repos/zotero-moment-o7/src/services/ArquivoPtService.ts","statementMap":{"0":{"start":{"line":1,"column":0},"end":{"line":1,"column":58}},"1":{"start":{"line":3,"column":0},"end":{"line":3,"column":71}},"2":{"start":{"line":10,"column":4},"end":{"line":21,"column":7}},"3":{"start":{"line":25,"column":4},"end":{"line":25,"column":16}},"4":{"start":{"line":29,"column":4},"end":{"line":101,"column":5}},"5":{"start":{"line":30,"column":6},"end":{"line":30,"column":69}},"6":{"start":{"line":32,"column":22},"end":{"line":32,"column":64}},"7":{"start":{"line":35,"column":30},"end":{"line":35,"column":65}},"8":{"start":{"line":36,"column":6},"end":{"line":47,"column":7}},"9":{"start":{"line":37,"column":8},"end":{"line":46,"column":10}},"10":{"start":{"line":50,"column":23},"end":{"line":59,"column":null}},"11":{"start":{"line":62,"column":6},"end":{"line":67,"column":7}},"12":{"start":{"line":63,"column":8},"end":{"line":66,"column":10}},"13":{"start":{"line":70,"column":26},"end":{"line":70,"column":69}},"14":{"start":{"line":72,"column":6},"end":{"line":82,"column":7}},"15":{"start":{"line":73,"column":8},"end":{"line":81,"column":10}},"16":{"start":{"line":85,"column":6},"end":{"line":94,"column":8}},"17":{"start":{"line":97,"column":6},"end":{"line":100,"column":31}},"18":{"start":{"line":106,"column":21},"end":{"line":110,"column":6}},"19":{"start":{"line":112,"column":4},"end":{"line":122,"column":5}},"20":{"start":{"line":113,"column":20},"end":{"line":113,"column":39}},"21":{"start":{"line":114,"column":6},"end":{"line":121,"column":7}},"22":{"start":{"line":115,"column":20},"end":{"line":115,"column":40}},"23":{"start":{"line":117,"column":8},"end":{"line":119,"column":9}},"24":{"start":{"line":118,"column":10},"end":{"line":118,"column":54}},"25":{"start":{"line":120,"column":8},"end":{"line":120,"column":19}},"26":{"start":{"line":124,"column":4},"end":{"line":124,"column":16}},"27":{"start":{"line":128,"column":4},"end":{"line":128,"column":57}},"28":{"start":{"line":132,"column":4},"end":{"line":156,"column":5}},"29":{"start":{"line":134,"column":23},"end":{"line":134,"column":70}},"30":{"start":{"line":136,"column":23},"end":{"line":139,"column":8}},"31":{"start":{"line":141,"column":6},"end":{"line":153,"column":7}},"32":{"start":{"line":143,"column":33},"end":{"line":143,"column":57}},"33":{"start":{"line":144,"column":24},"end":{"line":144,"column":69}},"34":{"start":{"line":146,"column":8},"end":{"line":152,"column":9}},"35":{"start":{"line":148,"column":29},"end":{"line":148,"column":68}},"36":{"start":{"line":148,"column":46},"end":{"line":148,"column":50}},"37":{"start":{"line":149,"column":29},"end":{"line":149,"column":42}},"38":{"start":{"line":151,"column":10},"end":{"line":151,"column":77}},"39":{"start":{"line":155,"column":6},"end":{"line":155,"column":74}},"40":{"start":{"line":158,"column":4},"end":{"line":158,"column":16}},"41":{"start":{"line":162,"column":4},"end":{"line":184,"column":5}},"42":{"start":{"line":164,"column":23},"end":{"line":167,"column":8}},"43":{"start":{"line":169,"column":6},"end":{"line":171,"column":7}},"44":{"start":{"line":170,"column":8},"end":{"line":170,"column":36}},"45":{"start":{"line":174,"column":30},"end":{"line":174,"column":65}},"46":{"start":{"line":176,"column":6},"end":{"line":178,"column":7}},"47":{"start":{"line":177,"column":8},"end":{"line":177,"column":65}},"48":{"start":{"line":180,"column":6},"end":{"line":180,"column":33}},"49":{"start":{"line":183,"column":6},"end":{"line":183,"column":34}},"50":{"start":{"line":5,"column":0},"end":{"line":5,"column":13}},"51":{"start":{"line":6,"column":26},"end":{"line":6,"column":58}},"52":{"start":{"line":7,"column":26},"end":{"line":7,"column":63}}},"fnMap":{"0":{"name":"(anonymous_0)","decl":{"start":{"line":9,"column":2},"end":{"line":9,"column":null}},"loc":{"start":{"line":9,"column":2},"end":{"line":22,"column":3}}},"1":{"name":"(anonymous_1)","decl":{"start":{"line":24,"column":2},"end":{"line":24,"column":7}},"loc":{"start":{"line":24,"column":19},"end":{"line":26,"column":3}}},"2":{"name":"(anonymous_2)","decl":{"start":{"line":28,"column":12},"end":{"line":28,"column":17}},"loc":{"start":{"line":28,"column":68},"end":{"line":102,"column":3}}},"3":{"name":"(anonymous_3)","decl":{"start":{"line":104,"column":10},"end":{"line":104,"column":28}},"loc":{"start":{"line":104,"column":62},"end":{"line":125,"column":3}}},"4":{"name":"(anonymous_4)","decl":{"start":{"line":127,"column":10},"end":{"line":127,"column":22}},"loc":{"start":{"line":127,"column":37},"end":{"line":129,"column":3}}},"5":{"name":"(anonymous_5)","decl":{"start":{"line":131,"column":10},"end":{"line":131,"column":15}},"loc":{"start":{"line":131,"column":47},"end":{"line":159,"column":3}}},"6":{"name":"(anonymous_6)","decl":{"start":{"line":148,"column":41},"end":{"line":148,"column":42}},"loc":{"start":{"line":148,"column":46},"end":{"line":148,"column":50}}},"7":{"name":"(anonymous_7)","decl":{"start":{"line":161,"column":2},"end":{"line":161,"column":7}},"loc":{"start":{"line":161,"column":37},"end":{"line":185,"column":3}}}},"branchMap":{"0":{"loc":{"start":{"line":36,"column":6},"end":{"line":47,"column":7}},"type":"if","locations":[{"start":{"line":36,"column":6},"end":{"line":47,"column":7}}]},"1":{"loc":{"start":{"line":62,"column":6},"end":{"line":67,"column":7}},"type":"if","locations":[{"start":{"line":62,"column":6},"end":{"line":67,"column":7}}]},"2":{"loc":{"start":{"line":65,"column":17},"end":{"line":65,"column":67}},"type":"binary-expr","locations":[{"start":{"line":65,"column":17},"end":{"line":65,"column":31}},{"start":{"line":65,"column":35},"end":{"line":65,"column":67}}]},"3":{"loc":{"start":{"line":72,"column":6},"end":{"line":82,"column":7}},"type":"if","locations":[{"start":{"line":72,"column":6},"end":{"line":82,"column":7}}]},"4":{"loc":{"start":{"line":99,"column":15},"end":{"line":99,"column":80}},"type":"cond-expr","locations":[{"start":{"line":99,"column":40},"end":{"line":99,"column":53}},{"start":{"line":99,"column":56},"end":{"line":99,"column":80}}]},"5":{"loc":{"start":{"line":114,"column":6},"end":{"line":121,"column":7}},"type":"if","locations":[{"start":{"line":114,"column":6},"end":{"line":121,"column":7}}]},"6":{"loc":{"start":{"line":115,"column":20},"end":{"line":115,"column":40}},"type":"binary-expr","locations":[{"start":{"line":115,"column":20},"end":{"line":115,"column":28}},{"start":{"line":115,"column":32},"end":{"line":115,"column":40}}]},"7":{"loc":{"start":{"line":117,"column":8},"end":{"line":119,"column":9}},"type":"if","locations":[{"start":{"line":117,"column":8},"end":{"line":119,"column":9}}]},"8":{"loc":{"start":{"line":141,"column":6},"end":{"line":153,"column":7}},"type":"if","locations":[{"start":{"line":141,"column":6},"end":{"line":153,"column":7}}]},"9":{"loc":{"start":{"line":141,"column":10},"end":{"line":141,"column":53}},"type":"binary-expr","locations":[{"start":{"line":141,"column":10},"end":{"line":141,"column":26}},{"start":{"line":141,"column":30},"end":{"line":141,"column":53}}]},"10":{"loc":{"start":{"line":146,"column":8},"end":{"line":152,"column":9}},"type":"if","locations":[{"start":{"line":146,"column":8},"end":{"line":152,"column":9}}]},"11":{"loc":{"start":{"line":169,"column":6},"end":{"line":171,"column":7}},"type":"if","locations":[{"start":{"line":169,"column":6},"end":{"line":171,"column":7}}]},"12":{"loc":{"start":{"line":176,"column":6},"end":{"line":178,"column":7}},"type":"if","locations":[{"start":{"line":176,"column":6},"end":{"line":178,"column":7}}]}},"s":{"0":0,"1":0,"2":0,"3":0,"4":0,"5":0,"6":0,"7":0,"8":0,"9":0,"10":0,"11":0,"12":0,"13":0,"14":0,"15":0,"16":0,"17":0,"18":0,"19":0,"20":0,"21":0,"22":0,"23":0,"24":0,"25":0,"26":0,"27":0,"28":0,"29":0,"30":0,"31":0,"32":0,"33":0,"34":0,"35":0,"36":0,"37":0,"38":0,"39":0,"40":0,"41":0,"42":0,"43":0,"44":0,"45":0,"46":0,"47":0,"48":0,"49":0,"50":0,"51":0,"52":0},"f":{"0":0,"1":0,"2":0,"3":0,"4":0,"5":0,"6":0,"7":0},"b":{"0":[0],"1":[0],"2":[0,0],"3":[0],"4":[0,0],"5":[0],"6":[0,0],"7":[0],"8":[0],"9":[0,0],"10":[0],"11":[0],"12":[0]}}
,"/Users/dawsonvaldes/zotero-plugin-repos/zotero-moment-o7/src/services/UKWebArchiveService.ts": {"path":"/Users/dawsonvaldes/zotero-plugin-repos/zotero-moment-o7/src/services/UKWebArchiveService.ts","statementMap":{"0":{"start":{"line":1,"column":0},"end":{"line":1,"column":58}},"1":{"start":{"line":3,"column":0},"end":{"line":3,"column":71}},"2":{"start":{"line":10,"column":4},"end":{"line":21,"column":7}},"3":{"start":{"line":25,"column":4},"end":{"line":25,"column":16}},"4":{"start":{"line":29,"column":4},"end":{"line":94,"column":5}},"5":{"start":{"line":31,"column":6},"end":{"line":36,"column":7}},"6":{"start":{"line":32,"column":8},"end":{"line":35,"column":10}},"7":{"start":{"line":38,"column":6},"end":{"line":38,"column":73}},"8":{"start":{"line":40,"column":22},"end":{"line":40,"column":67}},"9":{"start":{"line":43,"column":23},"end":{"line":52,"column":null}},"10":{"start":{"line":55,"column":6},"end":{"line":60,"column":7}},"11":{"start":{"line":56,"column":8},"end":{"line":59,"column":10}},"12":{"start":{"line":63,"column":6},"end":{"line":82,"column":7}},"13":{"start":{"line":67,"column":32},"end":{"line":67,"column":67}},"14":{"start":{"line":69,"column":8},"end":{"line":81,"column":10}},"15":{"start":{"line":84,"column":6},"end":{"line":87,"column":8}},"16":{"start":{"line":90,"column":6},"end":{"line":93,"column":31}},"17":{"start":{"line":98,"column":4},"end":{"line":122,"column":5}},"18":{"start":{"line":99,"column":21},"end":{"line":99,"column":33}},"19":{"start":{"line":100,"column":21},"end":{"line":100,"column":50}},"20":{"start":{"line":103,"column":25},"end":{"line":117,"column":8}},"21":{"start":{"line":119,"column":6},"end":{"line":119,"column":62}},"22":{"start":{"line":119,"column":40},"end":{"line":119,"column":60}},"23":{"start":{"line":121,"column":6},"end":{"line":121,"column":19}},"24":{"start":{"line":126,"column":19},"end":{"line":126,"column":40}},"25":{"start":{"line":127,"column":4},"end":{"line":127,"column":30}},"26":{"start":{"line":128,"column":4},"end":{"line":128,"column":69}},"27":{"start":{"line":129,"column":4},"end":{"line":129,"column":36}},"28":{"start":{"line":130,"column":4},"end":{"line":130,"column":46}},"29":{"start":{"line":131,"column":4},"end":{"line":131,"column":29}},"30":{"start":{"line":135,"column":4},"end":{"line":158,"column":5}},"31":{"start":{"line":137,"column":24},"end":{"line":137,"column":101}},"32":{"start":{"line":139,"column":23},"end":{"line":142,"column":8}},"33":{"start":{"line":144,"column":6},"end":{"line":155,"column":7}},"34":{"start":{"line":146,"column":31},"end":{"line":148,"column":null}},"35":{"start":{"line":151,"column":22},"end":{"line":151,"column":57}},"36":{"start":{"line":152,"column":8},"end":{"line":154,"column":9}},"37":{"start":{"line":153,"column":10},"end":{"line":153,"column":26}},"38":{"start":{"line":157,"column":6},"end":{"line":157,"column":75}},"39":{"start":{"line":160,"column":4},"end":{"line":160,"column":16}},"40":{"start":{"line":164,"column":4},"end":{"line":182,"column":5}},"41":{"start":{"line":166,"column":6},"end":{"line":168,"column":7}},"42":{"start":{"line":167,"column":8},"end":{"line":167,"column":36}},"43":{"start":{"line":171,"column":30},"end":{"line":171,"column":65}},"44":{"start":{"line":173,"column":6},"end":{"line":175,"column":7}},"45":{"start":{"line":174,"column":8},"end":{"line":174,"column":65}},"46":{"start":{"line":178,"column":6},"end":{"line":178,"column":33}},"47":{"start":{"line":181,"column":6},"end":{"line":181,"column":34}},"48":{"start":{"line":5,"column":0},"end":{"line":5,"column":13}},"49":{"start":{"line":6,"column":26},"end":{"line":6,"column":69}},"50":{"start":{"line":7,"column":26},"end":{"line":7,"column":92}}},"fnMap":{"0":{"name":"(anonymous_0)","decl":{"start":{"line":9,"column":2},"end":{"line":9,"column":null}},"loc":{"start":{"line":9,"column":2},"end":{"line":22,"column":3}}},"1":{"name":"(anonymous_1)","decl":{"start":{"line":24,"column":2},"end":{"line":24,"column":7}},"loc":{"start":{"line":24,"column":19},"end":{"line":26,"column":3}}},"2":{"name":"(anonymous_2)","decl":{"start":{"line":28,"column":12},"end":{"line":28,"column":17}},"loc":{"start":{"line":28,"column":68},"end":{"line":95,"column":3}}},"3":{"name":"(anonymous_3)","decl":{"start":{"line":97,"column":10},"end":{"line":97,"column":20}},"loc":{"start":{"line":97,"column":32},"end":{"line":123,"column":3}}},"4":{"name":"(anonymous_4)","decl":{"start":{"line":119,"column":29},"end":{"line":119,"column":36}},"loc":{"start":{"line":119,"column":40},"end":{"line":119,"column":60}}},"5":{"name":"(anonymous_5)","decl":{"start":{"line":125,"column":10},"end":{"line":125,"column":29}},"loc":{"start":{"line":125,"column":41},"end":{"line":132,"column":3}}},"6":{"name":"(anonymous_6)","decl":{"start":{"line":134,"column":10},"end":{"line":134,"column":15}},"loc":{"start":{"line":134,"column":47},"end":{"line":161,"column":3}}},"7":{"name":"(anonymous_7)","decl":{"start":{"line":163,"column":2},"end":{"line":163,"column":7}},"loc":{"start":{"line":163,"column":37},"end":{"line":183,"column":3}}}},"branchMap":{"0":{"loc":{"start":{"line":31,"column":6},"end":{"line":36,"column":7}},"type":"if","locations":[{"start":{"line":31,"column":6},"end":{"line":36,"column":7}}]},"1":{"loc":{"start":{"line":55,"column":6},"end":{"line":60,"column":7}},"type":"if","locations":[{"start":{"line":55,"column":6},"end":{"line":60,"column":7}}]},"2":{"loc":{"start":{"line":58,"column":17},"end":{"line":58,"column":64}},"type":"binary-expr","locations":[{"start":{"line":58,"column":17},"end":{"line":58,"column":31}},{"start":{"line":58,"column":35},"end":{"line":58,"column":64}}]},"3":{"loc":{"start":{"line":63,"column":6},"end":{"line":82,"column":7}},"type":"if","locations":[{"start":{"line":63,"column":6},"end":{"line":82,"column":7}}]},"4":{"loc":{"start":{"line":63,"column":10},"end":{"line":64,"column":58}},"type":"binary-expr","locations":[{"start":{"line":63,"column":10},"end":{"line":63,"column":65}},{"start":{"line":64,"column":10},"end":{"line":64,"column":58}}]},"5":{"loc":{"start":{"line":71,"column":15},"end":{"line":71,"column":68}},"type":"binary-expr","locations":[{"start":{"line":71,"column":15},"end":{"line":71,"column":30}},{"start":{"line":71,"column":34},"end":{"line":71,"column":68}}]},"6":{"loc":{"start":{"line":76,"column":20},"end":{"line":76,"column":62}},"type":"cond-expr","locations":[{"start":{"line":76,"column":38},"end":{"line":76,"column":48}},{"start":{"line":76,"column":51},"end":{"line":76,"column":62}}]},"7":{"loc":{"start":{"line":77,"column":18},"end":{"line":79,"column":87}},"type":"cond-expr","locations":[{"start":{"line":78,"column":14},"end":{"line":78,"column":38}},{"start":{"line":79,"column":14},"end":{"line":79,"column":87}}]},"8":{"loc":{"start":{"line":92,"column":15},"end":{"line":92,"column":80}},"type":"cond-expr","locations":[{"start":{"line":92,"column":40},"end":{"line":92,"column":53}},{"start":{"line":92,"column":56},"end":{"line":92,"column":80}}]},"9":{"loc":{"start":{"line":144,"column":6},"end":{"line":155,"column":7}},"type":"if","locations":[{"start":{"line":144,"column":6},"end":{"line":155,"column":7}}]},"10":{"loc":{"start":{"line":152,"column":8},"end":{"line":154,"column":9}},"type":"if","locations":[{"start":{"line":152,"column":8},"end":{"line":154,"column":9}}]},"11":{"loc":{"start":{"line":166,"column":6},"end":{"line":168,"column":7}},"type":"if","locations":[{"start":{"line":166,"column":6},"end":{"line":168,"column":7}}]},"12":{"loc":{"start":{"line":173,"column":6},"end":{"line":175,"column":7}},"type":"if","locations":[{"start":{"line":173,"column":6},"end":{"line":175,"column":7}}]}},"s":{"0":0,"1":0,"2":0,"3":0,"4":0,"5":0,"6":0,"7":0,"8":0,"9":0,"10":0,"11":0,"12":0,"13":0,"14":0,"15":0,"16":0,"17":0,"18":0,"19":0,"20":0,"21":0,"22":0,"23":0,"24":0,"25":0,"26":0,"27":0,"28":0,"29":0,"30":0,"31":0,"32":0,"33":0,"34":0,"35":0,"36":0,"37":0,"38":0,"39":0,"40":0,"41":0,"42":0,"43":0,"44":0,"45":0,"46":0,"47":0,"48":0,"49":0,"50":0},"f":{"0":0,"1":0,"2":0,"3":0,"4":0,"5":0,"6":0,"7":0},"b":{"0":[0],"1":[0],"2":[0,0],"3":[0],"4":[0,0],"5":[0,0],"6":[0,0],"7":[0,0],"8":[0,0],"9":[0],"10":[0],"11":[0],"12":[0]}}
,"/Users/dawsonvaldes/zotero-plugin-repos/zotero-moment-o7/src/utils/Cache.ts": {"path":"/Users/dawsonvaldes/zotero-plugin-repos/zotero-moment-o7/src/utils/Cache.ts","statementMap":{"0":{"start":{"line":323,"column":0},"end":{"line":323,"column":16}},"1":{"start":{"line":33,"column":10},"end":{"line":33,"column":51}},"2":{"start":{"line":34,"column":10},"end":{"line":34,"column":37}},"3":{"start":{"line":35,"column":10},"end":{"line":39,"column":4}},"4":{"start":{"line":45,"column":4},"end":{"line":50,"column":6}},"5":{"start":{"line":53,"column":4},"end":{"line":53,"column":29}},"6":{"start":{"line":60,"column":18},"end":{"line":60,"column":37}},"7":{"start":{"line":62,"column":4},"end":{"line":65,"column":5}},"8":{"start":{"line":63,"column":6},"end":{"line":63,"column":26}},"9":{"start":{"line":64,"column":6},"end":{"line":64,"column":23}},"10":{"start":{"line":68,"column":4},"end":{"line":72,"column":5}},"11":{"start":{"line":69,"column":6},"end":{"line":69,"column":23}},"12":{"start":{"line":70,"column":6},"end":{"line":70,"column":26}},"13":{"start":{"line":71,"column":6},"end":{"line":71,"column":23}},"14":{"start":{"line":75,"column":4},"end":{"line":75,"column":32}},"15":{"start":{"line":78,"column":4},"end":{"line":78,"column":17}},"16":{"start":{"line":79,"column":4},"end":{"line":79,"column":22}},"17":{"start":{"line":81,"column":4},"end":{"line":81,"column":23}},"18":{"start":{"line":89,"column":4},"end":{"line":91,"column":5}},"19":{"start":{"line":90,"column":6},"end":{"line":90,"column":22}},"20":{"start":{"line":93,"column":33},"end":{"line":98,"column":6}},"21":{"start":{"line":100,"column":4},"end":{"line":100,"column":31}},"22":{"start":{"line":101,"column":4},"end":{"line":101,"column":32}},"23":{"start":{"line":108,"column":18},"end":{"line":108,"column":37}},"24":{"start":{"line":109,"column":4},"end":{"line":109,"column":29}},"25":{"start":{"line":109,"column":16},"end":{"line":109,"column":29}},"26":{"start":{"line":111,"column":4},"end":{"line":114,"column":5}},"27":{"start":{"line":112,"column":6},"end":{"line":112,"column":23}},"28":{"start":{"line":113,"column":6},"end":{"line":113,"column":19}},"29":{"start":{"line":116,"column":4},"end":{"line":116,"column":16}},"30":{"start":{"line":123,"column":18},"end":{"line":123,"column":37}},"31":{"start":{"line":124,"column":4},"end":{"line":124,"column":29}},"32":{"start":{"line":124,"column":16},"end":{"line":124,"column":29}},"33":{"start":{"line":126,"column":4},"end":{"line":126,"column":27}},"34":{"start":{"line":127,"column":4},"end":{"line":127,"column":63}},"35":{"start":{"line":127,"column":52},"end":{"line":127,"column":61}},"36":{"start":{"line":128,"column":4},"end":{"line":128,"column":43}},"37":{"start":{"line":130,"column":4},"end":{"line":130,"column":16}},"38":{"start":{"line":137,"column":4},"end":{"line":139,"column":5}},"39":{"start":{"line":138,"column":6},"end":{"line":138,"column":45}},"40":{"start":{"line":140,"column":4},"end":{"line":140,"column":23}},"41":{"start":{"line":141,"column":4},"end":{"line":141,"column":26}},"42":{"start":{"line":148,"column":18},"end":{"line":148,"column":53}},"43":{"start":{"line":149,"column":4},"end":{"line":155,"column":6}},"44":{"start":{"line":162,"column":4},"end":{"line":162,"column":41}},"45":{"start":{"line":169,"column":4},"end":{"line":169,"column":27}},"46":{"start":{"line":176,"column":4},"end":{"line":176,"column":17}},"47":{"start":{"line":177,"column":4},"end":{"line":179,"column":5}},"48":{"start":{"line":178,"column":6},"end":{"line":178,"column":39}},"49":{"start":{"line":186,"column":4},"end":{"line":186,"column":52}},"50":{"start":{"line":193,"column":4},"end":{"line":193,"column":63}},"51":{"start":{"line":193,"column":52},"end":{"line":193,"column":61}},"52":{"start":{"line":194,"column":4},"end":{"line":194,"column":31}},"53":{"start":{"line":201,"column":4},"end":{"line":201,"column":46}},"54":{"start":{"line":201,"column":39},"end":{"line":201,"column":46}},"55":{"start":{"line":203,"column":19},"end":{"line":203,"column":38}},"56":{"start":{"line":204,"column":4},"end":{"line":204,"column":24}},"57":{"start":{"line":205,"column":4},"end":{"line":205,"column":27}},"58":{"start":{"line":212,"column":4},"end":{"line":214,"column":44}},"59":{"start":{"line":213,"column":6},"end":{"line":213,"column":28}},"60":{"start":{"line":221,"column":16},"end":{"line":221,"column":26}},"61":{"start":{"line":222,"column":34},"end":{"line":222,"column":36}},"62":{"start":{"line":224,"column":4},"end":{"line":228,"column":5}},"63":{"start":{"line":225,"column":6},"end":{"line":227,"column":7}},"64":{"start":{"line":226,"column":8},"end":{"line":226,"column":30}},"65":{"start":{"line":230,"column":4},"end":{"line":232,"column":5}},"66":{"start":{"line":231,"column":6},"end":{"line":231,"column":23}},"67":{"start":{"line":32,"column":0},"end":{"line":32,"column":13}},"68":{"start":{"line":241,"column":10},"end":{"line":241,"column":50}},"69":{"start":{"line":244,"column":4},"end":{"line":244,"column":36}},"70":{"start":{"line":256,"column":19},"end":{"line":256,"column":38}},"71":{"start":{"line":257,"column":4},"end":{"line":259,"column":5}},"72":{"start":{"line":258,"column":6},"end":{"line":258,"column":20}},"73":{"start":{"line":262,"column":20},"end":{"line":262,"column":41}},"74":{"start":{"line":263,"column":4},"end":{"line":265,"column":5}},"75":{"start":{"line":264,"column":6},"end":{"line":264,"column":21}},"76":{"start":{"line":268,"column":20},"end":{"line":278,"column":null}},"77":{"start":{"line":270,"column":8},"end":{"line":270,"column":33}},"78":{"start":{"line":271,"column":8},"end":{"line":271,"column":21}},"79":{"start":{"line":274,"column":8},"end":{"line":274,"column":33}},"80":{"start":{"line":276,"column":8},"end":{"line":276,"column":31}},"81":{"start":{"line":277,"column":8},"end":{"line":277,"column":20}},"82":{"start":{"line":282,"column":4},"end":{"line":282,"column":35}},"83":{"start":{"line":283,"column":4},"end":{"line":283,"column":38}},"84":{"start":{"line":285,"column":4},"end":{"line":285,"column":19}},"85":{"start":{"line":292,"column":4},"end":{"line":292,"column":29}},"86":{"start":{"line":293,"column":4},"end":{"line":293,"column":34}},"87":{"start":{"line":300,"column":4},"end":{"line":300,"column":25}},"88":{"start":{"line":301,"column":4},"end":{"line":301,"column":23}},"89":{"start":{"line":308,"column":4},"end":{"line":308,"column":33}},"90":{"start":{"line":315,"column":4},"end":{"line":315,"column":25}},"91":{"start":{"line":316,"column":4},"end":{"line":316,"column":25}},"92":{"start":{"line":239,"column":0},"end":{"line":239,"column":13}},"93":{"start":{"line":329,"column":16},"end":{"line":329,"column":76}},"94":{"start":{"line":331,"column":2},"end":{"line":363,"column":4}},"95":{"start":{"line":336,"column":27},"end":{"line":336,"column":43}},"96":{"start":{"line":337,"column":19},"end":{"line":337,"column":78}},"97":{"start":{"line":337,"column":57},"end":{"line":337,"column":77}},"98":{"start":{"line":338,"column":16},"end":{"line":338,"column":38}},"99":{"start":{"line":340,"column":4},"end":{"line":360,"column":6}},"100":{"start":{"line":341,"column":18},"end":{"line":341,"column":33}},"101":{"start":{"line":342,"column":18},"end":{"line":342,"column":28}},"102":{"start":{"line":345,"column":21},"end":{"line":345,"column":35}},"103":{"start":{"line":346,"column":6},"end":{"line":348,"column":7}},"104":{"start":{"line":347,"column":8},"end":{"line":347,"column":28}},"105":{"start":{"line":351,"column":21},"end":{"line":351,"column":53}},"106":{"start":{"line":354,"column":6},"end":{"line":357,"column":9}},"107":{"start":{"line":359,"column":6},"end":{"line":359,"column":20}},"108":{"start":{"line":362,"column":4},"end":{"line":362,"column":22}}},"fnMap":{"0":{"name":"(anonymous_0)","decl":{"start":{"line":44,"column":2},"end":{"line":44,"column":14}},"loc":{"start":{"line":44,"column":40},"end":{"line":54,"column":3}}},"1":{"name":"(anonymous_1)","decl":{"start":{"line":49,"column":35},"end":{"line":49,"column":38}},"loc":{"start":{"line":49,"column":40},"end":{"line":49,"column":43}}},"2":{"name":"(anonymous_2)","decl":{"start":{"line":59,"column":2},"end":{"line":59,"column":5}},"loc":{"start":{"line":59,"column":17},"end":{"line":82,"column":3}}},"3":{"name":"(anonymous_3)","decl":{"start":{"line":87,"column":2},"end":{"line":87,"column":5}},"loc":{"start":{"line":87,"column":41},"end":{"line":102,"column":3}}},"4":{"name":"(anonymous_4)","decl":{"start":{"line":107,"column":2},"end":{"line":107,"column":5}},"loc":{"start":{"line":107,"column":17},"end":{"line":117,"column":3}}},"5":{"name":"(anonymous_5)","decl":{"start":{"line":122,"column":2},"end":{"line":122,"column":8}},"loc":{"start":{"line":122,"column":20},"end":{"line":131,"column":3}}},"6":{"name":"(anonymous_6)","decl":{"start":{"line":127,"column":47},"end":{"line":127,"column":48}},"loc":{"start":{"line":127,"column":52},"end":{"line":127,"column":61}}},"7":{"name":"(anonymous_7)","decl":{"start":{"line":136,"column":2},"end":{"line":136,"column":7}},"loc":{"start":{"line":136,"column":7},"end":{"line":142,"column":3}}},"8":{"name":"(anonymous_8)","decl":{"start":{"line":147,"column":2},"end":{"line":147,"column":10}},"loc":{"start":{"line":147,"column":10},"end":{"line":156,"column":3}}},"9":{"name":"(anonymous_9)","decl":{"start":{"line":161,"column":2},"end":{"line":161,"column":6}},"loc":{"start":{"line":161,"column":6},"end":{"line":163,"column":3}}},"10":{"name":"(anonymous_10)","decl":{"start":{"line":168,"column":2},"end":{"line":168,"column":6}},"loc":{"start":{"line":168,"column":10},"end":{"line":170,"column":3}}},"11":{"name":"(anonymous_11)","decl":{"start":{"line":175,"column":2},"end":{"line":175,"column":9}},"loc":{"start":{"line":175,"column":9},"end":{"line":180,"column":3}}},"12":{"name":"(anonymous_12)","decl":{"start":{"line":185,"column":10},"end":{"line":185,"column":19}},"loc":{"start":{"line":185,"column":40},"end":{"line":187,"column":3}}},"13":{"name":"(anonymous_13)","decl":{"start":{"line":192,"column":10},"end":{"line":192,"column":27}},"loc":{"start":{"line":192,"column":39},"end":{"line":195,"column":3}}},"14":{"name":"(anonymous_14)","decl":{"start":{"line":193,"column":47},"end":{"line":193,"column":48}},"loc":{"start":{"line":193,"column":52},"end":{"line":193,"column":61}}},"15":{"name":"(anonymous_15)","decl":{"start":{"line":200,"column":10},"end":{"line":200,"column":18}},"loc":{"start":{"line":200,"column":18},"end":{"line":206,"column":3}}},"16":{"name":"(anonymous_16)","decl":{"start":{"line":211,"column":10},"end":{"line":211,"column":27}},"loc":{"start":{"line":211,"column":27},"end":{"line":215,"column":3}}},"17":{"name":"(anonymous_17)","decl":{"start":{"line":212,"column":36},"end":{"line":212,"column":39}},"loc":{"start":{"line":212,"column":41},"end":{"line":214,"column":5}}},"18":{"name":"(anonymous_18)","decl":{"start":{"line":220,"column":10},"end":{"line":220,"column":24}},"loc":{"start":{"line":220,"column":24},"end":{"line":233,"column":3}}},"19":{"name":"(anonymous_19)","decl":{"start":{"line":243,"column":2},"end":{"line":243,"column":14}},"loc":{"start":{"line":243,"column":36},"end":{"line":245,"column":3}}},"20":{"name":"(anonymous_20)","decl":{"start":{"line":250,"column":2},"end":{"line":250,"column":7}},"loc":{"start":{"line":253,"column":16},"end":{"line":286,"column":3}}},"21":{"name":"(anonymous_21)","decl":{"start":{"line":269,"column":6},"end":{"line":269,"column":11}},"loc":{"start":{"line":269,"column":14},"end":{"line":272,"column":7}}},"22":{"name":"(anonymous_22)","decl":{"start":{"line":273,"column":6},"end":{"line":273,"column":11}},"loc":{"start":{"line":273,"column":14},"end":{"line":278,"column":7}}},"23":{"name":"(anonymous_23)","decl":{"start":{"line":291,"column":2},"end":{"line":291,"column":12}},"loc":{"start":{"line":291,"column":24},"end":{"line":294,"column":3}}},"24":{"name":"(anonymous_24)","decl":{"start":{"line":299,"column":2},"end":{"line":299,"column":7}},"loc":{"start":{"line":299,"column":7},"end":{"line":302,"column":3}}},"25":{"name":"(anonymous_25)","decl":{"start":{"line":307,"column":2},"end":{"line":307,"column":10}},"loc":{"start":{"line":307,"column":10},"end":{"line":309,"column":3}}},"26":{"name":"(anonymous_26)","decl":{"start":{"line":314,"column":2},"end":{"line":314,"column":9}},"loc":{"start":{"line":314,"column":9},"end":{"line":317,"column":3}}},"27":{"name":"memoize","decl":{"start":{"line":323,"column":16},"end":{"line":323,"column":23}},"loc":{"start":{"line":327,"column":8},"end":{"line":364,"column":1}}},"28":{"name":"(anonymous_28)","decl":{"start":{"line":331,"column":9},"end":{"line":331,"column":null}},"loc":{"start":{"line":334,"column":34},"end":{"line":363,"column":3}}},"29":{"name":"(anonymous_29)","decl":{"start":{"line":337,"column":44},"end":{"line":337,"column":45}},"loc":{"start":{"line":337,"column":57},"end":{"line":337,"column":77}}},"30":{"name":"(anonymous_30)","decl":{"start":{"line":340,"column":23},"end":{"line":340,"column":32}},"loc":{"start":{"line":340,"column":54},"end":{"line":360,"column":5}}}},"branchMap":{"0":{"loc":{"start":{"line":44,"column":14},"end":{"line":44,"column":40}},"type":"default-arg","locations":[{"start":{"line":44,"column":38},"end":{"line":44,"column":40}}]},"1":{"loc":{"start":{"line":46,"column":15},"end":{"line":46,"column":37}},"type":"binary-expr","locations":[{"start":{"line":46,"column":15},"end":{"line":46,"column":30}},{"start":{"line":46,"column":34},"end":{"line":46,"column":37}}]},"2":{"loc":{"start":{"line":47,"column":18},"end":{"line":47,"column":47}},"type":"binary-expr","locations":[{"start":{"line":47,"column":18},"end":{"line":47,"column":36}},{"start":{"line":47,"column":40},"end":{"line":47,"column":47}}]},"3":{"loc":{"start":{"line":48,"column":23},"end":{"line":48,"column":55}},"type":"binary-expr","locations":[{"start":{"line":48,"column":23},"end":{"line":48,"column":46}},{"start":{"line":48,"column":50},"end":{"line":48,"column":55}}]},"4":{"loc":{"start":{"line":49,"column":15},"end":{"line":49,"column":44}},"type":"binary-expr","locations":[{"start":{"line":49,"column":15},"end":{"line":49,"column":30}},{"start":{"line":49,"column":35},"end":{"line":49,"column":43}}]},"5":{"loc":{"start":{"line":62,"column":4},"end":{"line":65,"column":5}},"type":"if","locations":[{"start":{"line":62,"column":4},"end":{"line":65,"column":5}}]},"6":{"loc":{"start":{"line":68,"column":4},"end":{"line":72,"column":5}},"type":"if","locations":[{"start":{"line":68,"column":4},"end":{"line":72,"column":5}}]},"7":{"loc":{"start":{"line":89,"column":4},"end":{"line":91,"column":5}},"type":"if","locations":[{"start":{"line":89,"column":4},"end":{"line":91,"column":5}}]},"8":{"loc":{"start":{"line":89,"column":8},"end":{"line":89,"column":71}},"type":"binary-expr","locations":[{"start":{"line":89,"column":8},"end":{"line":89,"column":28}},{"start":{"line":89,"column":32},"end":{"line":89,"column":71}}]},"9":{"loc":{"start":{"line":96,"column":11},"end":{"line":96,"column":41}},"type":"binary-expr","locations":[{"start":{"line":96,"column":11},"end":{"line":96,"column":14}},{"start":{"line":96,"column":18},"end":{"line":96,"column":41}}]},"10":{"loc":{"start":{"line":109,"column":4},"end":{"line":109,"column":29}},"type":"if","locations":[{"start":{"line":109,"column":4},"end":{"line":109,"column":29}}]},"11":{"loc":{"start":{"line":111,"column":4},"end":{"line":114,"column":5}},"type":"if","locations":[{"start":{"line":111,"column":4},"end":{"line":114,"column":5}}]},"12":{"loc":{"start":{"line":124,"column":4},"end":{"line":124,"column":29}},"type":"if","locations":[{"start":{"line":124,"column":4},"end":{"line":124,"column":29}}]},"13":{"loc":{"start":{"line":154,"column":15},"end":{"line":154,"column":54}},"type":"cond-expr","locations":[{"start":{"line":154,"column":27},"end":{"line":154,"column":50}},{"start":{"line":154,"column":53},"end":{"line":154,"column":54}}]},"14":{"loc":{"start":{"line":177,"column":4},"end":{"line":179,"column":5}},"type":"if","locations":[{"start":{"line":177,"column":4},"end":{"line":179,"column":5}}]},"15":{"loc":{"start":{"line":201,"column":4},"end":{"line":201,"column":46}},"type":"if","locations":[{"start":{"line":201,"column":4},"end":{"line":201,"column":46}}]},"16":{"loc":{"start":{"line":225,"column":6},"end":{"line":227,"column":7}},"type":"if","locations":[{"start":{"line":225,"column":6},"end":{"line":227,"column":7}}]},"17":{"loc":{"start":{"line":257,"column":4},"end":{"line":259,"column":5}},"type":"if","locations":[{"start":{"line":257,"column":4},"end":{"line":259,"column":5}}]},"18":{"loc":{"start":{"line":263,"column":4},"end":{"line":265,"column":5}},"type":"if","locations":[{"start":{"line":263,"column":4},"end":{"line":265,"column":5}}]},"19":{"loc":{"start":{"line":324,"column":2},"end":{"line":327,"column":8}},"type":"default-arg","locations":[{"start":{"line":327,"column":6},"end":{"line":327,"column":8}}]},"20":{"loc":{"start":{"line":337,"column":19},"end":{"line":337,"column":78}},"type":"binary-expr","locations":[{"start":{"line":337,"column":19},"end":{"line":337,"column":39}},{"start":{"line":337,"column":44},"end":{"line":337,"column":77}}]},"21":{"loc":{"start":{"line":338,"column":16},"end":{"line":338,"column":38}},"type":"binary-expr","locations":[{"start":{"line":338,"column":16},"end":{"line":338,"column":27}},{"start":{"line":338,"column":31},"end":{"line":338,"column":38}}]},"22":{"loc":{"start":{"line":346,"column":6},"end":{"line":348,"column":7}},"type":"if","locations":[{"start":{"line":346,"column":6},"end":{"line":348,"column":7}}]},"23":{"loc":{"start":{"line":346,"column":10},"end":{"line":346,"column":40}},"type":"binary-expr","locations":[{"start":{"line":346,"column":10},"end":{"line":346,"column":16}},{"start":{"line":346,"column":20},"end":{"line":346,"column":40}}]}},"s":{"0":1,"1":17,"2":17,"3":17,"4":17,"5":17,"6":27,"7":27,"8":13,"9":13,"10":14,"11":1,"12":1,"13":1,"14":13,"15":13,"16":13,"17":13,"18":29,"19":4,"20":29,"21":29,"22":29,"23":2,"24":2,"25":1,"26":1,"27":0,"28":0,"29":1,"30":9,"31":9,"32":1,"33":8,"34":8,"35":15,"36":8,"37":8,"38":18,"39":21,"40":18,"41":18,"42":2,"43":2,"44":0,"45":1,"46":17,"47":17,"48":17,"49":15,"50":42,"51":45,"52":42,"53":4,"54":0,"55":4,"56":4,"57":4,"58":17,"59":0,"60":0,"61":0,"62":0,"63":0,"64":0,"65":0,"66":0,"67":1,"68":4,"69":4,"70":8,"71":8,"72":2,"
[...]
"end":{"line":140,"column":5}},"type":"if","locations":[{"start":{"line":134,"column":4},"end":{"line":140,"column":5}}]},"13":{"loc":{"start":{"line":134,"column":8},"end":{"line":134,"column":64}},"type":"binary-expr","locations":[{"start":{"line":134,"column":8},"end":{"line":134,"column":40}},{"start":{"line":134,"column":44},"end":{"line":134,"column":64}}]},"14":{"loc":{"start":{"line":136,"column":6},"end":{"line":139,"column":7}},"type":"if","locations":[{"start":{"line":136,"column":6},"end":{"line":139,"column":7}}]},"15":{"loc":{"start":{"line":150,"column":4},"end":{"line":156,"column":5}},"type":"if","locations":[{"start":{"line":150,"column":4},"end":{"line":156,"column":5}}]},"16":{"loc":{"start":{"line":151,"column":6},"end":{"line":155,"column":7}},"type":"if","locations":[{"start":{"line":151,"column":6},"end":{"line":155,"column":7}}]},"17":{"loc":{"start":{"line":164,"column":4},"end":{"line":166,"column":5}},"type":"if","locations":[{"start":{"line":164,"column":4},"end":{"line":166,"column":5}}]},"18":{"loc":{"start":{"line":172,"column":4},"end":{"line":181,"column":5}},"type":"if","locations":[{"start":{"line":172,"column":4},"end":{"line":181,"column":5}},{"start":{"line":175,"column":11},"end":{"line":181,"column":5}}]},"19":{"loc":{"start":{"line":175,"column":11},"end":{"line":181,"column":5}},"type":"if","locations":[{"start":{"line":175,"column":11},"end":{"line":181,"column":5}}]},"20":{"loc":{"start":{"line":176,"column":6},"end":{"line":178,"column":52}},"type":"binary-expr","locations":[{"start":{"line":176,"column":6},"end":{"line":176,"column":40}},{"start":{"line":177,"column":6},"end":{"line":177,"column":53}},{"start":{"line":178,"column":6},"end":{"line":178,"column":52}}]},"21":{"loc":{"start":{"line":198,"column":4},"end":{"line":200,"column":5}},"type":"if","locations":[{"start":{"line":198,"column":4},"end":{"line":200,"column":5}}]}},"s":{"0":1,"1":1,"2":1,"3":1,"4":24,"5":24,"6":24,"7":24,"8":24,"9":24,"10":24,"11":41,"12":59,"13":59,"14":2,"15":1,"16":1,"17":57,"18":6,"19":6,"20":0,"21":0,"22":0,"23":57,"24":57,"25":57,"26":12,"27":12,"28":45,"29":45,"30":18,"31":3,"32":3,"33":3,"34":3,"35":3,"36":3,"37":3,"38":5,"39":5,"40":5,"41":59,"42":6,"43":6,"44":4,"45":4,"46":12,"47":12,"48":12,"49":5,"50":2,"51":2,"52":2,"53":45,"54":2,"55":43,"56":43,"57":43,"58":43,"59":1,"60":1,"61":42,"62":8,"63":1,"64":6,"65":11,"66":10,"67":11,"68":1,"69":1,"70":2,"71":2,"72":4,"73":2,"74":1,"75":2,"76":1,"77":2,"78":1,"79":1},"f":{"0":1,"1":24,"2":41,"3":59,"4":18,"5":3,"6":5,"7":59,"8":12,"9":45,"10":6,"11":11,"12":1,"13":2,"14":1,"15":1,"16":2,"17":1},"b":{"0":[1,1],"1":[10],"2":[24,10],"3":[24,11],"4":[24,11],"5":[24,10],"6":[24,23],"7":[2],"8":[1],"9":[6],"10":[0],"11":[0],"12":[6],"13":[59,6],"14":[4],"15":[5],"16":[2],"17":[2],"18":[1,42],"19":[8],"20":[42,42,9],"21":[10]}}
,"/Users/dawsonvaldes/zotero-plugin-repos/zotero-moment-o7/src/utils/HtmlUtils.ts": {"path":"/Users/dawsonvaldes/zotero-plugin-repos/zotero-moment-o7/src/utils/HtmlUtils.ts","statementMap":{"0":{"start":{"line":11,"column":4},"end":{"line":11,"column":25}},"1":{"start":{"line":11,"column":15},"end":{"line":11,"column":25}},"2":{"start":{"line":13,"column":46},"end":{"line":20,"column":6}},"3":{"start":{"line":22,"column":4},"end":{"line":22,"column":62}},"4":{"start":{"line":22,"column":45},"end":{"line":22,"column":60}},"5":{"start":{"line":29,"column":4},"end":{"line":29,"column":25}},"6":{"start":{"line":29,"column":15},"end":{"line":29,"column":25}},"7":{"start":{"line":31,"column":21},"end":{"line":31,"column":55}},"8":{"start":{"line":32,"column":4},"end":{"line":32,"column":30}},"9":{"start":{"line":33,"column":4},"end":{"line":33,"column":26}},"10":{"start":{"line":40,"column":4},"end":{"line":40,"column":25}},"11":{"start":{"line":40,"column":15},"end":{"line":40,"column":25}},"12":{"start":{"line":42,"column":16},"end":{"line":42,"column":45}},"13":{"start":{"line":43,"column":4},"end":{"line":43,"column":25}},"14":{"start":{"line":44,"column":4},"end":{"line":44,"column":50}},"15":{"start":{"line":55,"column":24},"end":{"line":55,"column":41}},"16":{"start":{"line":56,"column":20},"end":{"line":60,"column":10}},"17":{"start":{"line":58,"column":33},"end":{"line":58,"column":65}},"18":{"start":{"line":62,"column":4},"end":{"line":62,"column":76}},"19":{"start":{"line":74,"column":4},"end":{"line":79,"column":7}},"20":{"start":{"line":86,"column":16},"end":{"line":86,"column":45}},"21":{"start":{"line":87,"column":4},"end":{"line":87,"column":25}},"22":{"start":{"line":89,"column":20},"end":{"line":89,"column":41}},"23":{"start":{"line":90,"column":4},"end":{"line":90,"column":28}},"24":{"start":{"line":90,"column":18},"end":{"line":90,"column":28}},"25":{"start":{"line":92,"column":47},"end":{"line":92,"column":49}},"26":{"start":{"line":93,"column":4},"end":{"line":95,"column":7}},"27":{"start":{"line":94,"column":6},"end":{"line":94,"column":41}},"28":{"start":{"line":97,"column":4},"end":{"line":97,"column":22}},"29":{"start":{"line":104,"column":16},"end":{"line":104,"column":45}},"30":{"start":{"line":105,"column":4},"end":{"line":105,"column":25}},"31":{"start":{"line":107,"column":17},"end":{"line":107,"column":34}},"32":{"start":{"line":110,"column":4},"end":{"line":115,"column":7}},"33":{"start":{"line":111,"column":19},"end":{"line":111,"column":47}},"34":{"start":{"line":112,"column":6},"end":{"line":114,"column":7}},"35":{"start":{"line":113,"column":8},"end":{"line":113,"column":23}},"36":{"start":{"line":118,"column":4},"end":{"line":123,"column":7}},"37":{"start":{"line":119,"column":18},"end":{"line":119,"column":45}},"38":{"start":{"line":120,"column":6},"end":{"line":122,"column":7}},"39":{"start":{"line":121,"column":8},"end":{"line":121,"column":22}},"40":{"start":{"line":125,"column":4},"end":{"line":125,"column":28}},"41":{"start":{"line":132,"column":16},"end":{"line":132,"column":45}},"42":{"start":{"line":133,"column":4},"end":{"line":133,"column":25}},"43":{"start":{"line":136,"column":4},"end":{"line":136,"column":69}},"44":{"start":{"line":136,"column":56},"end":{"line":136,"column":67}},"45":{"start":{"line":137,"column":4},"end":{"line":149,"column":7}},"46":{"start":{"line":139,"column":6},"end":{"line":143,"column":9}},"47":{"start":{"line":140,"column":8},"end":{"line":142,"column":9}},"48":{"start":{"line":141,"column":10},"end":{"line":141,"column":40}},"49":{"start":{"line":146,"column":6},"end":{"line":148,"column":7}},"50":{"start":{"line":147,"column":8},"end":{"line":147,"column":53}},"51":{"start":{"line":151,"column":4},"end":{"line":151,"column":25}},"52":{"start":{"line":6,"column":0},"end":{"line":6,"column":13}}},"fnMap":{"0":{"name":"(anonymous_0)","decl":{"start":{"line":10,"column":2},"end":{"line":10,"column":8}},"loc":{"start":{"line":10,"column":28},"end":{"line":23,"column":3}}},"1":{"name":"(anonymous_1)","decl":{"start":{"line":22,"column":37},"end":{"line":22,"column":41}},"loc":{"start":{"line":22,"column":45},"end":{"line":22,"column":60}}},"2":{"name":"(anonymous_2)","decl":{"start":{"line":28,"column":2},"end":{"line":28,"column":8}},"loc":{"start":{"line":28,"column":30},"end":{"line":34,"column":3}}},"3":{"name":"(anonymous_3)","decl":{"start":{"line":39,"column":2},"end":{"line":39,"column":8}},"loc":{"start":{"line":39,"column":31},"end":{"line":45,"column":3}}},"4":{"name":"(anonymous_4)","decl":{"start":{"line":50,"column":2},"end":{"line":50,"column":8}},"loc":{"start":{"line":53,"column":39},"end":{"line":63,"column":3}}},"5":{"name":"(anonymous_5)","decl":{"start":{"line":58,"column":15},"end":{"line":58,"column":16}},"loc":{"start":{"line":58,"column":33},"end":{"line":58,"column":65}}},"6":{"name":"(anonymous_6)","decl":{"start":{"line":68,"column":2},"end":{"line":68,"column":8}},"loc":{"start":{"line":72,"column":50},"end":{"line":80,"column":3}}},"7":{"name":"(anonymous_7)","decl":{"start":{"line":85,"column":2},"end":{"line":85,"column":8}},"loc":{"start":{"line":85,"column":37},"end":{"line":98,"column":3}}},"8":{"name":"(anonymous_8)","decl":{"start":{"line":93,"column":43},"end":{"line":93,"column":47}},"loc":{"start":{"line":93,"column":50},"end":{"line":95,"column":5}}},"9":{"name":"(anonymous_9)","decl":{"start":{"line":103,"column":2},"end":{"line":103,"column":8}},"loc":{"start":{"line":103,"column":33},"end":{"line":126,"column":3}}},"10":{"name":"(anonymous_10)","decl":{"start":{"line":110,"column":43},"end":{"line":110,"column":50}},"loc":{"start":{"line":110,"column":53},"end":{"line":115,"column":5}}},"11":{"name":"(anonymous_11)","decl":{"start":{"line":118,"column":42},"end":{"line":118,"column":49}},"loc":{"start":{"line":118,"column":52},"end":{"line":123,"column":5}}},"12":{"name":"(anonymous_12)","decl":{"start":{"line":131,"column":2},"end":{"line":131,"column":8}},"loc":{"start":{"line":131,"column":88},"end":{"line":152,"column":3}}},"13":{"name":"(anonymous_13)","decl":{"start":{"line":136,"column":50},"end":{"line":136,"column":52}},"loc":{"start":{"line":136,"column":56},"end":{"line":136,"column":67}}},"14":{"name":"(anonymous_14)","decl":{"start":{"line":137,"column":38},"end":{"line":137,"column":40}},"loc":{"start":{"line":137,"column":43},"end":{"line":149,"column":5}}},"15":{"name":"(anonymous_15)","decl":{"start":{"line":139,"column":40},"end":{"line":139,"column":44}},"loc":{"start":{"line":139,"column":47},"end":{"line":143,"column":7}}}},"branchMap":{"0":{"loc":{"start":{"line":11,"column":4},"end":{"line":11,"column":25}},"type":"if","locations":[{"start":{"line":11,"column":4},"end":{"line":11,"column":25}}]},"1":{"loc":{"start":{"line":29,"column":4},"end":{"line":29,"column":25}},"type":"if","locations":[{"start":{"line":29,"column":4},"end":{"line":29,"column":25}}]},"2":{"loc":{"start":{"line":40,"column":4},"end":{"line":40,"column":25}},"type":"if","locations":[{"start":{"line":40,"column":4},"end":{"line":40,"column":25}}]},"3":{"loc":{"start":{"line":44,"column":11},"end":{"line":44,"column":49}},"type":"binary-expr","locations":[{"start":{"line":44,"column":11},"end":{"line":44,"column":26}},{"start":{"line":44,"column":30},"end":{"line":44,"column":43}},{"start":{"line":44,"column":47},"end":{"line":44,"column":49}}]},"4":{"loc":{"start":{"line":56,"column":20},"end":{"line":60,"column":10}},"type":"cond-expr","locations":[{"start":{"line":57,"column":8},"end":{"line":59,"column":20}},{"start":{"line":60,"column":8},"end":{"line":60,"column":10}}]},"5":{"loc":{"start":{"line":62,"column":21},"end":{"line":62,"column":49}},"type":"cond-expr","locations":[{"start":{"line":62,"column":31},"end":{"line":62,"column":44}},{"start":{"line":62,"column":47},"end":{"line":62,"column":49}}]},"6":{"loc":{"start":{"line":72,"column":4},"end":{"line":72,"column":50}},"type":"default-arg","locations":[{"start":{"line":72,"column":26},"end":{"line":72,"column":50}}]},"7":{"loc":{"start":{"line":90,"column":4},"end":{"line":90,"column":28}},"type":"if","locations":[{"start":{"line":90,"column":4},"end":{"line":90,"column":28}}]},"8":{"loc":{"start":{"line":112,"column":6},"end":{"line":114,"column":7}},"type":"if","locations":[{"start":{"line":112,"column":6},"end":{"line":114,"column":7}}]},"9":{"loc":{"start":{"line":112,"column":10},"end":{"line":112,"column":41}},"type":"binary-expr","locations":[{"start":{"line":112,"column":10},"end":{"line":112,"column":14}},{"start":{"line":112,"column":18},"end":{"line":112,"column":41}}]},"10":{"loc":{"start":{"line":120,"column":6},"end":{"line":122,"column":7}},"type":"if","locations":[{"start":{"line":120,"column":6},"end":{"line":122,"column":7}}]},"11":{"loc":{"start":{"line":120,"column":10},"end":{"line":120,"column":39}},"type":"binary-expr","locations":[{"start":{"line":120,"column":10},"end":{"line":120,"column":13}},{"start":{"line":120,"column":17},"end":{"line":120,"column":39}}]},"12":{"loc":{"start":{"line":131,"column":32},"end":{"line":131,"column":88}},"type":"default-arg","locations":[{"start":{"line":131,"column":56},"end":{"line":131,"column":88}}]},"13":{"loc":{"start":{"line":140,"column":8},"end":{"line":142,"column":9}},"type":"if","locations":[{"start":{"line":140,"column":8},"end":{"line":142,"column":9}}]},"14":{"loc":{"start":{"line":146,"column":6},"end":{"line":148,"column":7}},"type":"if","locations":[{"start":{"line":146,"column":6},"end":{"line":148,"column":7}}]}},"s":{"0":22,"1":3,"2":19,"3":19,"4":36,"5":3,"6":0,"7":3,"8":3,"9":3,"10":3,"11":0,"12":3,"13":3,"14":3,"15":4,"16":4,"17":10,"18":4,"19":2,"20":3,"21":3,"22":3,"23":3,"24":2,"25":1,"26":1,"27":3,"28":1,"29":2,"30":2,"31":2,"32":2,"33":6,"34":6,"35":4,"36":2,"37":1,"38":1,"39":1,"40":2,"41":4,"42":4,"43":4,"44":1,"45":4,"46":7,"47":2,"48":1,"49":7,"50":1,"51":4,"52":1},"f":{"0":22,"1":36,"2":3,"3":3,"4":4,"5":10,"6":2,"7":3,"8":3,"9":2,"10":6,"11":1,"12":4,"13":1,"14":7,"15":2},"b":{"0":[3],"1":[0],"2":[0],"3":[3,0,0],"4":[3,1],"5":[3,1],"6":[1],"7":[2],"8":[4],"9":[6,6],"10":[1],"11":[1,1],"12":[3],"13":[1],"14":[1]}}
,"/Users/dawsonvaldes/zotero-plugin-repos/zotero-moment-o7/src/utils/HttpClient.ts": {"path":"/Users/dawsonvaldes/zotero-plugin-repos/zotero-moment-o7/src/utils/HttpClient.ts","statementMap":{"0":{"start":{"line":34,"column":10},"end":{"line":34,"column":33}},"1":{"start":{"line":35,"column":10},"end":{"line":37,"column":4}},"2":{"start":{"line":40,"column":4},"end":{"line":42,"column":5}},"3":{"start":{"line":41,"column":6},"end":{"line":41,"column":40}},"4":{"start":{"line":58,"column":8},"end":{"line":58,"column":15}},"5":{"start":{"line":60,"column":4},"end":{"line":78,"column":5}},"6":{"start":{"line":61,"column":23},"end":{"line":66,"column":8}},"7":{"start":{"line":68,"column":30},"end":{"line":68,"column":81}},"8":{"start":{"line":70,"column":6},"end":{"line":75,"column":8}},"9":{"start":{"line":77,"column":6},"end":{"line":77,"column":37}},"10":{"start":{"line":85,"column":4},"end":{"line":85,"column":63}},"11":{"start":{"line":96,"column":4},"end":{"line":96,"column":70}},"12":{"start":{"line":103,"column":44},"end":{"line":103,"column":46}},"13":{"start":{"line":104,"column":4},"end":{"line":104,"column":35}},"14":{"start":{"line":104,"column":20},"end":{"line":104,"column":35}},"15":{"start":{"line":106,"column":4},"end":{"line":113,"column":7}},"16":{"start":{"line":107,"column":20},"end":{"line":107,"column":37}},"17":{"start":{"line":108,"column":6},"end":{"line":112,"column":7}},"18":{"start":{"line":109,"column":20},"end":{"line":109,"column":61}},"19":{"start":{"line":110,"column":22},"end":{"line":110,"column":50}},"20":{"start":{"line":111,"column":8},"end":{"line":111,"column":29}},"21":{"start":{"line":115,"column":4},"end":{"line":115,"column":19}},"22":{"start":{"line":122,"column":32},"end":{"line":122,"column":81}},"23":{"start":{"line":123,"column":4},"end":{"line":123,"column":32}},"24":{"start":{"line":124,"column":4},"end":{"line":124,"column":35}},"25":{"start":{"line":125,"column":4},"end":{"line":125,"column":43}},"26":{"start":{"line":126,"column":4},"end":{"line":126,"column":43}},"27":{"start":{"line":129,"column":4},"end":{"line":135,"column":5}},"28":{"start":{"line":130,"column":6},"end":{"line":130,"column":45}},"29":{"start":{"line":131,"column":11},"end":{"line":135,"column":5}},"30":{"start":{"line":132,"column":6},"end":{"line":132,"column":57}},"31":{"start":{"line":133,"column":11},"end":{"line":135,"column":5}},"32":{"start":{"line":134,"column":6},"end":{"line":134,"column":57}},"33":{"start":{"line":137,"column":4},"end":{"line":137,"column":20}},"34":{"start":{"line":33,"column":0},"end":{"line":33,"column":13}}},"fnMap":{"0":{"name":"(anonymous_0)","decl":{"start":{"line":39,"column":2},"end":{"line":39,"column":14}},"loc":{"start":{"line":39,"column":34},"end":{"line":43,"column":3}}},"1":{"name":"(anonymous_1)","decl":{"start":{"line":48,"column":2},"end":{"line":48,"column":7}},"loc":{"start":{"line":50,"column":36},"end":{"line":79,"column":3}}},"2":{"name":"(anonymous_2)","decl":{"start":{"line":84,"column":2},"end":{"line":84,"column":7}},"loc":{"start":{"line":84,"column":81},"end":{"line":86,"column":3}}},"3":{"name":"(anonymous_3)","decl":{"start":{"line":91,"column":2},"end":{"line":91,"column":7}},"loc":{"start":{"line":94,"column":57},"end":{"line":97,"column":3}}},"4":{"name":"(anonymous_4)","decl":{"start":{"line":102,"column":10},"end":{"line":102,"column":22}},"loc":{"start":{"line":102,"column":40},"end":{"line":116,"column":3}}},"5":{"name":"(anonymous_5)","decl":{"start":{"line":106,"column":34},"end":{"line":106,"column":38}},"loc":{"start":{"line":106,"column":41},"end":{"line":113,"column":5}}},"6":{"name":"(anonymous_6)","decl":{"start":{"line":121,"column":10},"end":{"line":121,"column":22}},"loc":{"start":{"line":121,"column":33},"end":{"line":138,"column":3}}}},"branchMap":{"0":{"loc":{"start":{"line":40,"column":4},"end":{"line":42,"column":5}},"type":"if","locations":[{"start":{"line":40,"column":4},"end":{"line":42,"column":5}}]},"1":{"loc":{"start":{"line":50,"column":4},"end":{"line":50,"column":36}},"type":"default-arg","locations":[{"start":{"line":50,"column":34},"end":{"line":50,"column":36}}]},"2":{"loc":{"start":{"line":53,"column":6},"end":{"line":53,"column":20}},"type":"default-arg","locations":[{"start":{"line":53,"column":15},"end":{"line":53,"column":20}}]},"3":{"loc":{"start":{"line":54,"column":6},"end":{"line":54,"column":18}},"type":"default-arg","locations":[{"start":{"line":54,"column":16},"end":{"line":54,"column":18}}]},"4":{"loc":{"start":{"line":56,"column":6},"end":{"line":56,"column":35}},"type":"default-arg","locations":[{"start":{"line":56,"column":16},"end":{"line":56,"column":35}}]},"5":{"loc":{"start":{"line":57,"column":6},"end":{"line":57,"column":27}},"type":"default-arg","locations":[{"start":{"line":57,"column":21},"end":{"line":57,"column":27}}]},"6":{"loc":{"start":{"line":73,"column":14},"end":{"line":73,"column":85}},"type":"cond-expr","locations":[{"start":{"line":73,"column":40},"end":{"line":73,"column":61}},{"start":{"line":73,"column":64},"end":{"line":73,"column":85}}]},"7":{"loc":{"start":{"line":104,"column":4},"end":{"line":104,"column":35}},"type":"if","locations":[{"start":{"line":104,"column":4},"end":{"line":104,"column":35}}]},"8":{"loc":{"start":{"line":108,"column":6},"end":{"line":112,"column":7}},"type":"if","locations":[{"start":{"line":108,"column":6},"end":{"line":112,"column":7}}]},"9":{"loc":{"start":{"line":122,"column":42},"end":{"line":122,"column":80}},"type":"binary-expr","locations":[{"start":{"line":122,"column":42},"end":{"line":122,"column":55}},{"start":{"line":122,"column":59},"end":{"line":122,"column":80}}]},"10":{"loc":{"start":{"line":129,"column":4},"end":{"line":135,"column":5}},"type":"if","locations":[{"start":{"line":129,"column":4},"end":{"line":135,"column":5}},{"start":{"line":131,"column":11},"end":{"line":135,"column":5}}]},"11":{"loc":{"start":{"line":129,"column":8},"end":{"line":129,"column":64}},"type":"binary-expr","locations":[{"start":{"line":129,"column":8},"end":{"line":129,"column":26}},{"start":{"line":129,"column":30},"end":{"line":129,"column":64}}]},"12":{"loc":{"start":{"line":131,"column":11},"end":{"line":135,"column":5}},"type":"if","locations":[{"start":{"line":131,"column":11},"end":{"line":135,"column":5}},{"start":{"line":133,"column":11},"end":{"line":135,"column":5}}]},"13":{"loc":{"start":{"line":133,"column":11},"end":{"line":135,"column":5}},"type":"if","locations":[{"start":{"line":133,"column":11},"end":{"line":135,"column":5}}]}},"s":{"0":10,"1":10,"2":10,"3":1,"4":9,"5":9,"6":9,"7":6,"8":6,"9":3,"10":8,"11":1,"12":6,"13":6,"14":2,"15":4,"16":8,"17":8,"18":8,"19":8,"20":8,"21":4,"22":3,"23":3,"24":3,"25":3,"26":3,"27":3,"28":0,"29":3,"30":1,"31":2,"32":1,"33":3,"34":1},"f":{"0":10,"1":9,"2":8,"3":1,"4":6,"5":8,"6":3},"b":{"0":[1],"1":[0],"2":[0],"3":[8],"4":[9],"5":[8],"6":[1,5],"7":[2],"8":[8],"9":[3,0],"10":[0,3],"11":[3,1],"12":[1,2],"13":[1]}}
}
