TN:
SF:src/RobustLinkCreator.ts
FN:29,(anonymous_0)
FN:42,(anonymous_1)
FN:43,(anonymous_2)
FN:73,(anonymous_3)
FN:93,(anonymous_4)
FN:112,(anonymous_5)
FN:145,(anonymous_6)
FN:160,(anonymous_7)
FN:170,(anonymous_8)
FN:177,(anonymous_9)
FN:208,(anonymous_10)
FNF:11
FNH:0
FNDA:0,(anonymous_0)
FNDA:0,(anonymous_1)
FNDA:0,(anonymous_2)
FNDA:0,(anonymous_3)
FNDA:0,(anonymous_4)
FNDA:0,(anonymous_5)
FNDA:0,(anonymous_6)
FNDA:0,(anonymous_7)
FNDA:0,(anonymous_8)
FNDA:0,(anonymous_9)
FNDA:0,(anonymous_10)
DA:1,0
DA:10,0
DA:11,0
DA:35,0
DA:38,0
DA:41,0
DA:42,0
DA:44,0
DA:45,0
DA:48,0
DA:50,0
DA:54,0
DA:57,0
DA:60,0
DA:67,0
DA:78,0
DA:80,0
DA:94,0
DA:95,0
DA:96,0
DA:97,0
DA:99,0
DA:100,0
DA:103,0
DA:104,0
DA:105,0
DA:106,0
DA:109,0
DA:110,0
DA:112,0
DA:113,0
DA:114,0
DA:116,0
DA:118,0
DA:119,0
DA:120,0
DA:126,0
DA:127,0
DA:128,0
DA:129,0
DA:133,0
DA:140,0
DA:141,0
DA:146,0
DA:149,0
DA:150,0
DA:151,0
DA:156,0
DA:157,0
DA:161,0
DA:169,0
DA:171,0
DA:172,0
DA:178,0
DA:197,0
DA:198,0
DA:199,0
DA:200,0
DA:205,0
DA:209,0
DA:210,0
DA:211,0
LF:62
LH:0
BRDA:33,0,0,0
BRDA:34,1,0,0
BRDA:48,2,0,0
BRDA:76,3,0,0
BRDA:99,4,0,0
BRDA:103,5,0,0
BRDA:103,5,1,0
BRDA:104,6,0,0
BRDA:104,6,1,0
BRDA:105,7,0,0
BRDA:105,7,1,0
BRDA:106,8,0,0
BRDA:106,8,1,0
BRDA:114,9,0,0
BRDA:114,9,1,0
BRDA:116,10,0,0
BRDA:116,11,0,0
BRDA:116,11,1,0
BRDA:119,12,0,0
BRDA:126,13,0,0
BRDA:126,14,0,0
BRDA:126,14,1,0
BRDA:128,15,0,0
BRDA:150,16,0,0
BRDA:157,17,0,0
BRDA:157,17,1,0
BRDA:171,18,0,0
BRDA:171,18,1,0
BRDA:199,19,0,0
BRDA:199,20,0,0
BRDA:199,20,1,0
BRF:31
BRH:0
end_of_record
TN:
SF:src/Signpost.ts
FN:26,(anonymous_0)
FN:42,(anonymous_1)
FN:54,(anonymous_2)
FN:69,(anonymous_3)
FN:74,(anonymous_4)
FN:100,(anonymous_5)
FN:146,(anonymous_6)
FN:154,(anonymous_7)
FN:174,(anonymous_8)
FN:189,(anonymous_9)
FN:214,(anonymous_10)
FN:274,(anonymous_11)
FN:289,(anonymous_12)
FN:324,(anonymous_13)
FNF:14
FNH:0
FNDA:0,(anonymous_0)
FNDA:0,(anonymous_1)
FNDA:0,(anonymous_2)
FNDA:0,(anonymous_3)
FNDA:0,(anonymous_4)
FNDA:0,(anonymous_5)
FNDA:0,(anonymous_6)
FNDA:0,(anonymous_7)
FNDA:0,(anonymous_8)
FNDA:0,(anonymous_9)
FNDA:0,(anonymous_10)
FNDA:0,(anonymous_11)
FNDA:0,(anonymous_12)
FNDA:0,(anonymous_13)
DA:19,0
DA:21,0
DA:27,0
DA:29,0
DA:31,0
DA:35,0
DA:36,0
DA:40,0
DA:42,0
DA:44,0
DA:45,0
DA:46,0
DA:50,0
DA:53,0
DA:54,0
DA:55,0
DA:60,0
DA:63,0
DA:70,0
DA:71,0
DA:74,0
DA:75,0
DA:80,0
DA:81,0
DA:86,0
DA:87,0
DA:88,0
DA:91,0
DA:94,0
DA:101,0
DA:102,0
DA:105,0
DA:106,0
DA:107,0
DA:109,0
DA:115,0
DA:118,0
DA:119,0
DA:120,0
DA:122,0
DA:124,0
DA:125,0
DA:127,0
DA:128,0
DA:130,0
DA:131,0
DA:135,0
DA:136,0
DA:140,0
DA:147,0
DA:148,0
DA:149,0
DA:152,0
DA:154,0
DA:155,0
DA:156,0
DA:157,0
DA:162,0
DA:163,0
DA:164,0
DA:167,0
DA:172,0
DA:174,0
DA:175,0
DA:176,0
DA:177,0
DA:178,0
DA:179,0
DA:187,0
DA:189,0
DA:190,0
DA:191,0
DA:192,0
DA:194,0
DA:199,0
DA:201,0
DA:202,0
DA:203,0
DA:204,0
DA:208,0
DA:215,0
DA:218,0
DA:219,0
DA:220,0
DA:222,0
DA:226,0
DA:227,0
DA:229,0
DA:230,0
DA:232,0
DA:233,0
DA:234,0
DA:235,0
DA:236,0
DA:239,0
DA:240,0
DA:241,0
DA:242,0
DA:243,0
DA:247,0
DA:248,0
DA:249,0
DA:250,0
DA:251,0
DA:252,0
DA:253,0
DA:259,0
DA:260,0
DA:266,0
DA:267,0
DA:275,0
DA:276,0
DA:278,0
DA:279,0
DA:283,0
DA:284,0
DA:286,0
DA:287,0
DA:289,0
DA:290,0
DA:296,0
DA:298,0
DA:299,0
DA:301,0
DA:302,0
DA:303,0
DA:304,0
DA:310,0
DA:311,0
DA:314,0
DA:316,0
DA:317,0
DA:326,0
DA:327,0
DA:330,0
DA:331,0
DA:335,0
DA:336,0
DA:340,0
DA:341,0
DA:343,0
DA:344,0
DA:345,0
DA:347,0
DA:348,0
DA:352,0
LF:146
LH:0
BRDA:35,0,0,0
BRDA:44,1,0,0
BRDA:54,2,0,0
BRDA:75,3,0,0
BRDA:75,3,1,0
BRDA:75,3,2,0
BRDA:87,4,0,0
BRDA:122,5,0,0
BRDA:122,5,1,0
BRDA:122,5,2,0
BRDA:135,6,0,0
BRDA:156,7,0,0
BRDA:163,8,0,0
BRDA:176,9,0,0
BRDA:178,10,0,0
BRDA:191,11,0,0
BRDA:191,11,1,0
BRDA:202,12,0,0
BRDA:202,12,1,0
BRDA:202,12,2,0
BRDA:202,12,3,0
BRDA:203,13,0,0
BRDA:203,14,0,0
BRDA:203,14,1,0
BRDA:215,15,0,0
BRDA:218,16,0,0
BRDA:226,17,0,0
BRDA:227,18,0,0
BRDA:227,18,1,0
BRDA:232,19,0,0
BRDA:232,19,1,0
BRDA:234,20,0,0
BRDA:235,21,0,0
BRDA:239,22,0,0
BRDA:242,23,0,0
BRDA:247,24,0,0
BRDA:248,25,0,0
BRDA:248,25,1,0
BRDA:251,26,0,0
BRDA:259,27,0,0
BRDA:266,28,0,0
BRDA:278,29,0,0
BRDA:283,30,0,0
BRDA:283,30,1,0
BRDA:287,31,0,0
BRDA:287,32,0,0
BRDA:287,32,1,0
BRDA:290,33,0,0
BRDA:290,33,1,0
BRDA:296,34,0,0
BRDA:296,35,0,0
BRDA:296,35,1,0
BRDA:298,36,0,0
BRDA:298,36,1,0
BRDA:301,37,0,0
BRDA:302,38,0,0
BRDA:302,38,1,0
BRDA:310,39,0,0
BRDA:330,40,0,0
BRDA:335,41,0,0
BRDA:335,42,0,0
BRDA:335,42,1,0
BRDA:343,43,0,0
BRDA:343,44,0,0
BRDA:343,44,1,0
BRDA:347,45,0,0
BRF:66
BRH:0
end_of_record
TN:
SF:src/memento/MementoChecker.ts
FN:61,(anonymous_0)
FN:104,(anonymous_1)
FN:105,(anonymous_2)
FN:135,(anonymous_3)
FN:165,(anonymous_4)
FN:166,(anonymous_5)
FN:190,(anonymous_6)
FNF:7
FNH:0
FNDA:0,(anonymous_0)
FNDA:0,(anonymous_1)
FNDA:0,(anonymous_2)
FNDA:0,(anonymous_3)
FNDA:0,(anonymous_4)
FNDA:0,(anonymous_5)
FNDA:0,(anonymous_6)
DA:1,0
DA:16,0
DA:17,0
DA:30,0
DA:62,0
DA:68,0
DA:69,0
DA:70,0
DA:71,0
DA:72,0
DA:73,0
DA:74,0
DA:75,0
DA:76,0
DA:79,0
DA:84,0
DA:85,0
DA:86,0
DA:87,0
DA:88,0
DA:89,0
DA:90,0
DA:93,0
DA:98,0
DA:105,0
DA:106,0
DA:109,0
DA:110,0
DA:113,0
DA:114,0
DA:115,0
DA:116,0
DA:117,0
DA:118,0
DA:126,0
DA:129,0
DA:136,0
DA:137,0
DA:144,0
DA:145,0
DA:149,0
DA:150,0
DA:151,0
DA:154,0
DA:157,0
DA:158,0
DA:166,0
DA:167,0
DA:170,0
DA:171,0
DA:172,0
DA:173,0
DA:174,0
DA:179,0
DA:191,0
DA:194,0
DA:195,0
DA:197,0
DA:204,0
DA:206,0
DA:207,0
DA:208,0
DA:211,0
DA:212,0
DA:213,0
DA:214,0
DA:218,0
DA:228,0
DA:229,0
DA:230,0
DA:231,0
DA:232,0
DA:234,0
DA:236,0
DA:237,0
DA:238,0
DA:241,0
DA:242,0
DA:243,0
DA:244,0
DA:249,0
DA:251,0
DA:253,0
DA:263,0
DA:264,0
DA:265,0
DA:268,0
LF:87
LH:0
BRDA:71,0,0,0
BRDA:71,1,0,0
BRDA:71,1,1,0
BRDA:85,2,0,0
BRDA:88,3,0,0
BRDA:88,4,0,0
BRDA:88,4,1,0
BRDA:109,5,0,0
BRDA:109,6,0,0
BRDA:109,6,1,0
BRDA:115,7,0,0
BRDA:115,8,0,0
BRDA:115,8,1,0
BRDA:117,9,0,0
BRDA:144,10,0,0
BRDA:167,11,0,0
BRDA:167,11,1,0
BRDA:170,12,0,0
BRDA:172,13,0,0
BRDA:195,14,0,0
BRDA:212,15,0,0
BRDA:228,16,0,0
BRDA:228,16,1,0
BRDA:231,17,0,0
BRDA:231,18,0,0
BRDA:231,18,1,0
BRDA:242,19,0,0
BRDA:251,20,0,0
BRDA:251,20,1,0
BRF:29
BRH:0
end_of_record
TN:
SF:src/memento/MementoProtocol.ts
FN:43,(anonymous_0)
FN:95,(anonymous_1)
FN:96,(anonymous_2)
FN:131,(anonymous_3)
FN:150,(anonymous_4)
FN:163,(anonymous_5)
FN:169,(anonymous_6)
FN:197,(anonymous_7)
FN:204,(anonymous_8)
FN:212,(anonymous_9)
FN:222,(anonymous_10)
FN:229,(anonymous_11)
FN:236,(anonymous_12)
FN:243,(anonymous_13)
FN:249,(anonymous_14)
FN:258,(anonymous_15)
FN:259,(anonymous_16)
FNF:17
FNH:0
FNDA:0,(anonymous_0)
FNDA:0,(anonymous_1)
FNDA:0,(anonymous_2)
FNDA:0,(anonymous_3)
FNDA:0,(anonymous_4)
FNDA:0,(anonymous_5)
FNDA:0,(anonymous_6)
FNDA:0,(anonymous_7)
FNDA:0,(anonymous_8)
FNDA:0,(anonymous_9)
FNDA:0,(anonymous_10)
FNDA:0,(anonymous_11)
FNDA:0,(anonymous_12)
FNDA:0,(anonymous_13)
FNDA:0,(anonymous_14)
FNDA:0,(anonymous_15)
FNDA:0,(anonymous_16)
DA:35,0
DA:36,0
DA:37,0
DA:44,0
DA:45,0
DA:48,0
DA:49,0
DA:50,0
DA:52,0
DA:58,0
DA:61,0
DA:62,0
DA:63,0
DA:65,0
DA:67,0
DA:68,0
DA:70,0
DA:71,0
DA:73,0
DA:74,0
DA:76,0
DA:77,0
DA:79,0
DA:80,0
DA:84,0
DA:85,0
DA:89,0
DA:96,0
DA:97,0
DA:98,0
DA:100,0
DA:101,0
DA:104,0
DA:105,0
DA:108,0
DA:109,0
DA:112,0
DA:113,0
DA:116,0
DA:117,0
DA:120,0
DA:121,0
DA:124,0
DA:132,0
DA:137,0
DA:138,0
DA:141,0
DA:142,0
DA:145,0
DA:146,0
DA:149,0
DA:150,0
DA:157,0
DA:164,0
DA:169,0
DA:171,0
DA:172,0
DA:174,0
DA:175,0
DA:176,0
DA:177,0
DA:178,0
DA:179,0
DA:180,0
DA:181,0
DA:182,0
DA:191,0
DA:198,0
DA:199,0
DA:202,0
DA:204,0
DA:205,0
DA:206,0
DA:207,0
DA:212,0
DA:213,0
DA:214,0
DA:215,0
DA:223,0
DA:230,0
DA:237,0
DA:238,0
DA:239,0
DA:242,0
DA:243,0
DA:250,0
DA:251,0
DA:253,0
DA:254,0
DA:257,0
DA:258,0
DA:259,0
DA:261,0
DA:262,0
DA:265,0
LF:95
LH:0
BRDA:65,0,0,0
BRDA:65,0,1,0
BRDA:65,0,2,0
BRDA:65,0,3,0
BRDA:65,0,4,0
BRDA:84,1,0,0
BRDA:100,2,0,0
BRDA:104,3,0,0
BRDA:108,4,0,0
BRDA:112,5,0,0
BRDA:116,6,0,0
BRDA:120,7,0,0
BRDA:137,8,0,0
BRDA:141,9,0,0
BRDA:145,10,0,0
BRDA:149,11,0,0
BRDA:149,12,0,0
BRDA:149,12,1,0
BRDA:153,13,0,0
BRDA:153,13,1,0
BRDA:175,14,0,0
BRDA:175,14,1,0
BRDA:177,15,0,0
BRDA:177,15,1,0
BRDA:179,16,0,0
BRDA:179,16,1,0
BRDA:179,17,0,0
BRDA:179,17,1,0
BRDA:181,18,0,0
BRDA:181,19,0,0
BRDA:181,19,1,0
BRDA:198,20,0,0
BRDA:202,21,0,0
BRDA:207,22,0,0
BRDA:207,22,1,0
BRDA:215,23,0,0
BRDA:215,23,1,0
BRDA:237,24,0,0
BRDA:237,24,1,0
BRDA:238,25,0,0
BRDA:250,26,0,0
BRDA:250,26,1,0
BRDA:251,27,0,0
BRDA:251,27,1,0
BRDA:253,28,0,0
BRDA:261,29,0,0
BRDA:261,30,0,0
BRDA:261,30,1,0
BRDA:267,31,0,0
BRDA:267,31,1,0
BRDA:267,31,2,0
BRF:51
BRH:0
end_of_record
TN:
SF:src/preferences/PreferencesManager.ts
FN:21,(anonymous_0)
FN:23,(anonymous_1)
FN:33,(anonymous_2)
FN:46,(anonymous_3)
FN:62,(anonymous_4)
FN:68,(anonymous_5)
FN:86,(anonymous_6)
FN:94,(anonymous_7)
FN:107,(anonymous_8)
FN:114,(anonymous_9)
FN:126,(anonymous_10)
FN:145,(anonymous_11)
FN:162,(anonymous_12)
FN:171,(anonymous_13)
FN:175,(anonymous_14)
FN:182,(anonymous_15)
FNF:16
FNH:0
FNDA:0,(anonymous_0)
FNDA:0,(anonymous_1)
FNDA:0,(anonymous_2)
FNDA:0,(anonymous_3)
FNDA:0,(anonymous_4)
FNDA:0,(anonymous_5)
FNDA:0,(anonymous_6)
FNDA:0,(anonymous_7)
FNDA:0,(anonymous_8)
FNDA:0,(anonymous_9)
FNDA:0,(anonymous_10)
FNDA:0,(anonymous_11)
FNDA:0,(anonymous_12)
FNDA:0,(anonymous_13)
FNDA:0,(anonymous_14)
FNDA:0,(anonymous_15)
DA:7,0
DA:11,0
DA:24,0
DA:25,0
DA:27,0
DA:35,0
DA:36,0
DA:37,0
DA:38,0
DA:47,0
DA:63,0
DA:64,0
DA:66,0
DA:67,0
DA:68,0
DA:71,0
DA:72,0
DA:73,0
DA:74,0
DA:75,0
DA:76,0
DA:77,0
DA:80,0
DA:87,0
DA:88,0
DA:95,0
DA:97,0
DA:98,0
DA:100,0
DA:108,0
DA:115,0
DA:116,0
DA:117,0
DA:120,0
DA:127,0
DA:129,0
DA:137,0
DA:138,0
DA:146,0
DA:147,0
DA:148,0
DA:149,0
DA:150,0
DA:151,0
DA:152,0
DA:154,0
DA:155,0
DA:163,0
DA:164,0
DA:165,0
DA:168,0
DA:172,0
DA:176,0
DA:184,0
LF:54
LH:0
BRDA:24,0,0,0
BRDA:37,1,0,0
BRDA:66,2,0,0
BRDA:71,3,0,0
BRDA:72,4,0,0
BRDA:72,4,1,0
BRDA:74,5,0,0
BRDA:74,5,1,0
BRDA:76,6,0,0
BRDA:88,7,0,0
BRDA:88,7,1,0
BRDA:97,8,0,0
BRDA:97,8,1,0
BRDA:116,9,0,0
BRDA:137,10,0,0
BRDA:154,11,0,0
BRDA:164,12,0,0
BRF:17
BRH:0
end_of_record
TN:
SF:src/services/ArchiveCoordinator.ts
FN:12,(anonymous_0)
FN:16,(anonymous_1)
FN:26,(anonymous_2)
FN:56,(anonymous_3)
FN:81,(anonymous_4)
FN:107,(anonymous_5)
FN:140,(anonymous_6)
FN:160,(anonymous_7)
FN:173,(anonymous_8)
FN:179,(anonymous_9)
FN:184,(anonymous_10)
FN:190,(anonymous_11)
FN:195,(anonymous_12)
FNF:13
FNH:0
FNDA:0,(anonymous_0)
FNDA:0,(anonymous_1)
FNDA:0,(anonymous_2)
FNDA:0,(anonymous_3)
FNDA:0,(anonymous_4)
FNDA:0,(anonymous_5)
FNDA:0,(anonymous_6)
FNDA:0,(anonymous_7)
FNDA:0,(anonymous_8)
FNDA:0,(anonymous_9)
FNDA:0,(anonymous_10)
FNDA:0,(anonymous_11)
FNDA:0,(anonymous_12)
DA:5,0
DA:8,0
DA:13,0
DA:17,0
DA:18,0
DA:20,0
DA:30,0
DA:31,0
DA:34,0
DA:36,0
DA:37,0
DA:38,0
DA:39,0
DA:41,0
DA:42,0
DA:50,0
DA:60,0
DA:61,0
DA:62,0
DA:66,0
DA:67,0
DA:68,0
DA:69,0
DA:71,0
DA:75,0
DA:86,0
DA:87,0
DA:88,0
DA:95,0
DA:108,0
DA:110,0
DA:111,0
DA:115,0
DA:118,0
DA:120,0
DA:122,0
DA:123,0
DA:124,0
DA:125,0
DA:126,0
DA:128,0
DA:130,0
DA:134,0
DA:141,0
DA:142,0
DA:143,0
DA:147,0
DA:149,0
DA:150,0
DA:152,0
DA:153,0
DA:161,0
DA:173,0
DA:180,0
DA:184,0
DA:194,0
DA:195,0
DA:198,0
DA:199,0
DA:200,0
DA:201,0
DA:202,0
DA:207,0
DA:209,0
LF:64
LH:0
BRDA:17,0,0,0
BRDA:30,1,0,0
BRDA:30,2,0,0
BRDA:30,2,1,0
BRDA:45,3,0,0
BRDA:45,3,1,0
BRDA:61,4,0,0
BRDA:66,5,0,0
BRDA:68,6,0,0
BRDA:88,7,0,0
BRDA:88,7,1,0
BRDA:99,8,0,0
BRDA:99,8,1,0
BRDA:110,9,0,0
BRDA:125,10,0,0
BRDA:130,11,0,0
BRDA:130,11,1,0
BRDA:142,12,0,0
BRDA:142,13,0,0
BRDA:142,13,1,0
BRDA:200,14,0,0
BRF:21
BRH:0
end_of_record
TN:
SF:src/services/ArchiveServiceFactory.ts
FN:48,(anonymous_0)
FN:67,(anonymous_1)
FN:87,(anonymous_2)
FN:94,(anonymous_3)
FN:102,(anonymous_4)
FN:110,(anonymous_5)
FN:117,(anonymous_6)
FN:157,(anonymous_7)
FN:177,(anonymous_8)
FN:184,(anonymous_9)
FN:190,(anonymous_10)
FN:191,(anonymous_11)
FNF:12
FNH:0
FNDA:0,(anonymous_0)
FNDA:0,(anonymous_1)
FNDA:0,(anonymous_2)
FNDA:0,(anonymous_3)
FNDA:0,(anonymous_4)
FNDA:0,(anonymous_5)
FNDA:0,(anonymous_6)
FNDA:0,(anonymous_7)
FNDA:0,(anonymous_8)
FNDA:0,(anonymous_9)
FNDA:0,(anonymous_10)
FNDA:0,(anonymous_11)
DA:7,0
DA:8,0
DA:9,0
DA:10,0
DA:11,0
DA:33,0
DA:34,0
DA:42,0
DA:50,0
DA:51,0
DA:54,0
DA:55,0
DA:56,0
DA:59,0
DA:60,0
DA:61,0
DA:68,0
DA:70,0
DA:71,0
DA:73,0
DA:74,0
DA:75,0
DA:77,0
DA:81,0
DA:88,0
DA:95,0
DA:103,0
DA:111,0
DA:122,0
DA:123,0
DA:124,0
DA:130,0
DA:139,0
DA:140,0
DA:158,0
DA:159,0
DA:160,0
DA:162,0
DA:163,0
DA:164,0
DA:171,0
DA:181,0
DA:184,0
DA:185,0
DA:189,0
DA:190,0
DA:191,0
DA:193,0
LF:48
LH:0
BRDA:50,0,0,0
BRDA:55,1,0,0
BRDA:71,2,0,0
BRDA:126,3,0,0
BRDA:126,3,1,0
BRDA:127,4,0,0
BRDA:127,4,1,0
BRDA:163,5,0,0
BRF:8
BRH:0
end_of_record
TN:
SF:src/services/ArchiveTodayService.ts
FN:9,(anonymous_0)
FN:23,(anonymous_1)
FN:27,(anonymous_2)
FN:55,(anonymous_3)
FN:96,(anonymous_4)
FN:136,(anonymous_5)
FN:154,(anonymous_6)
FNF:7
FNH:0
FNDA:0,(anonymous_0)
FNDA:0,(anonymous_1)
FNDA:0,(anonymous_2)
FNDA:0,(anonymous_3)
FNDA:0,(anonymous_4)
FNDA:0,(anonymous_5)
FNDA:0,(anonymous_6)
DA:1,0
DA:3,0
DA:5,0
DA:6,0
DA:7,0
DA:10,0
DA:24,0
DA:30,0
DA:32,0
DA:33,0
DA:34,0
DA:35,0
DA:36,0
DA:39,0
DA:40,0
DA:45,0
DA:48,0
DA:56,0
DA:58,0
DA:59,0
DA:71,0
DA:72,0
DA:75,0
DA:77,0
DA:78,0
DA:81,0
DA:82,0
DA:85,0
DA:97,0
DA:99,0
DA:102,0
DA:114,0
DA:115,0
DA:119,0
DA:121,0
DA:122,0
DA:125,0
DA:138,0
DA:144,0
DA:145,0
DA:146,0
DA:147,0
DA:151,0
DA:155,0
DA:157,0
DA:158,0
DA:163,0
DA:165,0
DA:166,0
DA:167,0
DA:171,0
DA:174,0
LF:52
LH:0
BRDA:32,0,0,0
BRDA:35,1,0,0
BRDA:50,2,0,0
BRDA:50,2,1,0
BRDA:71,3,0,0
BRDA:72,4,0,0
BRDA:72,4,1,0
BRDA:77,5,0,0
BRDA:81,6,0,0
BRDA:114,7,0,0
BRDA:115,8,0,0
BRDA:115,8,1,0
BRDA:121,9,0,0
BRDA:146,10,0,0
BRDA:147,11,0,0
BRDA:147,11,1,0
BRDA:163,12,0,0
BRDA:163,13,0,0
BRDA:163,13,1,0
BRDA:166,14,0,0
BRF:20
BRH:0
end_of_record
TN:
SF:src/services/ArquivoPtService.ts
FN:9,(anonymous_0)
FN:24,(anonymous_1)
FN:28,(anonymous_2)
FN:104,(anonymous_3)
FN:127,(anonymous_4)
FN:131,(anonymous_5)
FN:148,(anonymous_6)
FN:161,(anonymous_7)
FNF:8
FNH:0
FNDA:0,(anonymous_0)
FNDA:0,(anonymous_1)
FNDA:0,(anonymous_2)
FNDA:0,(anonymous_3)
FNDA:0,(anonymous_4)
FNDA:0,(anonymous_5)
FNDA:0,(anonymous_6)
FNDA:0,(anonymous_7)
DA:1,0
DA:3,0
DA:5,0
DA:6,0
DA:7,0
DA:10,0
DA:25,0
DA:29,0
DA:30,0
DA:32,0
DA:35,0
DA:36,0
DA:37,0
DA:50,0
DA:62,0
DA:63,0
DA:70,0
DA:72,0
DA:73,0
DA:85,0
DA:97,0
DA:106,0
DA:112,0
DA:113,0
DA:114,0
DA:115,0
DA:117,0
DA:118,0
DA:120,0
DA:124,0
DA:128,0
DA:132,0
DA:134,0
DA:136,0
DA:141,0
DA:143,0
DA:144,0
DA:146,0
DA:148,0
DA:149,0
DA:151,0
DA:155,0
DA:158,0
DA:162,0
DA:164,0
DA:169,0
DA:170,0
DA:174,0
DA:176,0
DA:177,0
DA:180,0
DA:183,0
LF:52
LH:0
BRDA:36,0,0,0
BRDA:62,1,0,0
BRDA:65,2,0,0
BRDA:65,2,1,0
BRDA:72,3,0,0
BRDA:99,4,0,0
BRDA:99,4,1,0
BRDA:114,5,0,0
BRDA:115,6,0,0
BRDA:115,6,1,0
BRDA:117,7,0,0
BRDA:141,8,0,0
BRDA:141,9,0,0
BRDA:141,9,1,0
BRDA:146,10,0,0
BRDA:169,11,0,0
BRDA:176,12,0,0
BRF:17
BRH:0
end_of_record
TN:
SF:src/services/BaseArchiveService.ts
FN:19,(anonymous_0)
FN:21,(anonymous_1)
FN:25,(anonymous_2)
FN:39,(anonymous_3)
FN:59,(anonymous_4)
FN:93,(anonymous_5)
FN:100,(anonymous_6)
FN:111,(anonymous_7)
FN:135,(anonymous_8)
FN:157,(anonymous_9)
FN:164,(anonymous_10)
FN:178,(anonymous_11)
FN:187,(anonymous_12)
FN:193,(anonymous_13)
FN:228,(anonymous_14)
FN:232,(anonymous_15)
FN:241,(anonymous_16)
FN:247,(anonymous_17)
FN:253,(anonymous_18)
FN:264,(anonymous_19)
FN:280,(anonymous_20)
FNF:21
FNH:0
FNDA:0,(anonymous_0)
FNDA:0,(anonymous_1)
FNDA:0,(anonymous_2)
FNDA:0,(anonymous_3)
FNDA:0,(anonymous_4)
FNDA:0,(anonymous_5)
FNDA:0,(anonymous_6)
FNDA:0,(anonymous_7)
FNDA:0,(anonymous_8)
FNDA:0,(anonymous_9)
FNDA:0,(anonymous_10)
FNDA:0,(anonymous_11)
FNDA:0,(anonymous_12)
FNDA:0,(anonymous_13)
FNDA:0,(anonymous_14)
FNDA:0,(anonymous_15)
FNDA:0,(anonymous_16)
FNDA:0,(anonymous_17)
FNDA:0,(anonymous_18)
FNDA:0,(anonymous_19)
FNDA:0,(anonymous_20)
DA:5,0
DA:16,0
DA:17,0
DA:19,0
DA:22,0
DA:26,0
DA:40,0
DA:41,0
DA:43,0
DA:45,0
DA:46,0
DA:47,0
DA:48,0
DA:49,0
DA:54,0
DA:57,0
DA:58,0
DA:59,0
DA:62,0
DA:63,0
DA:64,0
DA:71,0
DA:78,0
DA:86,0
DA:87,0
DA:94,0
DA:101,0
DA:102,0
DA:103,0
DA:105,0
DA:115,0
DA:116,0
DA:117,0
DA:123,0
DA:137,0
DA:138,0
DA:141,0
DA:142,0
DA:143,0
DA:144,0
DA:145,0
DA:158,0
DA:170,0
DA:171,0
DA:172,0
DA:179,0
DA:180,0
DA:187,0
DA:198,0
DA:199,0
DA:202,0
DA:203,0
DA:204,0
DA:205,0
DA:206,0
DA:210,0
DA:211,0
DA:219,0
DA:220,0
DA:221,0
DA:222,0
DA:229,0
DA:231,0
DA:233,0
DA:234,0
DA:235,0
DA:236,0
DA:238,0
DA:242,0
DA:243,0
DA:248,0
DA:249,0
DA:254,0
DA:255,0
DA:257,0
DA:258,0
DA:259,0
DA:260,0
DA:261,0
DA:265,0
DA:266,0
DA:268,0
DA:269,0
DA:270,0
DA:271,0
DA:272,0
DA:281,0
DA:283,0
DA:285,0
DA:292,0
DA:293,0
DA:299,0
DA:305,0
DA:311,0
DA:317,0
DA:318,0
DA:324,0
DA:325,0
DA:331,0
LF:99
LH:0
BRDA:48,0,0,0
BRDA:48,1,0,0
BRDA:48,1,1,0
BRDA:62,2,0,0
BRDA:62,2,1,0
BRDA:62,3,0,0
BRDA:62,3,1,0
BRDA:74,4,0,0
BRDA:74,4,1,0
BRDA:81,5,0,0
BRDA:81,5,1,0
BRDA:102,6,0,0
BRDA:105,7,0,0
BRDA:105,7,1,0
BRDA:116,8,0,0
BRDA:116,8,1,0
BRDA:125,9,0,0
BRDA:125,9,1,0
BRDA:126,10,0,0
BRDA:126,10,1,0
BRDA:137,11,0,0
BRDA:143,12,0,0
BRDA:168,13,0,0
BRDA:171,14,0,0
BRDA:171,14,1,0
BRDA:179,15,0,0
BRDA:196,16,0,0
BRDA:199,17,0,0
BRDA:199,17,1,0
BRDA:202,18,0,0
BRDA:202,18,1,0
BRDA:204,19,0,0
BRDA:205,20,0,0
BRDA:205,20,1,0
BRDA:214,21,0,0
BRDA:214,21,1,0
BRDA:235,22,0,0
BRDA:242,23,0,0
BRDA:248,24,0,0
BRDA:254,25,0,0
BRDA:265,26,0,0
BRDA:281,27,0,0
BRDA:281,27,1,0
BRDA:283,28,0,0
BRDA:283,28,1,0
BRDA:283,28,2,0
BRDA:283,28,3,0
BRDA:283,28,4,0
BRDA:283,28,5,0
BRDA:292,29,0,0
BRDA:317,30,0,0
BRDA:324,31,0,0
BRDA:333,32,0,0
BRDA:333,32,1,0
BRF:54
BRH:0
end_of_record
TN:
SF:src/services/BaseArchiveService2.ts
FN:28,(anonymous_0)
FN:34,(anonymous_1)
FN:46,(anonymous_2)
FN:50,(anonymous_3)
FN:70,(anonymous_4)
FN:92,(anonymous_5)
FN:95,(anonymous_6)
FN:96,(anonymous_7)
FN:99,(anonymous_8)
FN:137,(anonymous_9)
FN:145,(anonymous_10)
FN:156,(anonymous_11)
FN:163,(anonymous_12)
FN:172,(anonymous_13)
FN:182,(anonymous_14)
FN:189,(anonymous_15)
FNF:16
FNH:0
FNDA:0,(anonymous_0)
FNDA:0,(anonymous_1)
FNDA:0,(anonymous_2)
FNDA:0,(anonymous_3)
FNDA:0,(anonymous_4)
FNDA:0,(anonymous_5)
FNDA:0,(anonymous_6)
FNDA:0,(anonymous_7)
FNDA:0,(anonymous_8)
FNDA:0,(anonymous_9)
FNDA:0,(anonymous_10)
FNDA:0,(anonymous_11)
FNDA:0,(anonymous_12)
FNDA:0,(anonymous_13)
FNDA:0,(anonymous_14)
FNDA:0,(anonymous_15)
DA:13,0
DA:14,0
DA:15,0
DA:16,0
DA:22,0
DA:28,0
DA:29,0
DA:30,0
DA:31,0
DA:36,0
DA:37,0
DA:40,0
DA:47,0
DA:51,0
DA:71,0
DA:73,0
DA:75,0
DA:76,0
DA:77,0
DA:78,0
DA:79,0
DA:84,0
DA:87,0
DA:90,0
DA:94,0
DA:95,0
DA:96,0
DA:99,0
DA:107,0
DA:108,0
DA:115,0
DA:122,0
DA:130,0
DA:131,0
DA:138,0
DA:146,0
DA:147,0
DA:148,0
DA:150,0
DA:157,0
DA:164,0
DA:173,0
DA:183,0
DA:190,0
LF:44
LH:0
BRDA:37,0,0,0
BRDA:37,0,1,0
BRDA:78,1,0,0
BRDA:107,2,0,0
BRDA:107,2,1,0
BRDA:107,3,0,0
BRDA:107,3,1,0
BRDA:118,4,0,0
BRDA:118,4,1,0
BRDA:125,5,0,0
BRDA:125,5,1,0
BRDA:147,6,0,0
BRDA:150,7,0,0
BRDA:150,7,1,0
BRF:14
BRH:0
end_of_record
TN:
SF:src/services/InternetArchiveService.ts
FN:14,(anonymous_0)
FN:30,(anonymous_1)
FN:34,(anonymous_2)
FN:113,(anonymous_3)
FN:138,(anonymous_4)
FN:139,(anonymous_5)
FN:142,(anonymous_6)
FNF:7
FNH:0
FNDA:0,(anonymous_0)
FNDA:0,(anonymous_1)
FNDA:0,(anonymous_2)
FNDA:0,(anonymous_3)
FNDA:0,(anonymous_4)
FNDA:0,(anonymous_5)
FNDA:0,(anonymous_6)
DA:5,0
DA:6,0
DA:7,0
DA:9,0
DA:15,0
DA:27,0
DA:31,0
DA:36,0
DA:38,0
DA:39,0
DA:40,0
DA:43,0
DA:44,0
DA:45,0
DA:46,0
DA:49,0
DA:50,0
DA:52,0
DA:59,0
DA:60,0
DA:61,0
DA:71,0
DA:75,0
DA:76,0
DA:79,0
DA:80,0
DA:85,0
DA:89,0
DA:90,0
DA:96,0
DA:100,0
DA:101,0
DA:107,0
DA:115,0
DA:116,0
DA:117,0
DA:118,0
DA:119,0
DA:120,0
DA:121,0
DA:122,0
DA:128,0
DA:129,0
DA:130,0
DA:131,0
DA:135,0
DA:139,0
DA:143,0
DA:144,0
DA:145,0
LF:50
LH:0
BRDA:44,0,0,0
BRDA:60,1,0,0
BRDA:60,1,1,0
BRDA:79,2,0,0
BRDA:79,2,1,0
BRDA:80,3,0,0
BRDA:81,4,0,0
BRDA:81,4,1,0
BRDA:81,4,2,0
BRDA:89,5,0,0
BRDA:96,6,0,0
BRDA:96,6,1,0
BRDA:100,7,0,0
BRDA:116,8,0,0
BRDA:118,9,0,0
BRDA:118,10,0,0
BRDA:118,10,1,0
BRDA:121,11,0,0
BRDA:128,12,0,0
BRDA:130,13,0,0
BRF:20
BRH:0
end_of_record
TN:
SF:src/services/PermaCCService.ts
FN:24,(anonymous_0)
FN:42,(anonymous_1)
FN:46,(anonymous_2)
FN:51,(anonymous_3)
FN:122,(anonymous_4)
FN:141,(anonymous_5)
FN:170,(anonymous_6)
FN:198,(anonymous_7)
FNF:8
FNH:0
FNDA:0,(anonymous_0)
FNDA:0,(anonymous_1)
FNDA:0,(anonymous_2)
FNDA:0,(anonymous_3)
FNDA:0,(anonymous_4)
FNDA:0,(anonymous_5)
FNDA:0,(anonymous_6)
FNDA:0,(anonymous_7)
DA:1,0
DA:3,0
DA:19,0
DA:20,0
DA:21,0
DA:22,0
DA:25,0
DA:39,0
DA:43,0
DA:47,0
DA:48,0
DA:52,0
DA:53,0
DA:59,0
DA:60,0
DA:62,0
DA:64,0
DA:65,0
DA:66,0
DA:69,0
DA:82,0
DA:83,0
DA:89,0
DA:91,0
DA:92,0
DA:98,0
DA:100,0
DA:115,0
DA:123,0
DA:124,0
DA:127,0
DA:128,0
DA:131,0
DA:132,0
DA:135,0
DA:137,0
DA:142,0
DA:143,0
DA:146,0
DA:148,0
DA:159,0
DA:161,0
DA:164,0
DA:166,0
DA:171,0
DA:172,0
DA:175,0
DA:176,0
DA:187,0
DA:188,0
DA:189,0
DA:192,0
DA:195,0
DA:199,0
DA:200,0
DA:211,0
DA:213,0
LF:57
LH:0
BRDA:47,0,0,0
BRDA:47,0,1,0
BRDA:48,1,0,0
BRDA:48,1,1,0
BRDA:52,2,0,0
BRDA:65,3,0,0
BRDA:82,4,0,0
BRDA:91,5,0,0
BRDA:105,6,0,0
BRDA:105,6,1,0
BRDA:117,7,0,0
BRDA:117,7,1,0
BRDA:127,8,0,0
BRDA:131,9,0,0
BRDA:135,10,0,0
BRDA:135,10,1,0
BRDA:135,10,2,0
BRDA:135,10,3,0
BRDA:137,11,0,0
BRDA:137,11,1,0
BRDA:142,12,0,0
BRDA:159,13,0,0
BRDA:171,14,0,0
BRDA:187,15,0,0
BRDA:189,16,0,0
BRDA:189,16,1,0
BRDA:211,17,0,0
BRDA:211,17,1,0
BRF:28
BRH:0
end_of_record
TN:
SF:src/services/ServiceRegistry.ts
FN:12,(anonymous_0)
FN:14,(anonymous_1)
FN:21,(anonymous_2)
FN:32,(anonymous_3)
FN:45,(anonymous_4)
FN:49,(anonymous_5)
FN:53,(anonymous_6)
FN:54,(anonymous_7)
FN:60,(anonymous_8)
FN:76,(anonymous_9)
FNF:10
FNH:0
FNDA:0,(anonymous_0)
FNDA:0,(anonymous_1)
FNDA:0,(anonymous_2)
FNDA:0,(anonymous_3)
FNDA:0,(anonymous_4)
FNDA:0,(anonymous_5)
FNDA:0,(anonymous_6)
FNDA:0,(anonymous_7)
FNDA:0,(anonymous_8)
FNDA:0,(anonymous_9)
DA:7,0
DA:9,0
DA:10,0
DA:15,0
DA:16,0
DA:18,0
DA:22,0
DA:23,0
DA:26,0
DA:27,0
DA:29,0
DA:33,0
DA:34,0
DA:37,0
DA:38,0
DA:41,0
DA:42,0
DA:46,0
DA:50,0
DA:54,0
DA:61,0
DA:63,0
DA:64,0
DA:65,0
DA:66,0
DA:69,0
DA:73,0
DA:77,0
DA:78,0
LF:29
LH:0
BRDA:15,0,0,0
BRDA:22,1,0,0
BRDA:33,2,0,0
BRDA:37,3,0,0
BRDA:65,4,0,0
BRF:5
BRH:0
end_of_record
TN:
SF:src/services/UKWebArchiveService.ts
FN:9,(anonymous_0)
FN:24,(anonymous_1)
FN:28,(anonymous_2)
FN:97,(anonymous_3)
FN:119,(anonymous_4)
FN:125,(anonymous_5)
FN:134,(anonymous_6)
FN:163,(anonymous_7)
FNF:8
FNH:0
FNDA:0,(anonymous_0)
FNDA:0,(anonymous_1)
FNDA:0,(anonymous_2)
FNDA:0,(anonymous_3)
FNDA:0,(anonymous_4)
FNDA:0,(anonymous_5)
FNDA:0,(anonymous_6)
FNDA:0,(anonymous_7)
DA:1,0
DA:3,0
DA:5,0
DA:6,0
DA:7,0
DA:10,0
DA:25,0
DA:29,0
DA:31,0
DA:32,0
DA:38,0
DA:40,0
DA:43,0
DA:55,0
DA:56,0
DA:63,0
DA:67,0
DA:69,0
DA:84,0
DA:90,0
DA:98,0
DA:99,0
DA:100,0
DA:103,0
DA:119,0
DA:121,0
DA:126,0
DA:127,0
DA:128,0
DA:129,0
DA:130,0
DA:131,0
DA:135,0
DA:137,0
DA:139,0
DA:144,0
DA:146,0
DA:151,0
DA:152,0
DA:153,0
DA:157,0
DA:160,0
DA:164,0
DA:166,0
DA:167,0
DA:171,0
DA:173,0
DA:174,0
DA:178,0
DA:181,0
LF:50
LH:0
BRDA:31,0,0,0
BRDA:55,1,0,0
BRDA:58,2,0,0
BRDA:58,2,1,0
BRDA:63,3,0,0
BRDA:63,4,0,0
BRDA:63,4,1,0
BRDA:71,5,0,0
BRDA:71,5,1,0
BRDA:76,6,0,0
BRDA:76,6,1,0
BRDA:77,7,0,0
BRDA:77,7,1,0
BRDA:92,8,0,0
BRDA:92,8,1,0
BRDA:144,9,0,0
BRDA:152,10,0,0
BRDA:166,11,0,0
BRDA:173,12,0,0
BRF:19
BRH:0
end_of_record
TN:
SF:src/services/ZoteroItemHandler.ts
FN:26,(anonymous_0)
FN:30,(anonymous_1)
FN:44,(anonymous_2)
FN:68,(anonymous_3)
FN:85,(anonymous_4)
FN:119,(anonymous_5)
FN:153,(anonymous_6)
FN:155,(anonymous_7)
FN:161,(anonymous_8)
FN:179,(anonymous_9)
FN:188,(anonymous_10)
FN:191,(anonymous_11)
FN:192,(anonymous_12)
FN:198,(anonymous_13)
FN:218,(anonymous_14)
FN:239,(anonymous_15)
FNF:16
FNH:0
FNDA:0,(anonymous_0)
FNDA:0,(anonymous_1)
FNDA:0,(anonymous_2)
FNDA:0,(anonymous_3)
FNDA:0,(anonymous_4)
FNDA:0,(anonymous_5)
FNDA:0,(anonymous_6)
FNDA:0,(anonymous_7)
FNDA:0,(anonymous_8)
FNDA:0,(anonymous_9)
FNDA:0,(anonymous_10)
FNDA:0,(anonymous_11)
FNDA:0,(anonymous_12)
FNDA:0,(anonymous_13)
FNDA:0,(anonymous_14)
FNDA:0,(anonymous_15)
DA:6,0
DA:20,0
DA:21,0
DA:27,0
DA:28,0
DA:29,0
DA:30,0
DA:32,0
DA:51,0
DA:54,0
DA:55,0
DA:59,0
DA:62,0
DA:73,0
DA:74,0
DA:76,0
DA:77,0
DA:78,0
DA:91,0
DA:92,0
DA:93,0
DA:95,0
DA:102,0
DA:110,0
DA:111,0
DA:112,0
DA:113,0
DA:126,0
DA:134,0
DA:135,0
DA:136,0
DA:137,0
DA:141,0
DA:147,0
DA:154,0
DA:155,0
DA:162,0
DA:165,0
DA:166,0
DA:168,0
DA:169,0
DA:170,0
DA:171,0
DA:176,0
DA:177,0
DA:178,0
DA:179,0
DA:182,0
DA:189,0
DA:190,0
DA:191,0
DA:192,0
DA:199,0
DA:200,0
DA:202,0
DA:203,0
DA:204,0
DA:205,0
DA:206,0
DA:207,0
DA:208,0
DA:212,0
DA:219,0
DA:227,0
DA:228,0
DA:229,0
DA:233,0
DA:240,0
DA:243,0
DA:246,0
DA:249,0
DA:250,0
DA:251,0
DA:253,0
LF:74
LH:0
BRDA:27,0,0,0
BRDA:27,0,1,0
BRDA:29,1,0,0
BRDA:29,1,1,0
BRDA:30,2,0,0
BRDA:30,2,1,0
BRDA:33,3,0,0
BRDA:33,3,1,0
BRDA:54,4,0,0
BRDA:73,5,0,0
BRDA:73,5,1,0
BRDA:76,6,0,0
BRDA:77,7,0,0
BRDA:77,7,1,0
BRDA:91,8,0,0
BRDA:91,8,1,0
BRDA:92,9,0,0
BRDA:92,9,1,0
BRDA:134,10,0,0
BRDA:154,11,0,0
BRDA:154,11,1,0
BRDA:165,12,0,0
BRDA:165,12,1,0
BRDA:170,13,0,0
BRDA:189,14,0,0
BRDA:189,14,1,0
BRDA:200,15,0,0
BRDA:204,16,0,0
BRDA:207,17,0,0
BRDA:228,18,0,0
BRDA:243,19,0,0
BRDA:246,20,0,0
BRDA:251,21,0,0
BRF:33
BRH:0
end_of_record
TN:
SF:src/services/types.ts
FN:65,(anonymous_0)
FN:77,(anonymous_1)
FNF:2
FNH:0
FNDA:0,(anonymous_0)
FNDA:0,(anonymous_1)
DA:65,0
DA:66,0
DA:67,0
DA:68,0
DA:69,0
DA:70,0
DA:71,0
DA:72,0
DA:73,0
DA:76,0
DA:78,0
DA:80,0
DA:81,0
DA:83,0
DA:84,0
LF:15
LH:0
BRDA:65,0,0,0
BRDA:65,0,1,0
BRF:2
BRH:0
end_of_record
TN:
SF:src/utils/Cache.ts
FN:44,(anonymous_0)
FN:49,(anonymous_1)
FN:59,(anonymous_2)
FN:87,(anonymous_3)
FN:107,(anonymous_4)
FN:122,(anonymous_5)
FN:127,(anonymous_6)
FN:136,(anonymous_7)
FN:147,(anonymous_8)
FN:161,(anonymous_9)
FN:168,(anonymous_10)
FN:175,(anonymous_11)
FN:185,(anonymous_12)
FN:192,(anonymous_13)
FN:193,(anonymous_14)
FN:200,(anonymous_15)
FN:211,(anonymous_16)
FN:212,(anonymous_17)
FN:220,(anonymous_18)
FN:243,(anonymous_19)
FN:250,(anonymous_20)
FN:269,(anonymous_21)
FN:273,(anonymous_22)
FN:291,(anonymous_23)
FN:299,(anonymous_24)
FN:307,(anonymous_25)
FN:314,(anonymous_26)
FN:323,memoize
FN:331,(anonymous_28)
FN:337,(anonymous_29)
FN:340,(anonymous_30)
FNF:31
FNH:22
FNDA:17,(anonymous_0)
FNDA:26,(anonymous_1)
FNDA:27,(anonymous_2)
FNDA:29,(anonymous_3)
FNDA:2,(anonymous_4)
FNDA:9,(anonymous_5)
FNDA:15,(anonymous_6)
FNDA:18,(anonymous_7)
FNDA:2,(anonymous_8)
FNDA:0,(anonymous_9)
FNDA:1,(anonymous_10)
FNDA:17,(anonymous_11)
FNDA:15,(anonymous_12)
FNDA:42,(anonymous_13)
FNDA:45,(anonymous_14)
FNDA:4,(anonymous_15)
FNDA:17,(anonymous_16)
FNDA:0,(anonymous_17)
FNDA:0,(anonymous_18)
FNDA:4,(anonymous_19)
FNDA:8,(anonymous_20)
FNDA:5,(anonymous_21)
FNDA:1,(anonymous_22)
FNDA:1,(anonymous_23)
FNDA:0,(anonymous_24)
FNDA:0,(anonymous_25)
FNDA:4,(anonymous_26)
FNDA:0,memoize
FNDA:0,(anonymous_28)
FNDA:0,(anonymous_29)
FNDA:0,(anonymous_30)
DA:32,1
DA:33,17
DA:34,17
DA:35,17
DA:45,17
DA:53,17
DA:60,27
DA:62,27
DA:63,13
DA:64,13
DA:68,14
DA:69,1
DA:70,1
DA:71,1
DA:75,13
DA:78,13
DA:79,13
DA:81,13
DA:89,29
DA:90,4
DA:93,29
DA:100,29
DA:101,29
DA:108,2
DA:109,2
DA:111,1
DA:112,0
DA:113,0
DA:116,1
DA:123,9
DA:124,9
DA:126,8
DA:127,15
DA:128,8
DA:130,8
DA:137,18
DA:138,21
DA:140,18
DA:141,18
DA:148,2
DA:149,2
DA:162,0
DA:169,1
DA:176,17
DA:177,17
DA:178,17
DA:186,15
DA:193,45
DA:194,42
DA:201,4
DA:203,4
DA:204,4
DA:205,4
DA:212,17
DA:213,0
DA:221,0
DA:222,0
DA:224,0
DA:225,0
DA:226,0
DA:230,0
DA:231,0
DA:239,1
DA:241,4
DA:244,4
DA:256,8
DA:257,8
DA:258,2
DA:262,6
DA:263,6
DA:264,0
DA:268,6
DA:270,5
DA:271,5
DA:274,1
DA:276,1
DA:277,1
DA:282,6
DA:283,6
DA:285,6
DA:292,1
DA:293,1
DA:300,0
DA:301,0
DA:308,0
DA:315,4
DA:316,4
DA:323,1
DA:329,0
DA:331,0
DA:336,0
DA:337,0
DA:338,0
DA:340,0
DA:341,0
DA:342,0
DA:345,0
DA:346,0
DA:347,0
DA:351,0
DA:354,0
DA:359,0
DA:362,0
LF:103
LH:73
BRDA:44,0,0,0
BRDA:46,1,0,17
BRDA:46,1,1,0
BRDA:47,2,0,17
BRDA:47,2,1,1
BRDA:48,3,0,17
BRDA:48,3,1,5
BRDA:49,4,0,17
BRDA:49,4,1,16
BRDA:62,5,0,13
BRDA:68,6,0,1
BRDA:89,7,0,4
BRDA:89,8,0,29
BRDA:89,8,1,29
BRDA:96,9,0,29
BRDA:96,9,1,28
BRDA:109,10,0,1
BRDA:111,11,0,0
BRDA:124,12,0,1
BRDA:154,13,0,1
BRDA:154,13,1,1
BRDA:177,14,0,17
BRDA:201,15,0,0
BRDA:225,16,0,0
BRDA:257,17,0,2
BRDA:263,18,0,0
BRDA:324,19,0,0
BRDA:337,20,0,0
BRDA:337,20,1,0
BRDA:338,21,0,0
BRDA:338,21,1,0
BRDA:346,22,0,0
BRDA:346,23,0,0
BRDA:346,23,1,0
BRF:34
BRH:20
end_of_record
TN:
SF:src/utils/CircuitBreaker.ts
FN:6,(anonymous_0)
FN:44,(anonymous_1)
FN:50,(anonymous_2)
FN:57,(anonymous_3)
FN:97,(anonymous_4)
FN:111,(anonymous_5)
FN:124,(anonymous_6)
FN:133,(anonymous_7)
FN:146,(anonymous_8)
FN:162,(anonymous_9)
FN:194,(anonymous_10)
FN:207,(anonymous_11)
FN:222,(anonymous_12)
FN:233,(anonymous_13)
FN:242,(anonymous_14)
FN:244,(anonymous_15)
FN:245,(anonymous_16)
FNF:17
FNH:17
FNDA:1,(anonymous_0)
FNDA:24,(anonymous_1)
FNDA:41,(anonymous_2)
FNDA:59,(anonymous_3)
FNDA:18,(anonymous_4)
FNDA:3,(anonymous_5)
FNDA:5,(anonymous_6)
FNDA:59,(anonymous_7)
FNDA:12,(anonymous_8)
FNDA:45,(anonymous_9)
FNDA:11,(anonymous_10)
FNDA:1,(anonymous_11)
FNDA:2,(anonymous_12)
FNDA:1,(anonymous_13)
FNDA:1,(anonymous_14)
FNDA:2,(anonymous_15)
FNDA:1,(anonymous_16)
DA:6,1
DA:7,1
DA:8,1
DA:9,1
DA:33,1
DA:34,24
DA:35,24
DA:36,24
DA:37,24
DA:39,24
DA:40,24
DA:45,24
DA:50,41
DA:62,59
DA:64,59
DA:65,2
DA:66,1
DA:68,1
DA:71,57
DA:72,6
DA:73,6
DA:75,0
DA:76,0
DA:78,0
DA:82,57
DA:84,57
DA:85,57
DA:86,12
DA:87,12
DA:89,45
DA:90,45
DA:98,18
DA:112,3
DA:113,3
DA:114,3
DA:115,3
DA:116,3
DA:117,3
DA:118,3
DA:125,5
DA:126,5
DA:127,5
DA:134,59
DA:135,6
DA:136,6
DA:137,4
DA:138,4
DA:147,12
DA:148,12
DA:150,12
DA:151,5
DA:152,2
DA:153,2
DA:154,2
DA:164,45
DA:165,2
DA:168,43
DA:169,43
DA:170,43
DA:172,43
DA:173,1
DA:174,1
DA:175,42
DA:180,8
DA:188,1
DA:189,6
DA:198,11
DA:199,10
DA:201,11
DA:215,1
DA:216,1
DA:223,2
DA:224,2
DA:225,4
DA:227,2
DA:234,1
DA:235,2
DA:243,1
DA:244,2
DA:245,1
LF:80
LH:77
BRDA:6,0,0,1
BRDA:6,0,1,1
BRDA:44,1,0,10
BRDA:46,2,0,24
BRDA:46,2,1,10
BRDA:47,3,0,24
BRDA:47,3,1,11
BRDA:48,4,0,24
BRDA:48,4,1,11
BRDA:49,5,0,24
BRDA:49,5,1,10
BRDA:50,6,0,24
BRDA:50,6,1,23
BRDA:64,7,0,2
BRDA:65,8,0,1
BRDA:71,9,0,6
BRDA:73,10,0,0
BRDA:75,11,0,0
BRDA:134,12,0,6
BRDA:134,13,0,59
BRDA:134,13,1,6
BRDA:136,14,0,4
BRDA:150,15,0,5
BRDA:151,16,0,2
BRDA:164,17,0,2
BRDA:172,18,0,1
BRDA:172,18,1,42
BRDA:175,19,0,8
BRDA:176,20,0,42
BRDA:176,20,1,42
BRDA:176,20,2,9
BRDA:198,21,0,10
BRF:32
BRH:30
end_of_record
TN:
SF:src/utils/HtmlUtils.ts
FN:10,(anonymous_0)
FN:22,(anonymous_1)
FN:28,(anonymous_2)
FN:39,(anonymous_3)
FN:50,(anonymous_4)
FN:58,(anonymous_5)
FN:68,(anonymous_6)
FN:85,(anonymous_7)
FN:93,(anonymous_8)
FN:103,(anonymous_9)
FN:110,(anonymous_10)
FN:118,(anonymous_11)
FN:131,(anonymous_12)
FN:136,(anonymous_13)
FN:137,(anonymous_14)
FN:139,(anonymous_15)
FNF:16
FNH:16
FNDA:22,(anonymous_0)
FNDA:36,(anonymous_1)
FNDA:3,(anonymous_2)
FNDA:3,(anonymous_3)
FNDA:4,(anonymous_4)
FNDA:10,(anonymous_5)
FNDA:2,(anonymous_6)
FNDA:3,(anonymous_7)
FNDA:3,(anonymous_8)
FNDA:2,(anonymous_9)
FNDA:6,(anonymous_10)
FNDA:1,(anonymous_11)
FNDA:4,(anonymous_12)
FNDA:1,(anonymous_13)
FNDA:7,(anonymous_14)
FNDA:2,(anonymous_15)
DA:6,1
DA:11,22
DA:13,19
DA:22,36
DA:29,3
DA:31,3
DA:32,3
DA:33,3
DA:40,3
DA:42,3
DA:43,3
DA:44,3
DA:55,4
DA:56,4
DA:58,10
DA:62,4
DA:74,2
DA:86,3
DA:87,3
DA:89,3
DA:90,3
DA:92,1
DA:93,1
DA:94,3
DA:97,1
DA:104,2
DA:105,2
DA:107,2
DA:110,2
DA:111,6
DA:112,6
DA:113,4
DA:118,2
DA:119,1
DA:120,1
DA:121,1
DA:125,2
DA:132,4
DA:133,4
DA:136,4
DA:137,4
DA:139,7
DA:140,2
DA:141,1
DA:146,7
DA:147,1
DA:151,4
LF:47
LH:47
BRDA:11,0,0,3
BRDA:29,1,0,0
BRDA:40,2,0,0
BRDA:44,3,0,3
BRDA:44,3,1,0
BRDA:44,3,2,0
BRDA:56,4,0,3
BRDA:56,4,1,1
BRDA:62,5,0,3
BRDA:62,5,1,1
BRDA:72,6,0,1
BRDA:90,7,0,2
BRDA:112,8,0,4
BRDA:112,9,0,6
BRDA:112,9,1,6
BRDA:120,10,0,1
BRDA:120,11,0,1
BRDA:120,11,1,1
BRDA:131,12,0,3
BRDA:140,13,0,1
BRDA:146,14,0,1
BRF:21
BRH:17
end_of_record
TN:
SF:src/utils/HttpClient.ts
FN:39,(anonymous_0)
FN:48,(anonymous_1)
FN:84,(anonymous_2)
FN:91,(anonymous_3)
FN:102,(anonymous_4)
FN:106,(anonymous_5)
FN:121,(anonymous_6)
FNF:7
FNH:7
FNDA:10,(anonymous_0)
FNDA:9,(anonymous_1)
FNDA:8,(anonymous_2)
FNDA:1,(anonymous_3)
FNDA:6,(anonymous_4)
FNDA:8,(anonymous_5)
FNDA:3,(anonymous_6)
DA:33,1
DA:34,10
DA:35,10
DA:40,10
DA:41,1
DA:58,9
DA:60,9
DA:61,9
DA:68,6
DA:70,6
DA:77,3
DA:85,8
DA:96,1
DA:103,6
DA:104,6
DA:106,4
DA:107,8
DA:108,8
DA:109,8
DA:110,8
DA:111,8
DA:115,4
DA:122,3
DA:123,3
DA:124,3
DA:125,3
DA:126,3
DA:129,3
DA:130,0
DA:131,3
DA:132,1
DA:133,2
DA:134,1
DA:137,3
LF:34
LH:33
BRDA:40,0,0,1
BRDA:50,1,0,0
BRDA:53,2,0,0
BRDA:54,3,0,8
BRDA:56,4,0,9
BRDA:57,5,0,8
BRDA:73,6,0,1
BRDA:73,6,1,5
BRDA:104,7,0,2
BRDA:108,8,0,8
BRDA:122,9,0,3
BRDA:122,9,1,0
BRDA:129,10,0,0
BRDA:129,10,1,3
BRDA:129,11,0,3
BRDA:129,11,1,1
BRDA:131,12,0,1
BRDA:131,12,1,2
BRDA:133,13,0,1
BRF:19
BRH:15
end_of_record
TN:
SF:src/utils/ProgressReporter.ts
FN:32,(anonymous_0)
FN:36,(anonymous_1)
FN:44,(anonymous_2)
FN:57,(anonymous_3)
FN:71,(anonymous_4)
FN:85,(anonymous_5)
FN:99,(anonymous_6)
FN:114,(anonymous_7)
FN:121,(anonymous_8)
FN:128,(anonymous_9)
FN:130,(anonymous_10)
FN:149,(anonymous_11)
FN:160,(anonymous_12)
FN:186,(anonymous_13)
FN:194,(anonymous_14)
FN:203,(anonymous_15)
FN:215,(anonymous_16)
FN:230,(anonymous_17)
FNF:18
FNH:0
FNDA:0,(anonymous_0)
FNDA:0,(anonymous_1)
FNDA:0,(anonymous_2)
FNDA:0,(anonymous_3)
FNDA:0,(anonymous_4)
FNDA:0,(anonymous_5)
FNDA:0,(anonymous_6)
FNDA:0,(anonymous_7)
FNDA:0,(anonymous_8)
FNDA:0,(anonymous_9)
FNDA:0,(anonymous_10)
FNDA:0,(anonymous_11)
FNDA:0,(anonymous_12)
FNDA:0,(anonymous_13)
FNDA:0,(anonymous_14)
FNDA:0,(anonymous_15)
FNDA:0,(anonymous_16)
FNDA:0,(anonymous_17)
DA:24,0
DA:25,0
DA:26,0
DA:27,0
DA:33,0
DA:36,0
DA:37,0
DA:45,0
DA:46,0
DA:47,0
DA:58,0
DA:60,0
DA:72,0
DA:74,0
DA:86,0
DA:88,0
DA:100,0
DA:102,0
DA:108,0
DA:115,0
DA:122,0
DA:129,0
DA:130,0
DA:131,0
DA:132,0
DA:134,0
DA:144,0
DA:145,0
DA:156,0
DA:157,0
DA:161,0
DA:163,0
DA:164,0
DA:167,0
DA:168,0
DA:171,0
DA:172,0
DA:175,0
DA:176,0
DA:179,0
DA:180,0
DA:182,0
DA:187,0
DA:190,0
DA:191,0
DA:195,0
DA:197,0
DA:204,0
DA:206,0
DA:209,0
DA:210,0
DA:211,0
DA:212,0
DA:216,0
DA:218,0
DA:221,0
DA:222,0
DA:223,0
DA:224,0
DA:226,0
DA:227,0
DA:231,0
DA:232,0
DA:233,0
LF:64
LH:0
BRDA:58,0,0,0
BRDA:72,1,0,0
BRDA:86,2,0,0
BRDA:100,3,0,0
BRDA:104,4,0,0
BRDA:104,4,1,0
BRDA:150,5,0,0
BRDA:156,6,0,0
BRDA:156,6,1,0
BRDA:157,7,0,0
BRDA:157,7,1,0
BRDA:161,8,0,0
BRDA:161,8,1,0
BRDA:161,8,2,0
BRDA:161,8,3,0
BRDA:161,8,4,0
BRDA:179,9,0,0
BRDA:195,10,0,0
BRDA:223,11,0,0
BRDA:231,12,0,0
BRF:20
BRH:0
end_of_record
TN:
SF:src/webapi/WebAPIClient.ts
FN:12,(anonymous_0)
FN:17,(anonymous_1)
FN:32,(anonymous_2)
FN:44,(anonymous_3)
FN:69,(anonymous_4)
FN:83,(anonymous_5)
FN:98,(anonymous_6)
FN:113,(anonymous_7)
FN:133,(anonymous_8)
FN:152,(anonymous_9)
FN:165,(anonymous_10)
FNF:11
FNH:0
FNDA:0,(anonymous_0)
FNDA:0,(anonymous_1)
FNDA:0,(anonymous_2)
FNDA:0,(anonymous_3)
FNDA:0,(anonymous_4)
FNDA:0,(anonymous_5)
FNDA:0,(anonymous_6)
FNDA:0,(anonymous_7)
FNDA:0,(anonymous_8)
FNDA:0,(anonymous_9)
FNDA:0,(anonymous_10)
DA:8,0
DA:9,0
DA:10,0
DA:12,0
DA:18,0
DA:22,0
DA:23,0
DA:26,0
DA:41,0
DA:43,0
DA:44,0
DA:45,0
DA:49,0
DA:59,0
DA:60,0
DA:63,0
DA:74,0
DA:88,0
DA:103,0
DA:120,0
DA:139,0
DA:159,0
DA:172,0
LF:23
LH:0
BRDA:19,0,0,0
BRDA:19,0,1,0
BRDA:22,1,0,0
BRDA:43,2,0,0
BRDA:55,3,0,0
BRDA:55,3,1,0
BRDA:59,4,0,0
BRF:7
BRH:0
end_of_record
